15:37:02.971 [schedule-pool-2] INFO  sys-user - [run,109] - [127.0.0.1]内网IP[admin][Success][登录成功]
15:49:47.586 [Thread-60] INFO  sys-user - [shutdownSpringSessionValidationScheduler,45] - ====关闭会话验证任务====
15:49:47.587 [Thread-60] INFO  sys-user - [shutdownAsyncManager,62] - ====关闭后台任务任务线程池====
15:49:47.587 [Thread-60] INFO  sys-user - [shutdownEhCacheManager,75] - ====关闭缓存====
15:50:36.284 [restartedMain] INFO  sys-user - [shutdownAsyncManager,62] - ====关闭后台任务任务线程池====
15:50:36.286 [restartedMain] INFO  sys-user - [shutdownEhCacheManager,75] - ====关闭缓存====
15:53:52.033 [restartedMain] INFO  sys-user - [shutdownAsyncManager,62] - ====关闭后台任务任务线程池====
15:53:52.052 [restartedMain] INFO  sys-user - [shutdownEhCacheManager,75] - ====关闭缓存====
15:55:45.569 [Thread-52] INFO  sys-user - [shutdownAsyncManager,62] - ====关闭后台任务任务线程池====
15:55:45.571 [Thread-52] INFO  sys-user - [shutdownEhCacheManager,75] - ====关闭缓存====
16:02:52.081 [Thread-49] INFO  sys-user - [shutdownAsyncManager,62] - ====关闭后台任务任务线程池====
16:02:52.083 [Thread-49] INFO  sys-user - [shutdownEhCacheManager,75] - ====关闭缓存====
16:09:36.129 [Thread-52] INFO  sys-user - [shutdownAsyncManager,62] - ====关闭后台任务任务线程池====
16:09:36.132 [Thread-52] INFO  sys-user - [shutdownEhCacheManager,75] - ====关闭缓存====
16:10:12.690 [schedule-pool-2] INFO  sys-user - [run,109] - [127.0.0.1]内网IP[admin][Success][登录成功]
16:13:05.229 [Thread-50] INFO  sys-user - [shutdownSpringSessionValidationScheduler,45] - ====关闭会话验证任务====
16:13:05.231 [Thread-50] INFO  sys-user - [shutdownAsyncManager,62] - ====关闭后台任务任务线程池====
16:13:05.231 [Thread-50] INFO  sys-user - [shutdownEhCacheManager,75] - ====关闭缓存====
16:33:43.302 [Thread-126] INFO  sys-user - [shutdownSpringSessionValidationScheduler,45] - ====关闭会话验证任务====
16:33:43.316 [Thread-126] INFO  sys-user - [shutdownAsyncManager,62] - ====关闭后台任务任务线程池====
16:33:43.317 [Thread-126] INFO  sys-user - [shutdownEhCacheManager,75] - ====关闭缓存====
16:52:40.451 [Thread-64] INFO  sys-user - [shutdownSpringSessionValidationScheduler,45] - ====关闭会话验证任务====
16:52:40.470 [Thread-64] INFO  sys-user - [shutdownAsyncManager,62] - ====关闭后台任务任务线程池====
16:52:40.471 [Thread-64] INFO  sys-user - [shutdownEhCacheManager,75] - ====关闭缓存====
17:32:24.379 [Thread-66] INFO  sys-user - [shutdownSpringSessionValidationScheduler,45] - ====关闭会话验证任务====
17:32:24.387 [Thread-66] INFO  sys-user - [shutdownAsyncManager,62] - ====关闭后台任务任务线程池====
17:32:24.387 [Thread-66] INFO  sys-user - [shutdownEhCacheManager,75] - ====关闭缓存====
18:41:16.536 [Thread-52] INFO  sys-user - [shutdownAsyncManager,62] - ====关闭后台任务任务线程池====
18:41:16.571 [Thread-52] INFO  sys-user - [shutdownEhCacheManager,75] - ====关闭缓存====
