00:07:17.845 [schedule-pool-3] INFO  c.r.f.s.w.s.OnlineWebSessionManager - [validateSessions,100] - invalidation sessions...
00:07:18.207 [schedule-pool-3] INFO  c.r.f.s.w.s.OnlineWebSessionManager - [validateSessions,159] - Finished invalidation session. [1] sessions were stopped.
00:17:17.853 [schedule-pool-1] INFO  c.r.f.s.w.s.OnlineWebSessionManager - [validateSessions,100] - invalidation sessions...
00:17:17.859 [schedule-pool-1] INFO  c.r.f.s.w.s.OnlineWebSessionManager - [validateSessions,159] - Finished invalidation session. No sessions were stopped.
00:27:17.858 [schedule-pool-5] INFO  c.r.f.s.w.s.OnlineWebSessionManager - [validateSessions,100] - invalidation sessions...
00:27:17.894 [schedule-pool-5] INFO  c.r.f.s.w.s.OnlineWebSessionManager - [validateSessions,159] - Finished invalidation session. No sessions were stopped.
00:37:17.848 [schedule-pool-4] INFO  c.r.f.s.w.s.OnlineWebSessionManager - [validateSessions,100] - invalidation sessions...
00:37:17.854 [schedule-pool-4] INFO  c.r.f.s.w.s.OnlineWebSessionManager - [validateSessions,159] - Finished invalidation session. No sessions were stopped.
00:47:17.845 [schedule-pool-6] INFO  c.r.f.s.w.s.OnlineWebSessionManager - [validateSessions,100] - invalidation sessions...
00:47:17.851 [schedule-pool-6] INFO  c.r.f.s.w.s.OnlineWebSessionManager - [validateSessions,159] - Finished invalidation session. No sessions were stopped.
00:57:17.849 [schedule-pool-2] INFO  c.r.f.s.w.s.OnlineWebSessionManager - [validateSessions,100] - invalidation sessions...
00:57:17.855 [schedule-pool-2] INFO  c.r.f.s.w.s.OnlineWebSessionManager - [validateSessions,159] - Finished invalidation session. No sessions were stopped.
01:07:17.847 [schedule-pool-7] INFO  c.r.f.s.w.s.OnlineWebSessionManager - [validateSessions,100] - invalidation sessions...
01:07:17.853 [schedule-pool-7] INFO  c.r.f.s.w.s.OnlineWebSessionManager - [validateSessions,159] - Finished invalidation session. No sessions were stopped.
01:17:17.856 [schedule-pool-3] INFO  c.r.f.s.w.s.OnlineWebSessionManager - [validateSessions,100] - invalidation sessions...
01:17:17.862 [schedule-pool-3] INFO  c.r.f.s.w.s.OnlineWebSessionManager - [validateSessions,159] - Finished invalidation session. No sessions were stopped.
01:27:17.854 [schedule-pool-8] INFO  c.r.f.s.w.s.OnlineWebSessionManager - [validateSessions,100] - invalidation sessions...
01:27:17.859 [schedule-pool-8] INFO  c.r.f.s.w.s.OnlineWebSessionManager - [validateSessions,159] - Finished invalidation session. No sessions were stopped.
01:37:17.858 [schedule-pool-1] INFO  c.r.f.s.w.s.OnlineWebSessionManager - [validateSessions,100] - invalidation sessions...
01:37:17.863 [schedule-pool-1] INFO  c.r.f.s.w.s.OnlineWebSessionManager - [validateSessions,159] - Finished invalidation session. No sessions were stopped.
01:47:19.483 [schedule-pool-9] INFO  c.r.f.s.w.s.OnlineWebSessionManager - [validateSessions,100] - invalidation sessions...
01:47:19.576 [schedule-pool-9] INFO  c.r.f.s.w.s.OnlineWebSessionManager - [validateSessions,159] - Finished invalidation session. No sessions were stopped.
01:57:19.486 [schedule-pool-5] INFO  c.r.f.s.w.s.OnlineWebSessionManager - [validateSessions,100] - invalidation sessions...
01:57:19.492 [schedule-pool-5] INFO  c.r.f.s.w.s.OnlineWebSessionManager - [validateSessions,159] - Finished invalidation session. No sessions were stopped.
02:07:19.483 [schedule-pool-10] INFO  c.r.f.s.w.s.OnlineWebSessionManager - [validateSessions,100] - invalidation sessions...
02:07:19.490 [schedule-pool-10] INFO  c.r.f.s.w.s.OnlineWebSessionManager - [validateSessions,159] - Finished invalidation session. No sessions were stopped.
02:17:19.482 [schedule-pool-4] INFO  c.r.f.s.w.s.OnlineWebSessionManager - [validateSessions,100] - invalidation sessions...
02:17:19.488 [schedule-pool-4] INFO  c.r.f.s.w.s.OnlineWebSessionManager - [validateSessions,159] - Finished invalidation session. No sessions were stopped.
22:26:33.381 [restartedMain] INFO  c.r.RuoYiApplication - [logStarting,50] - Starting RuoYiApplication on DESKTOP-FFK6TV4 with PID 10568 (D:\RuoYi\RuoYi-ES-master\RuoYi\ruoyi-admin\target\classes started by Admin in D:\RuoYi\RuoYi-ES-master)
22:26:33.411 [restartedMain] INFO  c.r.RuoYiApplication - [logStartupProfileInfo,679] - The following profiles are active: druid
22:26:41.878 [restartedMain] INFO  o.a.s.c.e.EhCacheManager - [getCache,158] - Cache with name 'com.ruoyi.framework.shiro.realm.UserRealm.authorizationCache' does not yet exist.  Creating now.
22:26:41.879 [restartedMain] INFO  o.a.s.c.e.EhCacheManager - [getCache,165] - Added EhCache named [com.ruoyi.framework.shiro.realm.UserRealm.authorizationCache]
22:26:43.217 [restartedMain] INFO  o.a.s.c.e.EhCacheManager - [getCache,169] - Using existing EHCache named [loginRecordCache]
22:26:44.564 [restartedMain] INFO  c.a.d.p.DruidDataSource - [init,991] - {dataSource-1} inited
22:26:44.804 [restartedMain] INFO  o.a.s.c.e.EhCacheManager - [getCache,169] - Using existing EHCache named [sys-config]
22:26:44.822 [restartedMain] INFO  o.a.s.c.e.EhCacheManager - [getCache,169] - Using existing EHCache named [sys-config]
22:26:44.823 [restartedMain] INFO  o.a.s.c.e.EhCacheManager - [getCache,169] - Using existing EHCache named [sys-config]
22:26:44.824 [restartedMain] INFO  o.a.s.c.e.EhCacheManager - [getCache,169] - Using existing EHCache named [sys-config]
22:26:44.996 [restartedMain] INFO  o.a.s.c.e.EhCacheManager - [getCache,169] - Using existing EHCache named [sys-userCache]
22:26:44.996 [restartedMain] INFO  o.a.s.c.e.EhCacheManager - [getCache,169] - Using existing EHCache named [sys-userCache]
22:26:45.744 [restartedMain] INFO  o.a.c.h.Http11NioProtocol - [log,173] - Initializing ProtocolHandler ["http-nio-8088"]
22:26:45.755 [restartedMain] INFO  o.a.c.c.StandardService - [log,173] - Starting service [Tomcat]
22:26:45.755 [restartedMain] INFO  o.a.c.c.StandardEngine - [log,173] - Starting Servlet Engine: Apache Tomcat/9.0.13
22:26:45.770 [restartedMain] INFO  o.a.c.c.AprLifecycleListener - [log,173] - The APR based Apache Tomcat Native library which allows optimal performance in production environments was not found on the java.library.path: [D:\Java\jdk_8.0.1310.11_64\bin;C:\Windows\Sun\Java\bin;C:\Windows\system32;C:\Windows;E:\Oracle\WINDOWS.X64_193000_db_home\bin;D:\VMware\VMware Workstation\bin\;D:\java\jdk_8.0.1310.11_64\bin;C:\ProgramData\Oracle\Java\javapath;C:\Windows\system32;C:\Windows;C:\Windows\System32\Wbem;C:\Windows\System32\WindowsPowerShell\v1.0\;C:\Windows\System32\OpenSSH\;D:\git\Git\cmd;D:\mysql-8.0.29-winx64\mysql-8.0.29-winx64\bin;D:\mysql-8.0.29-winx64\mysql-8.0.29-winx64;D:\JetBrains\IntelliJ IDEA 2021.3.2\plugins\maven\lib\maven3\bin;D:\nvm\nvm;D:\Program Files\nodejs;D:\git\Git\bin;C:\Program Files (x86)\Windows Kits\8.1\Windows Performance Toolkit\;D:\nvm\nvm\v16.14.2\node_modules\yarn\bin;D:\nvm\nvm\v16.14.2\node_modules\npm\bin;D:\nvm\nvm\v16.14.2;D:\Program Files\rabbitmq\rabbitmq_server-3.7.14\sbin;D:\Users\Admin\AppData\Local\Programs\Python\Python310\Scripts\;D:\Users\Admin\AppData\Local\Programs\Python\Python310\;C:\Users\Admin\.windows-build-tools\python27\;C:\Users\Admin\.windows-build-tools\python27\;C:\Users\Admin\AppData\Local\Microsoft\WindowsApps;node_global;D:\Users\Admin\AppData\Local\Programs\Microsoft VS Code\bin;D:\nvm\nvm;D:\nvm\nvm;D:\Program Files\nodejs;.]
22:26:45.971 [restartedMain] INFO  o.a.c.c.C.[.[.[/] - [log,173] - Initializing Spring embedded WebApplicationContext
22:26:46.668 [restartedMain] INFO  o.h.j.i.u.LogHelper - [logPersistenceUnitInformation,31] - HHH000204: Processing PersistenceUnitInfo [
	name: default
	...]
22:26:46.802 [restartedMain] INFO  o.hibernate.Version - [logVersion,46] - HHH000412: Hibernate Core {5.3.7.Final}
22:26:46.806 [restartedMain] INFO  o.h.cfg.Environment - [<clinit>,213] - HHH000206: hibernate.properties not found
22:26:47.165 [restartedMain] INFO  o.h.a.common.Version - [<clinit>,49] - HCANN000001: Hibernate Commons Annotations {5.0.4.Final}
22:26:47.655 [restartedMain] INFO  o.h.dialect.Dialect - [<init>,157] - HHH000400: Using dialect: org.hibernate.dialect.MySQL5Dialect
22:26:49.131 [restartedMain] INFO  o.a.s.c.e.EhCacheManager - [getCache,169] - Using existing EHCache named [sys-dict]
22:26:49.134 [restartedMain] INFO  o.a.s.c.e.EhCacheManager - [getCache,169] - Using existing EHCache named [sys-dict]
22:26:49.137 [restartedMain] INFO  o.a.s.c.e.EhCacheManager - [getCache,169] - Using existing EHCache named [sys-dict]
22:26:49.139 [restartedMain] INFO  o.a.s.c.e.EhCacheManager - [getCache,169] - Using existing EHCache named [sys-dict]
22:26:49.142 [restartedMain] INFO  o.a.s.c.e.EhCacheManager - [getCache,169] - Using existing EHCache named [sys-dict]
22:26:49.145 [restartedMain] INFO  o.a.s.c.e.EhCacheManager - [getCache,169] - Using existing EHCache named [sys-dict]
22:26:49.147 [restartedMain] INFO  o.a.s.c.e.EhCacheManager - [getCache,169] - Using existing EHCache named [sys-dict]
22:26:49.151 [restartedMain] INFO  o.a.s.c.e.EhCacheManager - [getCache,169] - Using existing EHCache named [sys-dict]
22:26:49.154 [restartedMain] INFO  o.a.s.c.e.EhCacheManager - [getCache,169] - Using existing EHCache named [sys-dict]
22:26:49.156 [restartedMain] INFO  o.a.s.c.e.EhCacheManager - [getCache,169] - Using existing EHCache named [sys-dict]
22:26:50.290 [restartedMain] INFO  o.e.p.PluginsService - [logPluginInfo,190] - no modules loaded
22:26:50.291 [restartedMain] INFO  o.e.p.PluginsService - [logPluginInfo,193] - loaded plugin [org.elasticsearch.index.reindex.ReindexPlugin]
22:26:50.291 [restartedMain] INFO  o.e.p.PluginsService - [logPluginInfo,193] - loaded plugin [org.elasticsearch.join.ParentJoinPlugin]
22:26:50.291 [restartedMain] INFO  o.e.p.PluginsService - [logPluginInfo,193] - loaded plugin [org.elasticsearch.percolator.PercolatorPlugin]
22:26:50.292 [restartedMain] INFO  o.e.p.PluginsService - [logPluginInfo,193] - loaded plugin [org.elasticsearch.script.mustache.MustachePlugin]
22:26:50.292 [restartedMain] INFO  o.e.p.PluginsService - [logPluginInfo,193] - loaded plugin [org.elasticsearch.transport.Netty4Plugin]
22:27:24.772 [restartedMain] INFO  s.d.s.w.PropertySourcedRequestMappingHandlerMapping - [initHandlerMethods,69] - Mapped URL path [/v2/api-docs] onto method [public org.springframework.http.ResponseEntity<springfox.documentation.spring.web.json.Json> springfox.documentation.swagger2.web.Swagger2Controller.getDocumentation(java.lang.String,javax.servlet.http.HttpServletRequest)]
22:27:26.807 [restartedMain] INFO  s.d.s.w.p.DocumentationPluginsBootstrapper - [start,160] - Context refreshed
22:27:26.831 [restartedMain] INFO  s.d.s.w.p.DocumentationPluginsBootstrapper - [start,163] - Found 1 custom documentation plugin(s)
22:27:26.877 [restartedMain] INFO  s.d.s.w.s.ApiListingReferenceScanner - [scan,41] - Scanning for api listing references
22:27:27.477 [restartedMain] INFO  o.a.c.h.Http11NioProtocol - [log,173] - Starting ProtocolHandler ["http-nio-8088"]
22:27:27.478 [restartedMain] INFO  o.a.t.u.n.NioSelectorPool - [log,173] - Using a shared selector for servlet write/read
22:27:27.515 [restartedMain] INFO  c.r.RuoYiApplication - [logStarted,59] - Started RuoYiApplication in 55.192 seconds (JVM running for 67.741)
22:27:57.294 [http-nio-8088-exec-1] INFO  o.a.c.c.C.[.[.[/] - [log,173] - Initializing Spring DispatcherServlet 'dispatcherServlet'
22:27:57.412 [http-nio-8088-exec-1] INFO  o.a.s.s.m.AbstractValidatingSessionManager - [enableSessionValidation,233] - Enabling session validation scheduler...
22:27:57.415 [http-nio-8088-exec-1] INFO  o.a.s.c.e.EhCacheManager - [getCache,169] - Using existing EHCache named [shiro-activeSessionCache]
22:27:58.419 [schedule-pool-1] INFO  c.r.f.s.w.s.OnlineWebSessionManager - [validateSessions,100] - invalidation sessions...
22:27:58.445 [schedule-pool-1] INFO  c.r.f.s.w.s.OnlineWebSessionManager - [validateSessions,159] - Finished invalidation session. No sessions were stopped.
22:27:59.053 [http-nio-8088-exec-2] INFO  o.a.s.c.e.EhCacheManager - [getCache,169] - Using existing EHCache named [sys-config]
22:28:01.126 [schedule-pool-2] INFO  sys-user - [run,109] - [127.0.0.1]内网IP[admin][Success][登录成功]
22:28:01.662 [http-nio-8088-exec-5] INFO  o.a.s.c.e.EhCacheManager - [getCache,169] - Using existing EHCache named [sys-config]
22:28:01.662 [http-nio-8088-exec-5] INFO  o.a.s.c.e.EhCacheManager - [getCache,169] - Using existing EHCache named [sys-config]
22:28:31.144 [SimpleAsyncTaskExecutor-1] INFO  c.r.m.l.ReceiveMsgListener - [getdelayMsg,101] - MQ接收消息时间:2022-11-16 22:28:31,消息内容:{"loginTime":1668608880965,"loginIp":"1.204.219.129","loginUserId":1,"params":{},"loginOperation":"用户登录"}
22:28:31.144 [SimpleAsyncTaskExecutor-1] INFO  c.r.m.l.ReceiveMsgListener - [getdelayMsg,102] - ------->这里实现登录通知...
22:37:58.422 [schedule-pool-1] INFO  c.r.f.s.w.s.OnlineWebSessionManager - [validateSessions,100] - invalidation sessions...
22:37:58.428 [schedule-pool-1] INFO  c.r.f.s.w.s.OnlineWebSessionManager - [validateSessions,159] - Finished invalidation session. No sessions were stopped.
22:47:58.415 [schedule-pool-2] INFO  c.r.f.s.w.s.OnlineWebSessionManager - [validateSessions,100] - invalidation sessions...
22:47:58.422 [schedule-pool-2] INFO  c.r.f.s.w.s.OnlineWebSessionManager - [validateSessions,159] - Finished invalidation session. No sessions were stopped.
22:51:46.891 [restartedMain] INFO  c.r.RuoYiApplication - [logStarting,50] - Starting RuoYiApplication on DESKTOP-FFK6TV4 with PID 8680 (D:\RuoYi\RuoYi-ES-master\RuoYi\ruoyi-admin\target\classes started by Admin in D:\RuoYi\RuoYi-ES-master)
22:51:46.896 [restartedMain] INFO  c.r.RuoYiApplication - [logStartupProfileInfo,679] - The following profiles are active: druid
22:51:51.074 [restartedMain] INFO  o.a.s.c.e.EhCacheManager - [getCache,158] - Cache with name 'com.ruoyi.framework.shiro.realm.UserRealm.authorizationCache' does not yet exist.  Creating now.
22:51:51.075 [restartedMain] INFO  o.a.s.c.e.EhCacheManager - [getCache,165] - Added EhCache named [com.ruoyi.framework.shiro.realm.UserRealm.authorizationCache]
22:51:51.981 [restartedMain] INFO  o.a.s.c.e.EhCacheManager - [getCache,169] - Using existing EHCache named [loginRecordCache]
22:51:52.901 [restartedMain] INFO  c.a.d.p.DruidDataSource - [init,991] - {dataSource-1} inited
22:51:53.103 [restartedMain] INFO  o.a.s.c.e.EhCacheManager - [getCache,169] - Using existing EHCache named [sys-config]
22:51:53.106 [restartedMain] INFO  o.a.s.c.e.EhCacheManager - [getCache,169] - Using existing EHCache named [sys-config]
22:51:53.106 [restartedMain] INFO  o.a.s.c.e.EhCacheManager - [getCache,169] - Using existing EHCache named [sys-config]
22:51:53.107 [restartedMain] INFO  o.a.s.c.e.EhCacheManager - [getCache,169] - Using existing EHCache named [sys-config]
22:51:53.246 [restartedMain] INFO  o.a.s.c.e.EhCacheManager - [getCache,169] - Using existing EHCache named [sys-userCache]
22:51:53.247 [restartedMain] INFO  o.a.s.c.e.EhCacheManager - [getCache,169] - Using existing EHCache named [sys-userCache]
22:51:53.812 [restartedMain] INFO  o.a.c.h.Http11NioProtocol - [log,173] - Initializing ProtocolHandler ["http-nio-8088"]
22:51:53.821 [restartedMain] INFO  o.a.c.c.StandardService - [log,173] - Starting service [Tomcat]
22:51:53.821 [restartedMain] INFO  o.a.c.c.StandardEngine - [log,173] - Starting Servlet Engine: Apache Tomcat/9.0.13
22:51:53.828 [restartedMain] INFO  o.a.c.c.AprLifecycleListener - [log,173] - The APR based Apache Tomcat Native library which allows optimal performance in production environments was not found on the java.library.path: [D:\Java\jdk_8.0.1310.11_64\bin;C:\Windows\Sun\Java\bin;C:\Windows\system32;C:\Windows;E:\Oracle\WINDOWS.X64_193000_db_home\bin;D:\VMware\VMware Workstation\bin\;D:\java\jdk_8.0.1310.11_64\bin;C:\ProgramData\Oracle\Java\javapath;C:\Windows\system32;C:\Windows;C:\Windows\System32\Wbem;C:\Windows\System32\WindowsPowerShell\v1.0\;C:\Windows\System32\OpenSSH\;D:\git\Git\cmd;D:\mysql-8.0.29-winx64\mysql-8.0.29-winx64\bin;D:\mysql-8.0.29-winx64\mysql-8.0.29-winx64;D:\JetBrains\IntelliJ IDEA 2021.3.2\plugins\maven\lib\maven3\bin;D:\nvm\nvm;D:\Program Files\nodejs;D:\git\Git\bin;C:\Program Files (x86)\Windows Kits\8.1\Windows Performance Toolkit\;D:\nvm\nvm\v16.14.2\node_modules\yarn\bin;D:\nvm\nvm\v16.14.2\node_modules\npm\bin;D:\nvm\nvm\v16.14.2;D:\Program Files\rabbitmq\rabbitmq_server-3.7.14\sbin;D:\Users\Admin\AppData\Local\Programs\Python\Python310\Scripts\;D:\Users\Admin\AppData\Local\Programs\Python\Python310\;C:\Users\Admin\.windows-build-tools\python27\;C:\Users\Admin\.windows-build-tools\python27\;C:\Users\Admin\AppData\Local\Microsoft\WindowsApps;node_global;D:\Users\Admin\AppData\Local\Programs\Microsoft VS Code\bin;D:\nvm\nvm;D:\nvm\nvm;D:\Program Files\nodejs;.]
22:51:54.044 [restartedMain] INFO  o.a.c.c.C.[.[.[/] - [log,173] - Initializing Spring embedded WebApplicationContext
22:51:54.456 [restartedMain] INFO  o.h.j.i.u.LogHelper - [logPersistenceUnitInformation,31] - HHH000204: Processing PersistenceUnitInfo [
	name: default
	...]
22:51:54.576 [restartedMain] INFO  o.hibernate.Version - [logVersion,46] - HHH000412: Hibernate Core {5.3.7.Final}
22:51:54.580 [restartedMain] INFO  o.h.cfg.Environment - [<clinit>,213] - HHH000206: hibernate.properties not found
22:51:54.808 [restartedMain] INFO  o.h.a.common.Version - [<clinit>,49] - HCANN000001: Hibernate Commons Annotations {5.0.4.Final}
22:51:55.133 [restartedMain] INFO  o.h.dialect.Dialect - [<init>,157] - HHH000400: Using dialect: org.hibernate.dialect.MySQL5Dialect
22:51:56.497 [restartedMain] INFO  o.a.s.c.e.EhCacheManager - [getCache,169] - Using existing EHCache named [sys-dict]
22:51:56.502 [restartedMain] INFO  o.a.s.c.e.EhCacheManager - [getCache,169] - Using existing EHCache named [sys-dict]
22:51:56.505 [restartedMain] INFO  o.a.s.c.e.EhCacheManager - [getCache,169] - Using existing EHCache named [sys-dict]
22:51:56.507 [restartedMain] INFO  o.a.s.c.e.EhCacheManager - [getCache,169] - Using existing EHCache named [sys-dict]
22:51:56.510 [restartedMain] INFO  o.a.s.c.e.EhCacheManager - [getCache,169] - Using existing EHCache named [sys-dict]
22:51:56.512 [restartedMain] INFO  o.a.s.c.e.EhCacheManager - [getCache,169] - Using existing EHCache named [sys-dict]
22:51:56.514 [restartedMain] INFO  o.a.s.c.e.EhCacheManager - [getCache,169] - Using existing EHCache named [sys-dict]
22:51:56.518 [restartedMain] INFO  o.a.s.c.e.EhCacheManager - [getCache,169] - Using existing EHCache named [sys-dict]
22:51:56.521 [restartedMain] INFO  o.a.s.c.e.EhCacheManager - [getCache,169] - Using existing EHCache named [sys-dict]
22:51:56.523 [restartedMain] INFO  o.a.s.c.e.EhCacheManager - [getCache,169] - Using existing EHCache named [sys-dict]
22:51:57.294 [restartedMain] INFO  o.e.p.PluginsService - [logPluginInfo,190] - no modules loaded
22:51:57.295 [restartedMain] INFO  o.e.p.PluginsService - [logPluginInfo,193] - loaded plugin [org.elasticsearch.index.reindex.ReindexPlugin]
22:51:57.295 [restartedMain] INFO  o.e.p.PluginsService - [logPluginInfo,193] - loaded plugin [org.elasticsearch.join.ParentJoinPlugin]
22:51:57.296 [restartedMain] INFO  o.e.p.PluginsService - [logPluginInfo,193] - loaded plugin [org.elasticsearch.percolator.PercolatorPlugin]
22:51:57.296 [restartedMain] INFO  o.e.p.PluginsService - [logPluginInfo,193] - loaded plugin [org.elasticsearch.script.mustache.MustachePlugin]
22:51:57.296 [restartedMain] INFO  o.e.p.PluginsService - [logPluginInfo,193] - loaded plugin [org.elasticsearch.transport.Netty4Plugin]
22:52:30.403 [restartedMain] INFO  s.d.s.w.PropertySourcedRequestMappingHandlerMapping - [initHandlerMethods,69] - Mapped URL path [/v2/api-docs] onto method [public org.springframework.http.ResponseEntity<springfox.documentation.spring.web.json.Json> springfox.documentation.swagger2.web.Swagger2Controller.getDocumentation(java.lang.String,javax.servlet.http.HttpServletRequest)]
22:52:31.940 [restartedMain] INFO  s.d.s.w.p.DocumentationPluginsBootstrapper - [start,160] - Context refreshed
22:52:31.954 [restartedMain] INFO  s.d.s.w.p.DocumentationPluginsBootstrapper - [start,163] - Found 1 custom documentation plugin(s)
22:52:31.997 [restartedMain] INFO  s.d.s.w.s.ApiListingReferenceScanner - [scan,41] - Scanning for api listing references
22:52:32.302 [restartedMain] INFO  o.a.c.h.Http11NioProtocol - [log,173] - Starting ProtocolHandler ["http-nio-8088"]
22:52:32.303 [restartedMain] INFO  o.a.t.u.n.NioSelectorPool - [log,173] - Using a shared selector for servlet write/read
22:52:32.325 [restartedMain] INFO  c.r.RuoYiApplication - [logStarted,59] - Started RuoYiApplication in 46.026 seconds (JVM running for 48.027)
22:52:48.151 [http-nio-8088-exec-1] INFO  o.a.c.c.C.[.[.[/] - [log,173] - Initializing Spring DispatcherServlet 'dispatcherServlet'
22:52:48.181 [http-nio-8088-exec-1] INFO  o.a.s.s.m.AbstractValidatingSessionManager - [enableSessionValidation,233] - Enabling session validation scheduler...
22:52:48.184 [http-nio-8088-exec-1] INFO  o.a.s.c.e.EhCacheManager - [getCache,169] - Using existing EHCache named [shiro-activeSessionCache]
22:52:48.720 [http-nio-8088-exec-2] INFO  o.a.s.c.e.EhCacheManager - [getCache,169] - Using existing EHCache named [sys-config]
22:52:49.188 [schedule-pool-1] INFO  c.r.f.s.w.s.OnlineWebSessionManager - [validateSessions,100] - invalidation sessions...
22:52:49.196 [schedule-pool-1] INFO  c.r.f.s.w.s.OnlineWebSessionManager - [validateSessions,159] - Finished invalidation session. No sessions were stopped.
22:52:50.339 [schedule-pool-2] INFO  sys-user - [run,109] - [127.0.0.1]内网IP[admin][Success][登录成功]
22:52:50.895 [http-nio-8088-exec-3] INFO  o.a.s.c.e.EhCacheManager - [getCache,169] - Using existing EHCache named [sys-config]
22:52:50.895 [http-nio-8088-exec-3] INFO  o.a.s.c.e.EhCacheManager - [getCache,169] - Using existing EHCache named [sys-config]
22:53:20.240 [SimpleAsyncTaskExecutor-1] INFO  c.r.m.l.ReceiveMsgListener - [getdelayMsg,101] - MQ接收消息时间:2022-11-16 22:53:20,消息内容:{"loginTime":1668610370155,"loginIp":"1.204.219.129","loginUserId":1,"params":{},"loginOperation":"用户登录"}
22:53:20.240 [SimpleAsyncTaskExecutor-1] INFO  c.r.m.l.ReceiveMsgListener - [getdelayMsg,102] - ------->这里实现登录通知...
