00:09:12.594 [schedule-pool-4] INFO  c.r.f.s.w.s.OnlineWebSessionManager - [validateSessions,100] - invalidation sessions...
00:09:12.605 [schedule-pool-4] INFO  c.r.f.s.w.s.OnlineWebSessionManager - [validateSessions,159] - Finished invalidation session. No sessions were stopped.
00:19:12.588 [schedule-pool-6] INFO  c.r.f.s.w.s.OnlineWebSessionManager - [validateSessions,100] - invalidation sessions...
00:19:12.593 [schedule-pool-6] INFO  c.r.f.s.w.s.OnlineWebSessionManager - [validateSessions,159] - Finished invalidation session. No sessions were stopped.
00:29:12.591 [schedule-pool-2] INFO  c.r.f.s.w.s.OnlineWebSessionManager - [validateSessions,100] - invalidation sessions...
00:29:12.597 [schedule-pool-2] INFO  c.r.f.s.w.s.OnlineWebSessionManager - [validateSessions,159] - Finished invalidation session. No sessions were stopped.
00:39:12.599 [schedule-pool-7] INFO  c.r.f.s.w.s.OnlineWebSessionManager - [validateSessions,100] - invalidation sessions...
00:39:12.605 [schedule-pool-7] INFO  c.r.f.s.w.s.OnlineWebSessionManager - [validateSessions,159] - Finished invalidation session. No sessions were stopped.
00:49:12.594 [schedule-pool-3] INFO  c.r.f.s.w.s.OnlineWebSessionManager - [validateSessions,100] - invalidation sessions...
00:49:12.599 [schedule-pool-3] INFO  c.r.f.s.w.s.OnlineWebSessionManager - [validateSessions,159] - Finished invalidation session. No sessions were stopped.
00:59:12.594 [schedule-pool-8] INFO  c.r.f.s.w.s.OnlineWebSessionManager - [validateSessions,100] - invalidation sessions...
00:59:12.601 [schedule-pool-8] INFO  c.r.f.s.w.s.OnlineWebSessionManager - [validateSessions,159] - Finished invalidation session. No sessions were stopped.
01:09:12.595 [schedule-pool-1] INFO  c.r.f.s.w.s.OnlineWebSessionManager - [validateSessions,100] - invalidation sessions...
01:09:12.602 [schedule-pool-1] INFO  c.r.f.s.w.s.OnlineWebSessionManager - [validateSessions,159] - Finished invalidation session. No sessions were stopped.
01:19:12.587 [schedule-pool-9] INFO  c.r.f.s.w.s.OnlineWebSessionManager - [validateSessions,100] - invalidation sessions...
01:19:12.594 [schedule-pool-9] INFO  c.r.f.s.w.s.OnlineWebSessionManager - [validateSessions,159] - Finished invalidation session. No sessions were stopped.
01:29:12.596 [schedule-pool-5] INFO  c.r.f.s.w.s.OnlineWebSessionManager - [validateSessions,100] - invalidation sessions...
01:29:12.603 [schedule-pool-5] INFO  c.r.f.s.w.s.OnlineWebSessionManager - [validateSessions,159] - Finished invalidation session. No sessions were stopped.
01:39:12.598 [schedule-pool-10] INFO  c.r.f.s.w.s.OnlineWebSessionManager - [validateSessions,100] - invalidation sessions...
01:39:12.604 [schedule-pool-10] INFO  c.r.f.s.w.s.OnlineWebSessionManager - [validateSessions,159] - Finished invalidation session. No sessions were stopped.
01:49:12.588 [schedule-pool-4] INFO  c.r.f.s.w.s.OnlineWebSessionManager - [validateSessions,100] - invalidation sessions...
01:49:12.594 [schedule-pool-4] INFO  c.r.f.s.w.s.OnlineWebSessionManager - [validateSessions,159] - Finished invalidation session. No sessions were stopped.
01:59:12.586 [schedule-pool-11] INFO  c.r.f.s.w.s.OnlineWebSessionManager - [validateSessions,100] - invalidation sessions...
01:59:12.592 [schedule-pool-11] INFO  c.r.f.s.w.s.OnlineWebSessionManager - [validateSessions,159] - Finished invalidation session. No sessions were stopped.
02:09:12.600 [schedule-pool-6] INFO  c.r.f.s.w.s.OnlineWebSessionManager - [validateSessions,100] - invalidation sessions...
02:09:12.606 [schedule-pool-6] INFO  c.r.f.s.w.s.OnlineWebSessionManager - [validateSessions,159] - Finished invalidation session. No sessions were stopped.
02:19:12.586 [schedule-pool-12] INFO  c.r.f.s.w.s.OnlineWebSessionManager - [validateSessions,100] - invalidation sessions...
02:19:12.592 [schedule-pool-12] INFO  c.r.f.s.w.s.OnlineWebSessionManager - [validateSessions,159] - Finished invalidation session. No sessions were stopped.
02:29:12.597 [schedule-pool-2] INFO  c.r.f.s.w.s.OnlineWebSessionManager - [validateSessions,100] - invalidation sessions...
02:29:12.603 [schedule-pool-2] INFO  c.r.f.s.w.s.OnlineWebSessionManager - [validateSessions,159] - Finished invalidation session. No sessions were stopped.
02:39:12.590 [schedule-pool-13] INFO  c.r.f.s.w.s.OnlineWebSessionManager - [validateSessions,100] - invalidation sessions...
02:39:12.596 [schedule-pool-13] INFO  c.r.f.s.w.s.OnlineWebSessionManager - [validateSessions,159] - Finished invalidation session. No sessions were stopped.
02:49:12.587 [schedule-pool-7] INFO  c.r.f.s.w.s.OnlineWebSessionManager - [validateSessions,100] - invalidation sessions...
02:49:12.592 [schedule-pool-7] INFO  c.r.f.s.w.s.OnlineWebSessionManager - [validateSessions,159] - Finished invalidation session. No sessions were stopped.
02:59:12.596 [schedule-pool-14] INFO  c.r.f.s.w.s.OnlineWebSessionManager - [validateSessions,100] - invalidation sessions...
02:59:12.601 [schedule-pool-14] INFO  c.r.f.s.w.s.OnlineWebSessionManager - [validateSessions,159] - Finished invalidation session. No sessions were stopped.
03:09:12.597 [schedule-pool-3] INFO  c.r.f.s.w.s.OnlineWebSessionManager - [validateSessions,100] - invalidation sessions...
03:09:12.602 [schedule-pool-3] INFO  c.r.f.s.w.s.OnlineWebSessionManager - [validateSessions,159] - Finished invalidation session. No sessions were stopped.
03:19:12.597 [schedule-pool-15] INFO  c.r.f.s.w.s.OnlineWebSessionManager - [validateSessions,100] - invalidation sessions...
03:19:12.604 [schedule-pool-15] INFO  c.r.f.s.w.s.OnlineWebSessionManager - [validateSessions,159] - Finished invalidation session. No sessions were stopped.
03:29:12.598 [schedule-pool-8] INFO  c.r.f.s.w.s.OnlineWebSessionManager - [validateSessions,100] - invalidation sessions...
03:29:12.604 [schedule-pool-8] INFO  c.r.f.s.w.s.OnlineWebSessionManager - [validateSessions,159] - Finished invalidation session. No sessions were stopped.
03:39:12.600 [schedule-pool-16] INFO  c.r.f.s.w.s.OnlineWebSessionManager - [validateSessions,100] - invalidation sessions...
03:39:12.605 [schedule-pool-16] INFO  c.r.f.s.w.s.OnlineWebSessionManager - [validateSessions,159] - Finished invalidation session. No sessions were stopped.
03:49:12.595 [schedule-pool-1] INFO  c.r.f.s.w.s.OnlineWebSessionManager - [validateSessions,100] - invalidation sessions...
03:49:12.600 [schedule-pool-1] INFO  c.r.f.s.w.s.OnlineWebSessionManager - [validateSessions,159] - Finished invalidation session. No sessions were stopped.
03:59:12.592 [schedule-pool-17] INFO  c.r.f.s.w.s.OnlineWebSessionManager - [validateSessions,100] - invalidation sessions...
03:59:12.598 [schedule-pool-17] INFO  c.r.f.s.w.s.OnlineWebSessionManager - [validateSessions,159] - Finished invalidation session. No sessions were stopped.
04:09:12.591 [schedule-pool-9] INFO  c.r.f.s.w.s.OnlineWebSessionManager - [validateSessions,100] - invalidation sessions...
04:09:12.597 [schedule-pool-9] INFO  c.r.f.s.w.s.OnlineWebSessionManager - [validateSessions,159] - Finished invalidation session. No sessions were stopped.
04:19:12.586 [schedule-pool-18] INFO  c.r.f.s.w.s.OnlineWebSessionManager - [validateSessions,100] - invalidation sessions...
04:19:12.592 [schedule-pool-18] INFO  c.r.f.s.w.s.OnlineWebSessionManager - [validateSessions,159] - Finished invalidation session. No sessions were stopped.
04:29:12.590 [schedule-pool-5] INFO  c.r.f.s.w.s.OnlineWebSessionManager - [validateSessions,100] - invalidation sessions...
04:29:12.595 [schedule-pool-5] INFO  c.r.f.s.w.s.OnlineWebSessionManager - [validateSessions,159] - Finished invalidation session. No sessions were stopped.
04:39:12.599 [schedule-pool-19] INFO  c.r.f.s.w.s.OnlineWebSessionManager - [validateSessions,100] - invalidation sessions...
04:39:12.604 [schedule-pool-19] INFO  c.r.f.s.w.s.OnlineWebSessionManager - [validateSessions,159] - Finished invalidation session. No sessions were stopped.
04:49:12.588 [schedule-pool-10] INFO  c.r.f.s.w.s.OnlineWebSessionManager - [validateSessions,100] - invalidation sessions...
04:49:12.594 [schedule-pool-10] INFO  c.r.f.s.w.s.OnlineWebSessionManager - [validateSessions,159] - Finished invalidation session. No sessions were stopped.
23:29:57.192 [restartedMain] INFO  c.r.RuoYiApplication - [logStarting,50] - Starting RuoYiApplication on DESKTOP-FFK6TV4 with PID 23244 (D:\RuoYi\RuoYi-ES-master\RuoYi\ruoyi-admin\target\classes started by Admin in D:\RuoYi\RuoYi-ES-master)
23:29:57.208 [restartedMain] INFO  c.r.RuoYiApplication - [logStartupProfileInfo,679] - The following profiles are active: druid
23:30:06.017 [restartedMain] INFO  o.a.s.c.e.EhCacheManager - [getCache,158] - Cache with name 'com.ruoyi.framework.shiro.realm.UserRealm.authorizationCache' does not yet exist.  Creating now.
23:30:06.018 [restartedMain] INFO  o.a.s.c.e.EhCacheManager - [getCache,165] - Added EhCache named [com.ruoyi.framework.shiro.realm.UserRealm.authorizationCache]
23:30:07.368 [restartedMain] INFO  o.a.s.c.e.EhCacheManager - [getCache,169] - Using existing EHCache named [loginRecordCache]
23:30:08.356 [restartedMain] INFO  c.a.d.p.DruidDataSource - [init,991] - {dataSource-1} inited
23:30:08.518 [restartedMain] INFO  o.a.s.c.e.EhCacheManager - [getCache,169] - Using existing EHCache named [sys-config]
23:30:08.542 [restartedMain] INFO  o.a.s.c.e.EhCacheManager - [getCache,169] - Using existing EHCache named [sys-config]
23:30:08.543 [restartedMain] INFO  o.a.s.c.e.EhCacheManager - [getCache,169] - Using existing EHCache named [sys-config]
23:30:08.543 [restartedMain] INFO  o.a.s.c.e.EhCacheManager - [getCache,169] - Using existing EHCache named [sys-config]
23:30:08.738 [restartedMain] INFO  o.a.s.c.e.EhCacheManager - [getCache,169] - Using existing EHCache named [sys-userCache]
23:30:08.738 [restartedMain] INFO  o.a.s.c.e.EhCacheManager - [getCache,169] - Using existing EHCache named [sys-userCache]
23:30:09.540 [restartedMain] INFO  o.a.c.h.Http11NioProtocol - [log,173] - Initializing ProtocolHandler ["http-nio-8088"]
23:30:09.549 [restartedMain] INFO  o.a.c.c.StandardService - [log,173] - Starting service [Tomcat]
23:30:09.550 [restartedMain] INFO  o.a.c.c.StandardEngine - [log,173] - Starting Servlet Engine: Apache Tomcat/9.0.13
23:30:09.556 [restartedMain] INFO  o.a.c.c.AprLifecycleListener - [log,173] - The APR based Apache Tomcat Native library which allows optimal performance in production environments was not found on the java.library.path: [D:\Java\jdk_8.0.1310.11_64\bin;C:\Windows\Sun\Java\bin;C:\Windows\system32;C:\Windows;E:\Oracle\WINDOWS.X64_193000_db_home\bin;D:\VMware\VMware Workstation\bin\;D:\java\jdk_8.0.1310.11_64\bin;C:\ProgramData\Oracle\Java\javapath;C:\Windows\system32;C:\Windows;C:\Windows\System32\Wbem;C:\Windows\System32\WindowsPowerShell\v1.0\;C:\Windows\System32\OpenSSH\;D:\git\Git\cmd;D:\mysql-8.0.29-winx64\mysql-8.0.29-winx64\bin;D:\mysql-8.0.29-winx64\mysql-8.0.29-winx64;D:\JetBrains\IntelliJ IDEA 2021.3.2\plugins\maven\lib\maven3\bin;D:\nvm\nvm;D:\Program Files\nodejs;D:\git\Git\bin;C:\Program Files (x86)\Windows Kits\8.1\Windows Performance Toolkit\;D:\nvm\nvm\v16.14.2\node_modules\yarn\bin;D:\nvm\nvm\v16.14.2\node_modules\npm\bin;D:\nvm\nvm\v16.14.2;D:\Program Files\rabbitmq\rabbitmq_server-3.7.14\sbin;D:\Users\Admin\AppData\Local\Programs\Python\Python310\Scripts\;D:\Users\Admin\AppData\Local\Programs\Python\Python310\;C:\Users\Admin\.windows-build-tools\python27\;C:\Users\Admin\.windows-build-tools\python27\;C:\Users\Admin\AppData\Local\Microsoft\WindowsApps;node_global;D:\Users\Admin\AppData\Local\Programs\Microsoft VS Code\bin;D:\nvm\nvm;D:\nvm\nvm;D:\Program Files\nodejs;.]
23:30:09.775 [restartedMain] INFO  o.a.c.c.C.[.[.[/] - [log,173] - Initializing Spring embedded WebApplicationContext
23:30:10.346 [restartedMain] INFO  o.h.j.i.u.LogHelper - [logPersistenceUnitInformation,31] - HHH000204: Processing PersistenceUnitInfo [
	name: default
	...]
23:30:10.663 [restartedMain] INFO  o.hibernate.Version - [logVersion,46] - HHH000412: Hibernate Core {5.3.7.Final}
23:30:10.668 [restartedMain] INFO  o.h.cfg.Environment - [<clinit>,213] - HHH000206: hibernate.properties not found
23:30:11.107 [restartedMain] INFO  o.h.a.common.Version - [<clinit>,49] - HCANN000001: Hibernate Commons Annotations {5.0.4.Final}
23:30:11.546 [restartedMain] INFO  o.h.dialect.Dialect - [<init>,157] - HHH000400: Using dialect: org.hibernate.dialect.MySQL5Dialect
23:30:13.189 [restartedMain] INFO  o.a.s.c.e.EhCacheManager - [getCache,169] - Using existing EHCache named [sys-dict]
23:30:13.192 [restartedMain] INFO  o.a.s.c.e.EhCacheManager - [getCache,169] - Using existing EHCache named [sys-dict]
23:30:13.196 [restartedMain] INFO  o.a.s.c.e.EhCacheManager - [getCache,169] - Using existing EHCache named [sys-dict]
23:30:13.199 [restartedMain] INFO  o.a.s.c.e.EhCacheManager - [getCache,169] - Using existing EHCache named [sys-dict]
23:30:13.202 [restartedMain] INFO  o.a.s.c.e.EhCacheManager - [getCache,169] - Using existing EHCache named [sys-dict]
23:30:13.205 [restartedMain] INFO  o.a.s.c.e.EhCacheManager - [getCache,169] - Using existing EHCache named [sys-dict]
23:30:13.208 [restartedMain] INFO  o.a.s.c.e.EhCacheManager - [getCache,169] - Using existing EHCache named [sys-dict]
23:30:13.213 [restartedMain] INFO  o.a.s.c.e.EhCacheManager - [getCache,169] - Using existing EHCache named [sys-dict]
23:30:13.218 [restartedMain] INFO  o.a.s.c.e.EhCacheManager - [getCache,169] - Using existing EHCache named [sys-dict]
23:30:13.221 [restartedMain] INFO  o.a.s.c.e.EhCacheManager - [getCache,169] - Using existing EHCache named [sys-dict]
23:30:14.425 [restartedMain] INFO  o.e.p.PluginsService - [logPluginInfo,190] - no modules loaded
23:30:14.426 [restartedMain] INFO  o.e.p.PluginsService - [logPluginInfo,193] - loaded plugin [org.elasticsearch.index.reindex.ReindexPlugin]
23:30:14.427 [restartedMain] INFO  o.e.p.PluginsService - [logPluginInfo,193] - loaded plugin [org.elasticsearch.join.ParentJoinPlugin]
23:30:14.427 [restartedMain] INFO  o.e.p.PluginsService - [logPluginInfo,193] - loaded plugin [org.elasticsearch.percolator.PercolatorPlugin]
23:30:14.427 [restartedMain] INFO  o.e.p.PluginsService - [logPluginInfo,193] - loaded plugin [org.elasticsearch.script.mustache.MustachePlugin]
23:30:14.428 [restartedMain] INFO  o.e.p.PluginsService - [logPluginInfo,193] - loaded plugin [org.elasticsearch.transport.Netty4Plugin]
23:30:50.301 [restartedMain] INFO  s.d.s.w.PropertySourcedRequestMappingHandlerMapping - [initHandlerMethods,69] - Mapped URL path [/v2/api-docs] onto method [public org.springframework.http.ResponseEntity<springfox.documentation.spring.web.json.Json> springfox.documentation.swagger2.web.Swagger2Controller.getDocumentation(java.lang.String,javax.servlet.http.HttpServletRequest)]
23:30:52.598 [restartedMain] INFO  s.d.s.w.p.DocumentationPluginsBootstrapper - [start,160] - Context refreshed
23:30:52.631 [restartedMain] INFO  s.d.s.w.p.DocumentationPluginsBootstrapper - [start,163] - Found 1 custom documentation plugin(s)
23:30:52.682 [restartedMain] INFO  s.d.s.w.s.ApiListingReferenceScanner - [scan,41] - Scanning for api listing references
23:30:53.186 [restartedMain] INFO  o.a.c.h.Http11NioProtocol - [log,173] - Starting ProtocolHandler ["http-nio-8088"]
23:30:53.187 [restartedMain] INFO  o.a.t.u.n.NioSelectorPool - [log,173] - Using a shared selector for servlet write/read
23:30:53.262 [restartedMain] INFO  c.r.RuoYiApplication - [logStarted,59] - Started RuoYiApplication in 57.204 seconds (JVM running for 61.427)
23:32:02.456 [restartedMain] INFO  c.r.RuoYiApplication - [logStarting,50] - Starting RuoYiApplication on DESKTOP-FFK6TV4 with PID 20492 (D:\RuoYi\RuoYi-ES-master\RuoYi\ruoyi-admin\target\classes started by Admin in D:\RuoYi\RuoYi-ES-master)
23:32:02.457 [restartedMain] INFO  c.r.RuoYiApplication - [logStartupProfileInfo,679] - The following profiles are active: druid
23:32:06.877 [restartedMain] INFO  o.a.s.c.e.EhCacheManager - [getCache,158] - Cache with name 'com.ruoyi.framework.shiro.realm.UserRealm.authorizationCache' does not yet exist.  Creating now.
23:32:06.878 [restartedMain] INFO  o.a.s.c.e.EhCacheManager - [getCache,165] - Added EhCache named [com.ruoyi.framework.shiro.realm.UserRealm.authorizationCache]
23:32:07.856 [restartedMain] INFO  o.a.s.c.e.EhCacheManager - [getCache,169] - Using existing EHCache named [loginRecordCache]
23:32:08.896 [restartedMain] INFO  c.a.d.p.DruidDataSource - [init,991] - {dataSource-1} inited
23:32:09.049 [restartedMain] INFO  o.a.s.c.e.EhCacheManager - [getCache,169] - Using existing EHCache named [sys-config]
23:32:09.053 [restartedMain] INFO  o.a.s.c.e.EhCacheManager - [getCache,169] - Using existing EHCache named [sys-config]
23:32:09.053 [restartedMain] INFO  o.a.s.c.e.EhCacheManager - [getCache,169] - Using existing EHCache named [sys-config]
23:32:09.054 [restartedMain] INFO  o.a.s.c.e.EhCacheManager - [getCache,169] - Using existing EHCache named [sys-config]
23:32:09.217 [restartedMain] INFO  o.a.s.c.e.EhCacheManager - [getCache,169] - Using existing EHCache named [sys-userCache]
23:32:09.218 [restartedMain] INFO  o.a.s.c.e.EhCacheManager - [getCache,169] - Using existing EHCache named [sys-userCache]
23:32:09.958 [restartedMain] INFO  o.a.c.h.Http11NioProtocol - [log,173] - Initializing ProtocolHandler ["http-nio-8088"]
23:32:09.968 [restartedMain] INFO  o.a.c.c.StandardService - [log,173] - Starting service [Tomcat]
23:32:09.968 [restartedMain] INFO  o.a.c.c.StandardEngine - [log,173] - Starting Servlet Engine: Apache Tomcat/9.0.13
23:32:09.975 [restartedMain] INFO  o.a.c.c.AprLifecycleListener - [log,173] - The APR based Apache Tomcat Native library which allows optimal performance in production environments was not found on the java.library.path: [D:\Java\jdk_8.0.1310.11_64\bin;C:\Windows\Sun\Java\bin;C:\Windows\system32;C:\Windows;E:\Oracle\WINDOWS.X64_193000_db_home\bin;D:\VMware\VMware Workstation\bin\;D:\java\jdk_8.0.1310.11_64\bin;C:\ProgramData\Oracle\Java\javapath;C:\Windows\system32;C:\Windows;C:\Windows\System32\Wbem;C:\Windows\System32\WindowsPowerShell\v1.0\;C:\Windows\System32\OpenSSH\;D:\git\Git\cmd;D:\mysql-8.0.29-winx64\mysql-8.0.29-winx64\bin;D:\mysql-8.0.29-winx64\mysql-8.0.29-winx64;D:\JetBrains\IntelliJ IDEA 2021.3.2\plugins\maven\lib\maven3\bin;D:\nvm\nvm;D:\Program Files\nodejs;D:\git\Git\bin;C:\Program Files (x86)\Windows Kits\8.1\Windows Performance Toolkit\;D:\nvm\nvm\v16.14.2\node_modules\yarn\bin;D:\nvm\nvm\v16.14.2\node_modules\npm\bin;D:\nvm\nvm\v16.14.2;D:\Program Files\rabbitmq\rabbitmq_server-3.7.14\sbin;D:\Users\Admin\AppData\Local\Programs\Python\Python310\Scripts\;D:\Users\Admin\AppData\Local\Programs\Python\Python310\;C:\Users\Admin\.windows-build-tools\python27\;C:\Users\Admin\.windows-build-tools\python27\;C:\Users\Admin\AppData\Local\Microsoft\WindowsApps;node_global;D:\Users\Admin\AppData\Local\Programs\Microsoft VS Code\bin;D:\nvm\nvm;D:\nvm\nvm;D:\Program Files\nodejs;.]
23:32:10.208 [restartedMain] INFO  o.a.c.c.C.[.[.[/] - [log,173] - Initializing Spring embedded WebApplicationContext
23:32:10.662 [restartedMain] INFO  o.h.j.i.u.LogHelper - [logPersistenceUnitInformation,31] - HHH000204: Processing PersistenceUnitInfo [
	name: default
	...]
23:32:10.766 [restartedMain] INFO  o.hibernate.Version - [logVersion,46] - HHH000412: Hibernate Core {5.3.7.Final}
23:32:10.772 [restartedMain] INFO  o.h.cfg.Environment - [<clinit>,213] - HHH000206: hibernate.properties not found
23:32:11.001 [restartedMain] INFO  o.h.a.common.Version - [<clinit>,49] - HCANN000001: Hibernate Commons Annotations {5.0.4.Final}
23:32:11.368 [restartedMain] INFO  o.h.dialect.Dialect - [<init>,157] - HHH000400: Using dialect: org.hibernate.dialect.MySQL5Dialect
23:32:12.757 [restartedMain] INFO  o.a.s.c.e.EhCacheManager - [getCache,169] - Using existing EHCache named [sys-dict]
23:32:12.760 [restartedMain] INFO  o.a.s.c.e.EhCacheManager - [getCache,169] - Using existing EHCache named [sys-dict]
23:32:12.763 [restartedMain] INFO  o.a.s.c.e.EhCacheManager - [getCache,169] - Using existing EHCache named [sys-dict]
23:32:12.766 [restartedMain] INFO  o.a.s.c.e.EhCacheManager - [getCache,169] - Using existing EHCache named [sys-dict]
23:32:12.769 [restartedMain] INFO  o.a.s.c.e.EhCacheManager - [getCache,169] - Using existing EHCache named [sys-dict]
23:32:12.772 [restartedMain] INFO  o.a.s.c.e.EhCacheManager - [getCache,169] - Using existing EHCache named [sys-dict]
23:32:12.776 [restartedMain] INFO  o.a.s.c.e.EhCacheManager - [getCache,169] - Using existing EHCache named [sys-dict]
23:32:12.781 [restartedMain] INFO  o.a.s.c.e.EhCacheManager - [getCache,169] - Using existing EHCache named [sys-dict]
23:32:12.785 [restartedMain] INFO  o.a.s.c.e.EhCacheManager - [getCache,169] - Using existing EHCache named [sys-dict]
23:32:12.789 [restartedMain] INFO  o.a.s.c.e.EhCacheManager - [getCache,169] - Using existing EHCache named [sys-dict]
23:32:13.651 [restartedMain] INFO  o.e.p.PluginsService - [logPluginInfo,190] - no modules loaded
23:32:13.652 [restartedMain] INFO  o.e.p.PluginsService - [logPluginInfo,193] - loaded plugin [org.elasticsearch.index.reindex.ReindexPlugin]
23:32:13.653 [restartedMain] INFO  o.e.p.PluginsService - [logPluginInfo,193] - loaded plugin [org.elasticsearch.join.ParentJoinPlugin]
23:32:13.653 [restartedMain] INFO  o.e.p.PluginsService - [logPluginInfo,193] - loaded plugin [org.elasticsearch.percolator.PercolatorPlugin]
23:32:13.653 [restartedMain] INFO  o.e.p.PluginsService - [logPluginInfo,193] - loaded plugin [org.elasticsearch.script.mustache.MustachePlugin]
23:32:13.653 [restartedMain] INFO  o.e.p.PluginsService - [logPluginInfo,193] - loaded plugin [org.elasticsearch.transport.Netty4Plugin]
23:32:47.294 [restartedMain] INFO  s.d.s.w.PropertySourcedRequestMappingHandlerMapping - [initHandlerMethods,69] - Mapped URL path [/v2/api-docs] onto method [public org.springframework.http.ResponseEntity<springfox.documentation.spring.web.json.Json> springfox.documentation.swagger2.web.Swagger2Controller.getDocumentation(java.lang.String,javax.servlet.http.HttpServletRequest)]
23:32:49.095 [restartedMain] INFO  s.d.s.w.p.DocumentationPluginsBootstrapper - [start,160] - Context refreshed
23:32:49.110 [restartedMain] INFO  s.d.s.w.p.DocumentationPluginsBootstrapper - [start,163] - Found 1 custom documentation plugin(s)
23:32:49.151 [restartedMain] INFO  s.d.s.w.s.ApiListingReferenceScanner - [scan,41] - Scanning for api listing references
23:32:49.461 [restartedMain] INFO  o.a.c.h.Http11NioProtocol - [log,173] - Starting ProtocolHandler ["http-nio-8088"]
23:32:49.462 [restartedMain] INFO  o.a.t.u.n.NioSelectorPool - [log,173] - Using a shared selector for servlet write/read
23:32:49.486 [restartedMain] INFO  c.r.RuoYiApplication - [logStarted,59] - Started RuoYiApplication in 47.632 seconds (JVM running for 49.66)
23:32:56.336 [http-nio-8088-exec-1] INFO  o.a.c.c.C.[.[.[/] - [log,173] - Initializing Spring DispatcherServlet 'dispatcherServlet'
23:32:56.404 [http-nio-8088-exec-1] INFO  o.a.s.s.m.AbstractValidatingSessionManager - [enableSessionValidation,233] - Enabling session validation scheduler...
23:32:56.407 [http-nio-8088-exec-1] INFO  o.a.s.c.e.EhCacheManager - [getCache,169] - Using existing EHCache named [shiro-activeSessionCache]
23:32:57.273 [http-nio-8088-exec-3] INFO  o.a.s.c.e.EhCacheManager - [getCache,169] - Using existing EHCache named [sys-config]
23:32:57.414 [schedule-pool-1] INFO  c.r.f.s.w.s.OnlineWebSessionManager - [validateSessions,100] - invalidation sessions...
23:32:57.424 [schedule-pool-1] INFO  c.r.f.s.w.s.OnlineWebSessionManager - [validateSessions,159] - Finished invalidation session. No sessions were stopped.
23:32:59.163 [schedule-pool-2] INFO  sys-user - [run,109] - [127.0.0.1]内网IP[admin][Success][登录成功]
23:32:59.493 [http-nio-8088-exec-7] INFO  o.a.s.c.e.EhCacheManager - [getCache,169] - Using existing EHCache named [sys-config]
23:32:59.493 [http-nio-8088-exec-7] INFO  o.a.s.c.e.EhCacheManager - [getCache,169] - Using existing EHCache named [sys-config]
23:33:28.920 [SimpleAsyncTaskExecutor-1] INFO  c.r.m.l.ReceiveMsgListener - [getdelayMsg,101] - MQ接收消息时间:2022-11-02 23:33:28,消息内容:{"loginTime":1667403178835,"loginIp":"1.204.219.129","loginUserId":1,"params":{},"loginOperation":"用户登录"}
23:33:28.920 [SimpleAsyncTaskExecutor-1] INFO  c.r.m.l.ReceiveMsgListener - [getdelayMsg,102] - ------->这里实现登录通知...
23:35:59.314 [restartedMain] INFO  c.r.RuoYiApplication - [logStarting,50] - Starting RuoYiApplication on DESKTOP-FFK6TV4 with PID 21128 (D:\RuoYi\RuoYi-ES-master\RuoYi\ruoyi-admin\target\classes started by Admin in D:\RuoYi\RuoYi-ES-master)
23:35:59.318 [restartedMain] INFO  c.r.RuoYiApplication - [logStartupProfileInfo,679] - The following profiles are active: druid
23:36:03.808 [restartedMain] INFO  o.a.s.c.e.EhCacheManager - [getCache,158] - Cache with name 'com.ruoyi.framework.shiro.realm.UserRealm.authorizationCache' does not yet exist.  Creating now.
23:36:03.809 [restartedMain] INFO  o.a.s.c.e.EhCacheManager - [getCache,165] - Added EhCache named [com.ruoyi.framework.shiro.realm.UserRealm.authorizationCache]
23:36:04.753 [restartedMain] INFO  o.a.s.c.e.EhCacheManager - [getCache,169] - Using existing EHCache named [loginRecordCache]
23:36:05.477 [restartedMain] INFO  c.a.d.p.DruidDataSource - [init,991] - {dataSource-1} inited
23:36:05.683 [restartedMain] INFO  o.a.s.c.e.EhCacheManager - [getCache,169] - Using existing EHCache named [sys-config]
23:36:05.687 [restartedMain] INFO  o.a.s.c.e.EhCacheManager - [getCache,169] - Using existing EHCache named [sys-config]
23:36:05.688 [restartedMain] INFO  o.a.s.c.e.EhCacheManager - [getCache,169] - Using existing EHCache named [sys-config]
23:36:05.689 [restartedMain] INFO  o.a.s.c.e.EhCacheManager - [getCache,169] - Using existing EHCache named [sys-config]
23:36:05.831 [restartedMain] INFO  o.a.s.c.e.EhCacheManager - [getCache,169] - Using existing EHCache named [sys-userCache]
23:36:05.832 [restartedMain] INFO  o.a.s.c.e.EhCacheManager - [getCache,169] - Using existing EHCache named [sys-userCache]
23:36:06.398 [restartedMain] INFO  o.a.c.h.Http11NioProtocol - [log,173] - Initializing ProtocolHandler ["http-nio-8088"]
23:36:06.408 [restartedMain] INFO  o.a.c.c.StandardService - [log,173] - Starting service [Tomcat]
23:36:06.408 [restartedMain] INFO  o.a.c.c.StandardEngine - [log,173] - Starting Servlet Engine: Apache Tomcat/9.0.13
23:36:06.414 [restartedMain] INFO  o.a.c.c.AprLifecycleListener - [log,173] - The APR based Apache Tomcat Native library which allows optimal performance in production environments was not found on the java.library.path: [D:\Java\jdk_8.0.1310.11_64\bin;C:\Windows\Sun\Java\bin;C:\Windows\system32;C:\Windows;E:\Oracle\WINDOWS.X64_193000_db_home\bin;D:\VMware\VMware Workstation\bin\;D:\java\jdk_8.0.1310.11_64\bin;C:\ProgramData\Oracle\Java\javapath;C:\Windows\system32;C:\Windows;C:\Windows\System32\Wbem;C:\Windows\System32\WindowsPowerShell\v1.0\;C:\Windows\System32\OpenSSH\;D:\git\Git\cmd;D:\mysql-8.0.29-winx64\mysql-8.0.29-winx64\bin;D:\mysql-8.0.29-winx64\mysql-8.0.29-winx64;D:\JetBrains\IntelliJ IDEA 2021.3.2\plugins\maven\lib\maven3\bin;D:\nvm\nvm;D:\Program Files\nodejs;D:\git\Git\bin;C:\Program Files (x86)\Windows Kits\8.1\Windows Performance Toolkit\;D:\nvm\nvm\v16.14.2\node_modules\yarn\bin;D:\nvm\nvm\v16.14.2\node_modules\npm\bin;D:\nvm\nvm\v16.14.2;D:\Program Files\rabbitmq\rabbitmq_server-3.7.14\sbin;D:\Users\Admin\AppData\Local\Programs\Python\Python310\Scripts\;D:\Users\Admin\AppData\Local\Programs\Python\Python310\;C:\Users\Admin\.windows-build-tools\python27\;C:\Users\Admin\.windows-build-tools\python27\;C:\Users\Admin\AppData\Local\Microsoft\WindowsApps;node_global;D:\Users\Admin\AppData\Local\Programs\Microsoft VS Code\bin;D:\nvm\nvm;D:\nvm\nvm;D:\Program Files\nodejs;.]
23:36:06.634 [restartedMain] INFO  o.a.c.c.C.[.[.[/] - [log,173] - Initializing Spring embedded WebApplicationContext
23:36:07.177 [restartedMain] INFO  o.h.j.i.u.LogHelper - [logPersistenceUnitInformation,31] - HHH000204: Processing PersistenceUnitInfo [
	name: default
	...]
23:36:07.311 [restartedMain] INFO  o.hibernate.Version - [logVersion,46] - HHH000412: Hibernate Core {5.3.7.Final}
23:36:07.316 [restartedMain] INFO  o.h.cfg.Environment - [<clinit>,213] - HHH000206: hibernate.properties not found
23:36:07.548 [restartedMain] INFO  o.h.a.common.Version - [<clinit>,49] - HCANN000001: Hibernate Commons Annotations {5.0.4.Final}
23:36:07.886 [restartedMain] INFO  o.h.dialect.Dialect - [<init>,157] - HHH000400: Using dialect: org.hibernate.dialect.MySQL5Dialect
23:36:09.293 [restartedMain] INFO  o.a.s.c.e.EhCacheManager - [getCache,169] - Using existing EHCache named [sys-dict]
23:36:09.296 [restartedMain] INFO  o.a.s.c.e.EhCacheManager - [getCache,169] - Using existing EHCache named [sys-dict]
23:36:09.298 [restartedMain] INFO  o.a.s.c.e.EhCacheManager - [getCache,169] - Using existing EHCache named [sys-dict]
23:36:09.300 [restartedMain] INFO  o.a.s.c.e.EhCacheManager - [getCache,169] - Using existing EHCache named [sys-dict]
23:36:09.303 [restartedMain] INFO  o.a.s.c.e.EhCacheManager - [getCache,169] - Using existing EHCache named [sys-dict]
23:36:09.305 [restartedMain] INFO  o.a.s.c.e.EhCacheManager - [getCache,169] - Using existing EHCache named [sys-dict]
23:36:09.307 [restartedMain] INFO  o.a.s.c.e.EhCacheManager - [getCache,169] - Using existing EHCache named [sys-dict]
23:36:09.311 [restartedMain] INFO  o.a.s.c.e.EhCacheManager - [getCache,169] - Using existing EHCache named [sys-dict]
23:36:09.314 [restartedMain] INFO  o.a.s.c.e.EhCacheManager - [getCache,169] - Using existing EHCache named [sys-dict]
23:36:09.316 [restartedMain] INFO  o.a.s.c.e.EhCacheManager - [getCache,169] - Using existing EHCache named [sys-dict]
23:36:10.049 [restartedMain] INFO  o.e.p.PluginsService - [logPluginInfo,190] - no modules loaded
23:36:10.049 [restartedMain] INFO  o.e.p.PluginsService - [logPluginInfo,193] - loaded plugin [org.elasticsearch.index.reindex.ReindexPlugin]
23:36:10.049 [restartedMain] INFO  o.e.p.PluginsService - [logPluginInfo,193] - loaded plugin [org.elasticsearch.join.ParentJoinPlugin]
23:36:10.050 [restartedMain] INFO  o.e.p.PluginsService - [logPluginInfo,193] - loaded plugin [org.elasticsearch.percolator.PercolatorPlugin]
23:36:10.050 [restartedMain] INFO  o.e.p.PluginsService - [logPluginInfo,193] - loaded plugin [org.elasticsearch.script.mustache.MustachePlugin]
23:36:10.050 [restartedMain] INFO  o.e.p.PluginsService - [logPluginInfo,193] - loaded plugin [org.elasticsearch.transport.Netty4Plugin]
23:36:43.211 [restartedMain] INFO  s.d.s.w.PropertySourcedRequestMappingHandlerMapping - [initHandlerMethods,69] - Mapped URL path [/v2/api-docs] onto method [public org.springframework.http.ResponseEntity<springfox.documentation.spring.web.json.Json> springfox.documentation.swagger2.web.Swagger2Controller.getDocumentation(java.lang.String,javax.servlet.http.HttpServletRequest)]
23:36:44.761 [restartedMain] INFO  s.d.s.w.p.DocumentationPluginsBootstrapper - [start,160] - Context refreshed
23:36:44.775 [restartedMain] INFO  s.d.s.w.p.DocumentationPluginsBootstrapper - [start,163] - Found 1 custom documentation plugin(s)
23:36:44.818 [restartedMain] INFO  s.d.s.w.s.ApiListingReferenceScanner - [scan,41] - Scanning for api listing references
23:36:45.110 [restartedMain] INFO  o.a.c.h.Http11NioProtocol - [log,173] - Starting ProtocolHandler ["http-nio-8088"]
23:36:45.111 [restartedMain] INFO  o.a.t.u.n.NioSelectorPool - [log,173] - Using a shared selector for servlet write/read
23:36:45.134 [restartedMain] INFO  c.r.RuoYiApplication - [logStarted,59] - Started RuoYiApplication in 46.359 seconds (JVM running for 48.206)
23:36:49.143 [http-nio-8088-exec-1] INFO  o.a.c.c.C.[.[.[/] - [log,173] - Initializing Spring DispatcherServlet 'dispatcherServlet'
23:36:49.175 [http-nio-8088-exec-1] INFO  o.a.s.s.m.AbstractValidatingSessionManager - [enableSessionValidation,233] - Enabling session validation scheduler...
23:36:49.178 [http-nio-8088-exec-1] INFO  o.a.s.c.e.EhCacheManager - [getCache,169] - Using existing EHCache named [shiro-activeSessionCache]
23:36:49.610 [http-nio-8088-exec-4] INFO  o.a.s.c.e.EhCacheManager - [getCache,169] - Using existing EHCache named [sys-config]
23:36:50.183 [schedule-pool-1] INFO  c.r.f.s.w.s.OnlineWebSessionManager - [validateSessions,100] - invalidation sessions...
23:36:50.190 [schedule-pool-1] INFO  c.r.f.s.w.s.OnlineWebSessionManager - [validateSessions,159] - Finished invalidation session. No sessions were stopped.
23:36:51.652 [schedule-pool-2] INFO  sys-user - [run,109] - [127.0.0.1]内网IP[admin][Success][登录成功]
23:36:51.887 [http-nio-8088-exec-5] INFO  o.a.s.c.e.EhCacheManager - [getCache,169] - Using existing EHCache named [sys-config]
23:36:51.888 [http-nio-8088-exec-5] INFO  o.a.s.c.e.EhCacheManager - [getCache,169] - Using existing EHCache named [sys-config]
23:37:21.389 [SimpleAsyncTaskExecutor-1] INFO  c.r.m.l.ReceiveMsgListener - [getdelayMsg,101] - MQ接收消息时间:2022-11-02 23:37:21,消息内容:{"loginTime":1667403411328,"loginIp":"1.204.219.129","loginUserId":1,"params":{},"loginOperation":"用户登录"}
23:37:21.389 [SimpleAsyncTaskExecutor-1] INFO  c.r.m.l.ReceiveMsgListener - [getdelayMsg,102] - ------->这里实现登录通知...
23:46:50.180 [schedule-pool-1] INFO  c.r.f.s.w.s.OnlineWebSessionManager - [validateSessions,100] - invalidation sessions...
23:46:50.188 [schedule-pool-1] INFO  c.r.f.s.w.s.OnlineWebSessionManager - [validateSessions,159] - Finished invalidation session. No sessions were stopped.
23:51:22.405 [restartedMain] INFO  c.r.RuoYiApplication - [logStarting,50] - Starting RuoYiApplication on DESKTOP-FFK6TV4 with PID 7796 (D:\RuoYi\RuoYi-ES-master\RuoYi\ruoyi-admin\target\classes started by Admin in D:\RuoYi\RuoYi-ES-master)
23:51:22.410 [restartedMain] INFO  c.r.RuoYiApplication - [logStartupProfileInfo,679] - The following profiles are active: druid
23:51:26.234 [restartedMain] INFO  o.a.s.c.e.EhCacheManager - [getCache,158] - Cache with name 'com.ruoyi.framework.shiro.realm.UserRealm.authorizationCache' does not yet exist.  Creating now.
23:51:26.234 [restartedMain] INFO  o.a.s.c.e.EhCacheManager - [getCache,165] - Added EhCache named [com.ruoyi.framework.shiro.realm.UserRealm.authorizationCache]
23:51:27.141 [restartedMain] INFO  o.a.s.c.e.EhCacheManager - [getCache,169] - Using existing EHCache named [loginRecordCache]
23:51:27.876 [restartedMain] INFO  c.a.d.p.DruidDataSource - [init,991] - {dataSource-1} inited
23:51:28.003 [restartedMain] INFO  o.a.s.c.e.EhCacheManager - [getCache,169] - Using existing EHCache named [sys-config]
23:51:28.008 [restartedMain] INFO  o.a.s.c.e.EhCacheManager - [getCache,169] - Using existing EHCache named [sys-config]
23:51:28.008 [restartedMain] INFO  o.a.s.c.e.EhCacheManager - [getCache,169] - Using existing EHCache named [sys-config]
23:51:28.009 [restartedMain] INFO  o.a.s.c.e.EhCacheManager - [getCache,169] - Using existing EHCache named [sys-config]
23:51:28.148 [restartedMain] INFO  o.a.s.c.e.EhCacheManager - [getCache,169] - Using existing EHCache named [sys-userCache]
23:51:28.149 [restartedMain] INFO  o.a.s.c.e.EhCacheManager - [getCache,169] - Using existing EHCache named [sys-userCache]
23:51:28.712 [restartedMain] INFO  o.a.c.h.Http11NioProtocol - [log,173] - Initializing ProtocolHandler ["http-nio-8088"]
23:51:28.721 [restartedMain] INFO  o.a.c.c.StandardService - [log,173] - Starting service [Tomcat]
23:51:28.722 [restartedMain] INFO  o.a.c.c.StandardEngine - [log,173] - Starting Servlet Engine: Apache Tomcat/9.0.13
23:51:28.728 [restartedMain] INFO  o.a.c.c.AprLifecycleListener - [log,173] - The APR based Apache Tomcat Native library which allows optimal performance in production environments was not found on the java.library.path: [D:\Java\jdk_8.0.1310.11_64\bin;C:\Windows\Sun\Java\bin;C:\Windows\system32;C:\Windows;E:\Oracle\WINDOWS.X64_193000_db_home\bin;D:\VMware\VMware Workstation\bin\;D:\java\jdk_8.0.1310.11_64\bin;C:\ProgramData\Oracle\Java\javapath;C:\Windows\system32;C:\Windows;C:\Windows\System32\Wbem;C:\Windows\System32\WindowsPowerShell\v1.0\;C:\Windows\System32\OpenSSH\;D:\git\Git\cmd;D:\mysql-8.0.29-winx64\mysql-8.0.29-winx64\bin;D:\mysql-8.0.29-winx64\mysql-8.0.29-winx64;D:\JetBrains\IntelliJ IDEA 2021.3.2\plugins\maven\lib\maven3\bin;D:\nvm\nvm;D:\Program Files\nodejs;D:\git\Git\bin;C:\Program Files (x86)\Windows Kits\8.1\Windows Performance Toolkit\;D:\nvm\nvm\v16.14.2\node_modules\yarn\bin;D:\nvm\nvm\v16.14.2\node_modules\npm\bin;D:\nvm\nvm\v16.14.2;D:\Program Files\rabbitmq\rabbitmq_server-3.7.14\sbin;D:\Users\Admin\AppData\Local\Programs\Python\Python310\Scripts\;D:\Users\Admin\AppData\Local\Programs\Python\Python310\;C:\Users\Admin\.windows-build-tools\python27\;C:\Users\Admin\.windows-build-tools\python27\;C:\Users\Admin\AppData\Local\Microsoft\WindowsApps;node_global;D:\Users\Admin\AppData\Local\Programs\Microsoft VS Code\bin;D:\nvm\nvm;D:\nvm\nvm;D:\Program Files\nodejs;.]
23:51:28.941 [restartedMain] INFO  o.a.c.c.C.[.[.[/] - [log,173] - Initializing Spring embedded WebApplicationContext
23:51:29.349 [restartedMain] INFO  o.h.j.i.u.LogHelper - [logPersistenceUnitInformation,31] - HHH000204: Processing PersistenceUnitInfo [
	name: default
	...]
23:51:29.452 [restartedMain] INFO  o.hibernate.Version - [logVersion,46] - HHH000412: Hibernate Core {5.3.7.Final}
23:51:29.457 [restartedMain] INFO  o.h.cfg.Environment - [<clinit>,213] - HHH000206: hibernate.properties not found
23:51:29.696 [restartedMain] INFO  o.h.a.common.Version - [<clinit>,49] - HCANN000001: Hibernate Commons Annotations {5.0.4.Final}
23:51:30.027 [restartedMain] INFO  o.h.dialect.Dialect - [<init>,157] - HHH000400: Using dialect: org.hibernate.dialect.MySQL5Dialect
23:51:31.332 [restartedMain] INFO  o.a.s.c.e.EhCacheManager - [getCache,169] - Using existing EHCache named [sys-dict]
23:51:31.335 [restartedMain] INFO  o.a.s.c.e.EhCacheManager - [getCache,169] - Using existing EHCache named [sys-dict]
23:51:31.337 [restartedMain] INFO  o.a.s.c.e.EhCacheManager - [getCache,169] - Using existing EHCache named [sys-dict]
23:51:31.339 [restartedMain] INFO  o.a.s.c.e.EhCacheManager - [getCache,169] - Using existing EHCache named [sys-dict]
23:51:31.343 [restartedMain] INFO  o.a.s.c.e.EhCacheManager - [getCache,169] - Using existing EHCache named [sys-dict]
23:51:31.345 [restartedMain] INFO  o.a.s.c.e.EhCacheManager - [getCache,169] - Using existing EHCache named [sys-dict]
23:51:31.346 [restartedMain] INFO  o.a.s.c.e.EhCacheManager - [getCache,169] - Using existing EHCache named [sys-dict]
23:51:31.350 [restartedMain] INFO  o.a.s.c.e.EhCacheManager - [getCache,169] - Using existing EHCache named [sys-dict]
23:51:31.354 [restartedMain] INFO  o.a.s.c.e.EhCacheManager - [getCache,169] - Using existing EHCache named [sys-dict]
23:51:31.357 [restartedMain] INFO  o.a.s.c.e.EhCacheManager - [getCache,169] - Using existing EHCache named [sys-dict]
23:51:32.126 [restartedMain] INFO  o.e.p.PluginsService - [logPluginInfo,190] - no modules loaded
23:51:32.127 [restartedMain] INFO  o.e.p.PluginsService - [logPluginInfo,193] - loaded plugin [org.elasticsearch.index.reindex.ReindexPlugin]
23:51:32.127 [restartedMain] INFO  o.e.p.PluginsService - [logPluginInfo,193] - loaded plugin [org.elasticsearch.join.ParentJoinPlugin]
23:51:32.127 [restartedMain] INFO  o.e.p.PluginsService - [logPluginInfo,193] - loaded plugin [org.elasticsearch.percolator.PercolatorPlugin]
23:51:32.127 [restartedMain] INFO  o.e.p.PluginsService - [logPluginInfo,193] - loaded plugin [org.elasticsearch.script.mustache.MustachePlugin]
23:51:32.127 [restartedMain] INFO  o.e.p.PluginsService - [logPluginInfo,193] - loaded plugin [org.elasticsearch.transport.Netty4Plugin]
23:52:05.293 [restartedMain] INFO  s.d.s.w.PropertySourcedRequestMappingHandlerMapping - [initHandlerMethods,69] - Mapped URL path [/v2/api-docs] onto method [public org.springframework.http.ResponseEntity<springfox.documentation.spring.web.json.Json> springfox.documentation.swagger2.web.Swagger2Controller.getDocumentation(java.lang.String,javax.servlet.http.HttpServletRequest)]
23:52:06.838 [restartedMain] INFO  s.d.s.w.p.DocumentationPluginsBootstrapper - [start,160] - Context refreshed
23:52:06.852 [restartedMain] INFO  s.d.s.w.p.DocumentationPluginsBootstrapper - [start,163] - Found 1 custom documentation plugin(s)
23:52:06.896 [restartedMain] INFO  s.d.s.w.s.ApiListingReferenceScanner - [scan,41] - Scanning for api listing references
23:52:07.193 [restartedMain] INFO  o.a.c.h.Http11NioProtocol - [log,173] - Starting ProtocolHandler ["http-nio-8088"]
23:52:07.194 [restartedMain] INFO  o.a.t.u.n.NioSelectorPool - [log,173] - Using a shared selector for servlet write/read
23:52:07.216 [restartedMain] INFO  c.r.RuoYiApplication - [logStarted,59] - Started RuoYiApplication in 45.261 seconds (JVM running for 46.869)
23:52:13.321 [http-nio-8088-exec-1] INFO  o.a.c.c.C.[.[.[/] - [log,173] - Initializing Spring DispatcherServlet 'dispatcherServlet'
23:52:13.356 [http-nio-8088-exec-1] INFO  o.a.s.s.m.AbstractValidatingSessionManager - [enableSessionValidation,233] - Enabling session validation scheduler...
23:52:13.359 [http-nio-8088-exec-1] INFO  o.a.s.c.e.EhCacheManager - [getCache,169] - Using existing EHCache named [shiro-activeSessionCache]
23:52:13.780 [http-nio-8088-exec-2] INFO  o.a.s.c.e.EhCacheManager - [getCache,169] - Using existing EHCache named [sys-config]
23:52:14.370 [schedule-pool-1] INFO  c.r.f.s.w.s.OnlineWebSessionManager - [validateSessions,100] - invalidation sessions...
23:52:14.378 [schedule-pool-1] INFO  c.r.f.s.w.s.OnlineWebSessionManager - [validateSessions,159] - Finished invalidation session. No sessions were stopped.
23:52:15.459 [schedule-pool-2] INFO  sys-user - [run,109] - [127.0.0.1]内网IP[admin][Success][登录成功]
23:52:15.561 [http-nio-8088-exec-5] INFO  o.a.s.c.e.EhCacheManager - [getCache,169] - Using existing EHCache named [sys-config]
23:52:15.561 [http-nio-8088-exec-5] INFO  o.a.s.c.e.EhCacheManager - [getCache,169] - Using existing EHCache named [sys-config]
23:52:35.682 [restartedMain] INFO  c.r.RuoYiApplication - [logStarting,50] - Starting RuoYiApplication on DESKTOP-FFK6TV4 with PID 16884 (D:\RuoYi\RuoYi-ES-master\RuoYi\ruoyi-admin\target\classes started by Admin in D:\RuoYi\RuoYi-ES-master)
23:52:35.727 [restartedMain] INFO  c.r.RuoYiApplication - [logStartupProfileInfo,679] - The following profiles are active: druid
23:52:40.928 [restartedMain] INFO  o.a.s.c.e.EhCacheManager - [getCache,158] - Cache with name 'com.ruoyi.framework.shiro.realm.UserRealm.authorizationCache' does not yet exist.  Creating now.
23:52:40.929 [restartedMain] INFO  o.a.s.c.e.EhCacheManager - [getCache,165] - Added EhCache named [com.ruoyi.framework.shiro.realm.UserRealm.authorizationCache]
23:52:41.952 [restartedMain] INFO  o.a.s.c.e.EhCacheManager - [getCache,169] - Using existing EHCache named [loginRecordCache]
23:52:42.648 [restartedMain] INFO  c.a.d.p.DruidDataSource - [init,991] - {dataSource-1} inited
23:52:42.767 [restartedMain] INFO  o.a.s.c.e.EhCacheManager - [getCache,169] - Using existing EHCache named [sys-config]
23:52:42.772 [restartedMain] INFO  o.a.s.c.e.EhCacheManager - [getCache,169] - Using existing EHCache named [sys-config]
23:52:42.773 [restartedMain] INFO  o.a.s.c.e.EhCacheManager - [getCache,169] - Using existing EHCache named [sys-config]
23:52:42.774 [restartedMain] INFO  o.a.s.c.e.EhCacheManager - [getCache,169] - Using existing EHCache named [sys-config]
23:52:42.932 [restartedMain] INFO  o.a.s.c.e.EhCacheManager - [getCache,169] - Using existing EHCache named [sys-userCache]
23:52:42.933 [restartedMain] INFO  o.a.s.c.e.EhCacheManager - [getCache,169] - Using existing EHCache named [sys-userCache]
23:52:43.563 [restartedMain] INFO  o.a.c.h.Http11NioProtocol - [log,173] - Initializing ProtocolHandler ["http-nio-8088"]
23:52:43.573 [restartedMain] INFO  o.a.c.c.StandardService - [log,173] - Starting service [Tomcat]
23:52:43.574 [restartedMain] INFO  o.a.c.c.StandardEngine - [log,173] - Starting Servlet Engine: Apache Tomcat/9.0.13
23:52:43.581 [restartedMain] INFO  o.a.c.c.AprLifecycleListener - [log,173] - The APR based Apache Tomcat Native library which allows optimal performance in production environments was not found on the java.library.path: [D:\Java\jdk_8.0.1310.11_64\bin;C:\Windows\Sun\Java\bin;C:\Windows\system32;C:\Windows;E:\Oracle\WINDOWS.X64_193000_db_home\bin;D:\VMware\VMware Workstation\bin\;D:\java\jdk_8.0.1310.11_64\bin;C:\ProgramData\Oracle\Java\javapath;C:\Windows\system32;C:\Windows;C:\Windows\System32\Wbem;C:\Windows\System32\WindowsPowerShell\v1.0\;C:\Windows\System32\OpenSSH\;D:\git\Git\cmd;D:\mysql-8.0.29-winx64\mysql-8.0.29-winx64\bin;D:\mysql-8.0.29-winx64\mysql-8.0.29-winx64;D:\JetBrains\IntelliJ IDEA 2021.3.2\plugins\maven\lib\maven3\bin;D:\nvm\nvm;D:\Program Files\nodejs;D:\git\Git\bin;C:\Program Files (x86)\Windows Kits\8.1\Windows Performance Toolkit\;D:\nvm\nvm\v16.14.2\node_modules\yarn\bin;D:\nvm\nvm\v16.14.2\node_modules\npm\bin;D:\nvm\nvm\v16.14.2;D:\Program Files\rabbitmq\rabbitmq_server-3.7.14\sbin;D:\Users\Admin\AppData\Local\Programs\Python\Python310\Scripts\;D:\Users\Admin\AppData\Local\Programs\Python\Python310\;C:\Users\Admin\.windows-build-tools\python27\;C:\Users\Admin\.windows-build-tools\python27\;C:\Users\Admin\AppData\Local\Microsoft\WindowsApps;node_global;D:\Users\Admin\AppData\Local\Programs\Microsoft VS Code\bin;D:\nvm\nvm;D:\nvm\nvm;D:\Program Files\nodejs;.]
23:52:43.816 [restartedMain] INFO  o.a.c.c.C.[.[.[/] - [log,173] - Initializing Spring embedded WebApplicationContext
23:52:44.329 [restartedMain] INFO  o.h.j.i.u.LogHelper - [logPersistenceUnitInformation,31] - HHH000204: Processing PersistenceUnitInfo [
	name: default
	...]
23:52:44.443 [restartedMain] INFO  o.hibernate.Version - [logVersion,46] - HHH000412: Hibernate Core {5.3.7.Final}
23:52:44.449 [restartedMain] INFO  o.h.cfg.Environment - [<clinit>,213] - HHH000206: hibernate.properties not found
23:52:44.713 [restartedMain] INFO  o.h.a.common.Version - [<clinit>,49] - HCANN000001: Hibernate Commons Annotations {5.0.4.Final}
23:52:45.078 [restartedMain] INFO  o.h.dialect.Dialect - [<init>,157] - HHH000400: Using dialect: org.hibernate.dialect.MySQL5Dialect
23:52:46.512 [restartedMain] INFO  o.a.s.c.e.EhCacheManager - [getCache,169] - Using existing EHCache named [sys-dict]
23:52:46.516 [restartedMain] INFO  o.a.s.c.e.EhCacheManager - [getCache,169] - Using existing EHCache named [sys-dict]
23:52:46.519 [restartedMain] INFO  o.a.s.c.e.EhCacheManager - [getCache,169] - Using existing EHCache named [sys-dict]
23:52:46.521 [restartedMain] INFO  o.a.s.c.e.EhCacheManager - [getCache,169] - Using existing EHCache named [sys-dict]
23:52:46.524 [restartedMain] INFO  o.a.s.c.e.EhCacheManager - [getCache,169] - Using existing EHCache named [sys-dict]
23:52:46.526 [restartedMain] INFO  o.a.s.c.e.EhCacheManager - [getCache,169] - Using existing EHCache named [sys-dict]
23:52:46.530 [restartedMain] INFO  o.a.s.c.e.EhCacheManager - [getCache,169] - Using existing EHCache named [sys-dict]
23:52:46.534 [restartedMain] INFO  o.a.s.c.e.EhCacheManager - [getCache,169] - Using existing EHCache named [sys-dict]
23:52:46.538 [restartedMain] INFO  o.a.s.c.e.EhCacheManager - [getCache,169] - Using existing EHCache named [sys-dict]
23:52:46.541 [restartedMain] INFO  o.a.s.c.e.EhCacheManager - [getCache,169] - Using existing EHCache named [sys-dict]
23:52:47.381 [restartedMain] INFO  o.e.p.PluginsService - [logPluginInfo,190] - no modules loaded
23:52:47.382 [restartedMain] INFO  o.e.p.PluginsService - [logPluginInfo,193] - loaded plugin [org.elasticsearch.index.reindex.ReindexPlugin]
23:52:47.382 [restartedMain] INFO  o.e.p.PluginsService - [logPluginInfo,193] - loaded plugin [org.elasticsearch.join.ParentJoinPlugin]
23:52:47.382 [restartedMain] INFO  o.e.p.PluginsService - [logPluginInfo,193] - loaded plugin [org.elasticsearch.percolator.PercolatorPlugin]
23:52:47.382 [restartedMain] INFO  o.e.p.PluginsService - [logPluginInfo,193] - loaded plugin [org.elasticsearch.script.mustache.MustachePlugin]
23:52:47.383 [restartedMain] INFO  o.e.p.PluginsService - [logPluginInfo,193] - loaded plugin [org.elasticsearch.transport.Netty4Plugin]
23:53:20.844 [restartedMain] INFO  s.d.s.w.PropertySourcedRequestMappingHandlerMapping - [initHandlerMethods,69] - Mapped URL path [/v2/api-docs] onto method [public org.springframework.http.ResponseEntity<springfox.documentation.spring.web.json.Json> springfox.documentation.swagger2.web.Swagger2Controller.getDocumentation(java.lang.String,javax.servlet.http.HttpServletRequest)]
23:53:22.635 [restartedMain] INFO  s.d.s.w.p.DocumentationPluginsBootstrapper - [start,160] - Context refreshed
23:53:22.652 [restartedMain] INFO  s.d.s.w.p.DocumentationPluginsBootstrapper - [start,163] - Found 1 custom documentation plugin(s)
23:53:22.700 [restartedMain] INFO  s.d.s.w.s.ApiListingReferenceScanner - [scan,41] - Scanning for api listing references
23:53:23.038 [restartedMain] INFO  o.a.c.h.Http11NioProtocol - [log,173] - Starting ProtocolHandler ["http-nio-8088"]
23:53:23.039 [restartedMain] INFO  o.a.t.u.n.NioSelectorPool - [log,173] - Using a shared selector for servlet write/read
23:53:23.067 [restartedMain] INFO  c.r.RuoYiApplication - [logStarted,59] - Started RuoYiApplication in 48.027 seconds (JVM running for 50.557)
23:53:23.087 [SimpleAsyncTaskExecutor-1] INFO  c.r.m.l.ReceiveMsgListener - [getdelayMsg,101] - MQ接收消息时间:2022-11-02 23:53:23,消息内容:{"loginTime":1667404335155,"loginIp":"1.204.219.129","loginUserId":1,"params":{},"loginOperation":"用户登录"}
23:53:23.087 [SimpleAsyncTaskExecutor-1] INFO  c.r.m.l.ReceiveMsgListener - [getdelayMsg,102] - ------->这里实现登录通知...
23:53:30.283 [http-nio-8088-exec-1] INFO  o.a.c.c.C.[.[.[/] - [log,173] - Initializing Spring DispatcherServlet 'dispatcherServlet'
23:53:30.320 [http-nio-8088-exec-1] INFO  o.a.s.s.m.AbstractValidatingSessionManager - [enableSessionValidation,233] - Enabling session validation scheduler...
23:53:30.323 [http-nio-8088-exec-1] INFO  o.a.s.c.e.EhCacheManager - [getCache,169] - Using existing EHCache named [shiro-activeSessionCache]
23:53:31.017 [http-nio-8088-exec-2] INFO  o.a.s.c.e.EhCacheManager - [getCache,169] - Using existing EHCache named [sys-config]
23:53:31.328 [schedule-pool-1] INFO  c.r.f.s.w.s.OnlineWebSessionManager - [validateSessions,100] - invalidation sessions...
23:53:31.337 [schedule-pool-1] INFO  c.r.f.s.w.s.OnlineWebSessionManager - [validateSessions,159] - Finished invalidation session. No sessions were stopped.
23:53:32.281 [schedule-pool-2] INFO  sys-user - [run,109] - [127.0.0.1]内网IP[admin][Success][登录成功]
23:53:32.476 [http-nio-8088-exec-5] INFO  o.a.s.c.e.EhCacheManager - [getCache,169] - Using existing EHCache named [sys-config]
23:53:32.476 [http-nio-8088-exec-5] INFO  o.a.s.c.e.EhCacheManager - [getCache,169] - Using existing EHCache named [sys-config]
23:58:14.410 [restartedMain] INFO  c.r.RuoYiApplication - [logStarting,50] - Starting RuoYiApplication on DESKTOP-FFK6TV4 with PID 23092 (D:\RuoYi\RuoYi-ES-master\RuoYi\ruoyi-admin\target\classes started by Admin in D:\RuoYi\RuoYi-ES-master)
23:58:14.414 [restartedMain] INFO  c.r.RuoYiApplication - [logStartupProfileInfo,679] - The following profiles are active: druid
23:58:18.566 [restartedMain] INFO  o.a.s.c.e.EhCacheManager - [getCache,158] - Cache with name 'com.ruoyi.framework.shiro.realm.UserRealm.authorizationCache' does not yet exist.  Creating now.
23:58:18.566 [restartedMain] INFO  o.a.s.c.e.EhCacheManager - [getCache,165] - Added EhCache named [com.ruoyi.framework.shiro.realm.UserRealm.authorizationCache]
23:58:19.803 [restartedMain] INFO  o.a.s.c.e.EhCacheManager - [getCache,169] - Using existing EHCache named [loginRecordCache]
23:58:20.829 [restartedMain] INFO  c.a.d.p.DruidDataSource - [init,991] - {dataSource-1} inited
23:58:20.959 [restartedMain] INFO  o.a.s.c.e.EhCacheManager - [getCache,169] - Using existing EHCache named [sys-config]
23:58:20.964 [restartedMain] INFO  o.a.s.c.e.EhCacheManager - [getCache,169] - Using existing EHCache named [sys-config]
23:58:20.965 [restartedMain] INFO  o.a.s.c.e.EhCacheManager - [getCache,169] - Using existing EHCache named [sys-config]
23:58:20.967 [restartedMain] INFO  o.a.s.c.e.EhCacheManager - [getCache,169] - Using existing EHCache named [sys-config]
23:58:21.150 [restartedMain] INFO  o.a.s.c.e.EhCacheManager - [getCache,169] - Using existing EHCache named [sys-userCache]
23:58:21.151 [restartedMain] INFO  o.a.s.c.e.EhCacheManager - [getCache,169] - Using existing EHCache named [sys-userCache]
23:58:21.764 [restartedMain] INFO  o.a.c.h.Http11NioProtocol - [log,173] - Initializing ProtocolHandler ["http-nio-8088"]
23:58:21.774 [restartedMain] INFO  o.a.c.c.StandardService - [log,173] - Starting service [Tomcat]
23:58:21.775 [restartedMain] INFO  o.a.c.c.StandardEngine - [log,173] - Starting Servlet Engine: Apache Tomcat/9.0.13
23:58:21.781 [restartedMain] INFO  o.a.c.c.AprLifecycleListener - [log,173] - The APR based Apache Tomcat Native library which allows optimal performance in production environments was not found on the java.library.path: [D:\Java\jdk_8.0.1310.11_64\bin;C:\Windows\Sun\Java\bin;C:\Windows\system32;C:\Windows;E:\Oracle\WINDOWS.X64_193000_db_home\bin;D:\VMware\VMware Workstation\bin\;D:\java\jdk_8.0.1310.11_64\bin;C:\ProgramData\Oracle\Java\javapath;C:\Windows\system32;C:\Windows;C:\Windows\System32\Wbem;C:\Windows\System32\WindowsPowerShell\v1.0\;C:\Windows\System32\OpenSSH\;D:\git\Git\cmd;D:\mysql-8.0.29-winx64\mysql-8.0.29-winx64\bin;D:\mysql-8.0.29-winx64\mysql-8.0.29-winx64;D:\JetBrains\IntelliJ IDEA 2021.3.2\plugins\maven\lib\maven3\bin;D:\nvm\nvm;D:\Program Files\nodejs;D:\git\Git\bin;C:\Program Files (x86)\Windows Kits\8.1\Windows Performance Toolkit\;D:\nvm\nvm\v16.14.2\node_modules\yarn\bin;D:\nvm\nvm\v16.14.2\node_modules\npm\bin;D:\nvm\nvm\v16.14.2;D:\Program Files\rabbitmq\rabbitmq_server-3.7.14\sbin;D:\Users\Admin\AppData\Local\Programs\Python\Python310\Scripts\;D:\Users\Admin\AppData\Local\Programs\Python\Python310\;C:\Users\Admin\.windows-build-tools\python27\;C:\Users\Admin\.windows-build-tools\python27\;C:\Users\Admin\AppData\Local\Microsoft\WindowsApps;node_global;D:\Users\Admin\AppData\Local\Programs\Microsoft VS Code\bin;D:\nvm\nvm;D:\nvm\nvm;D:\Program Files\nodejs;.]
23:58:22.013 [restartedMain] INFO  o.a.c.c.C.[.[.[/] - [log,173] - Initializing Spring embedded WebApplicationContext
23:58:22.432 [restartedMain] INFO  o.h.j.i.u.LogHelper - [logPersistenceUnitInformation,31] - HHH000204: Processing PersistenceUnitInfo [
	name: default
	...]
23:58:22.541 [restartedMain] INFO  o.hibernate.Version - [logVersion,46] - HHH000412: Hibernate Core {5.3.7.Final}
23:58:22.546 [restartedMain] INFO  o.h.cfg.Environment - [<clinit>,213] - HHH000206: hibernate.properties not found
23:58:22.797 [restartedMain] INFO  o.h.a.common.Version - [<clinit>,49] - HCANN000001: Hibernate Commons Annotations {5.0.4.Final}
23:58:23.127 [restartedMain] INFO  o.h.dialect.Dialect - [<init>,157] - HHH000400: Using dialect: org.hibernate.dialect.MySQL5Dialect
23:58:24.335 [restartedMain] INFO  o.a.s.c.e.EhCacheManager - [getCache,169] - Using existing EHCache named [sys-dict]
23:58:24.338 [restartedMain] INFO  o.a.s.c.e.EhCacheManager - [getCache,169] - Using existing EHCache named [sys-dict]
23:58:24.340 [restartedMain] INFO  o.a.s.c.e.EhCacheManager - [getCache,169] - Using existing EHCache named [sys-dict]
23:58:24.343 [restartedMain] INFO  o.a.s.c.e.EhCacheManager - [getCache,169] - Using existing EHCache named [sys-dict]
23:58:24.345 [restartedMain] INFO  o.a.s.c.e.EhCacheManager - [getCache,169] - Using existing EHCache named [sys-dict]
23:58:24.347 [restartedMain] INFO  o.a.s.c.e.EhCacheManager - [getCache,169] - Using existing EHCache named [sys-dict]
23:58:24.350 [restartedMain] INFO  o.a.s.c.e.EhCacheManager - [getCache,169] - Using existing EHCache named [sys-dict]
23:58:24.354 [restartedMain] INFO  o.a.s.c.e.EhCacheManager - [getCache,169] - Using existing EHCache named [sys-dict]
23:58:24.358 [restartedMain] INFO  o.a.s.c.e.EhCacheManager - [getCache,169] - Using existing EHCache named [sys-dict]
23:58:24.360 [restartedMain] INFO  o.a.s.c.e.EhCacheManager - [getCache,169] - Using existing EHCache named [sys-dict]
23:58:25.110 [restartedMain] INFO  o.e.p.PluginsService - [logPluginInfo,190] - no modules loaded
23:58:25.110 [restartedMain] INFO  o.e.p.PluginsService - [logPluginInfo,193] - loaded plugin [org.elasticsearch.index.reindex.ReindexPlugin]
23:58:25.111 [restartedMain] INFO  o.e.p.PluginsService - [logPluginInfo,193] - loaded plugin [org.elasticsearch.join.ParentJoinPlugin]
23:58:25.111 [restartedMain] INFO  o.e.p.PluginsService - [logPluginInfo,193] - loaded plugin [org.elasticsearch.percolator.PercolatorPlugin]
23:58:25.111 [restartedMain] INFO  o.e.p.PluginsService - [logPluginInfo,193] - loaded plugin [org.elasticsearch.script.mustache.MustachePlugin]
23:58:25.111 [restartedMain] INFO  o.e.p.PluginsService - [logPluginInfo,193] - loaded plugin [org.elasticsearch.transport.Netty4Plugin]
23:58:58.249 [restartedMain] INFO  s.d.s.w.PropertySourcedRequestMappingHandlerMapping - [initHandlerMethods,69] - Mapped URL path [/v2/api-docs] onto method [public org.springframework.http.ResponseEntity<springfox.documentation.spring.web.json.Json> springfox.documentation.swagger2.web.Swagger2Controller.getDocumentation(java.lang.String,javax.servlet.http.HttpServletRequest)]
23:58:59.850 [restartedMain] INFO  s.d.s.w.p.DocumentationPluginsBootstrapper - [start,160] - Context refreshed
23:58:59.865 [restartedMain] INFO  s.d.s.w.p.DocumentationPluginsBootstrapper - [start,163] - Found 1 custom documentation plugin(s)
23:58:59.909 [restartedMain] INFO  s.d.s.w.s.ApiListingReferenceScanner - [scan,41] - Scanning for api listing references
23:59:00.223 [restartedMain] INFO  o.a.c.h.Http11NioProtocol - [log,173] - Starting ProtocolHandler ["http-nio-8088"]
23:59:00.223 [restartedMain] INFO  o.a.t.u.n.NioSelectorPool - [log,173] - Using a shared selector for servlet write/read
23:59:00.251 [restartedMain] INFO  c.r.RuoYiApplication - [logStarted,59] - Started RuoYiApplication in 46.308 seconds (JVM running for 48.364)
23:59:00.258 [SimpleAsyncTaskExecutor-1] INFO  c.r.m.l.ReceiveMsgListener - [getdelayMsg,101] - MQ接收消息时间:2022-11-02 23:59:00,消息内容:{"loginTime":1667404412175,"loginIp":"1.204.219.129","loginUserId":1,"params":{},"loginOperation":"用户登录"}
23:59:00.258 [SimpleAsyncTaskExecutor-1] INFO  c.r.m.l.ReceiveMsgListener - [getdelayMsg,102] - ------->这里实现登录通知...
23:59:36.592 [http-nio-8088-exec-1] INFO  o.a.c.c.C.[.[.[/] - [log,173] - Initializing Spring DispatcherServlet 'dispatcherServlet'
23:59:36.626 [http-nio-8088-exec-1] INFO  o.a.s.s.m.AbstractValidatingSessionManager - [enableSessionValidation,233] - Enabling session validation scheduler...
23:59:36.628 [http-nio-8088-exec-1] INFO  o.a.s.c.e.EhCacheManager - [getCache,169] - Using existing EHCache named [shiro-activeSessionCache]
23:59:37.098 [http-nio-8088-exec-2] INFO  o.a.s.c.e.EhCacheManager - [getCache,169] - Using existing EHCache named [sys-config]
23:59:37.638 [schedule-pool-1] INFO  c.r.f.s.w.s.OnlineWebSessionManager - [validateSessions,100] - invalidation sessions...
23:59:37.643 [schedule-pool-1] INFO  c.r.f.s.w.s.OnlineWebSessionManager - [validateSessions,159] - Finished invalidation session. No sessions were stopped.
23:59:38.400 [schedule-pool-2] INFO  sys-user - [run,109] - [127.0.0.1]内网IP[admin][Success][登录成功]
23:59:38.716 [http-nio-8088-exec-5] INFO  o.a.s.c.e.EhCacheManager - [getCache,169] - Using existing EHCache named [sys-config]
23:59:38.716 [http-nio-8088-exec-5] INFO  o.a.s.c.e.EhCacheManager - [getCache,169] - Using existing EHCache named [sys-config]
