00:09:54.655 [schedule-pool-21] INFO  c.r.f.s.w.s.OnlineWebSessionManager - [validateSessions,100] - invalidation sessions...
00:09:54.670 [schedule-pool-21] INFO  c.r.f.s.w.s.OnlineWebSessionManager - [validateSessions,159] - Finished invalidation session. No sessions were stopped.
00:19:54.663 [schedule-pool-21] INFO  c.r.f.s.w.s.OnlineWebSessionManager - [validateSessions,100] - invalidation sessions...
00:19:54.672 [schedule-pool-21] INFO  c.r.f.s.w.s.OnlineWebSessionManager - [validateSessions,159] - Finished invalidation session. No sessions were stopped.
00:29:54.663 [schedule-pool-22] INFO  c.r.f.s.w.s.OnlineWebSessionManager - [validateSessions,100] - invalidation sessions...
00:29:54.669 [schedule-pool-22] INFO  c.r.f.s.w.s.OnlineWebSessionManager - [validateSessions,159] - Finished invalidation session. No sessions were stopped.
00:39:54.669 [schedule-pool-6] INFO  c.r.f.s.w.s.OnlineWebSessionManager - [validateSessions,100] - invalidation sessions...
00:39:54.675 [schedule-pool-6] INFO  c.r.f.s.w.s.OnlineWebSessionManager - [validateSessions,159] - Finished invalidation session. No sessions were stopped.
00:49:54.666 [schedule-pool-23] INFO  c.r.f.s.w.s.OnlineWebSessionManager - [validateSessions,100] - invalidation sessions...
00:49:54.671 [schedule-pool-23] INFO  c.r.f.s.w.s.OnlineWebSessionManager - [validateSessions,159] - Finished invalidation session. No sessions were stopped.
00:59:54.661 [schedule-pool-12] INFO  c.r.f.s.w.s.OnlineWebSessionManager - [validateSessions,100] - invalidation sessions...
00:59:54.667 [schedule-pool-12] INFO  c.r.f.s.w.s.OnlineWebSessionManager - [validateSessions,159] - Finished invalidation session. No sessions were stopped.
01:09:54.656 [schedule-pool-24] INFO  c.r.f.s.w.s.OnlineWebSessionManager - [validateSessions,100] - invalidation sessions...
01:09:54.663 [schedule-pool-24] INFO  c.r.f.s.w.s.OnlineWebSessionManager - [validateSessions,159] - Finished invalidation session. No sessions were stopped.
01:19:54.662 [schedule-pool-4] INFO  c.r.f.s.w.s.OnlineWebSessionManager - [validateSessions,100] - invalidation sessions...
01:19:54.668 [schedule-pool-4] INFO  c.r.f.s.w.s.OnlineWebSessionManager - [validateSessions,159] - Finished invalidation session. No sessions were stopped.
01:29:54.669 [schedule-pool-25] INFO  c.r.f.s.w.s.OnlineWebSessionManager - [validateSessions,100] - invalidation sessions...
01:29:54.675 [schedule-pool-25] INFO  c.r.f.s.w.s.OnlineWebSessionManager - [validateSessions,159] - Finished invalidation session. No sessions were stopped.
01:39:54.655 [schedule-pool-13] INFO  c.r.f.s.w.s.OnlineWebSessionManager - [validateSessions,100] - invalidation sessions...
01:39:54.661 [schedule-pool-13] INFO  c.r.f.s.w.s.OnlineWebSessionManager - [validateSessions,159] - Finished invalidation session. No sessions were stopped.
01:49:54.667 [schedule-pool-13] INFO  c.r.f.s.w.s.OnlineWebSessionManager - [validateSessions,100] - invalidation sessions...
01:49:54.672 [schedule-pool-13] INFO  c.r.f.s.w.s.OnlineWebSessionManager - [validateSessions,159] - Finished invalidation session. No sessions were stopped.
01:59:54.663 [schedule-pool-13] INFO  c.r.f.s.w.s.OnlineWebSessionManager - [validateSessions,100] - invalidation sessions...
01:59:54.668 [schedule-pool-13] INFO  c.r.f.s.w.s.OnlineWebSessionManager - [validateSessions,159] - Finished invalidation session. No sessions were stopped.
02:09:54.669 [schedule-pool-13] INFO  c.r.f.s.w.s.OnlineWebSessionManager - [validateSessions,100] - invalidation sessions...
02:09:54.674 [schedule-pool-13] INFO  c.r.f.s.w.s.OnlineWebSessionManager - [validateSessions,159] - Finished invalidation session. No sessions were stopped.
02:19:54.657 [schedule-pool-13] INFO  c.r.f.s.w.s.OnlineWebSessionManager - [validateSessions,100] - invalidation sessions...
02:19:54.664 [schedule-pool-13] INFO  c.r.f.s.w.s.OnlineWebSessionManager - [validateSessions,159] - Finished invalidation session. No sessions were stopped.
02:29:54.667 [schedule-pool-13] INFO  c.r.f.s.w.s.OnlineWebSessionManager - [validateSessions,100] - invalidation sessions...
02:29:54.672 [schedule-pool-13] INFO  c.r.f.s.w.s.OnlineWebSessionManager - [validateSessions,159] - Finished invalidation session. No sessions were stopped.
02:39:54.668 [schedule-pool-13] INFO  c.r.f.s.w.s.OnlineWebSessionManager - [validateSessions,100] - invalidation sessions...
02:39:54.674 [schedule-pool-13] INFO  c.r.f.s.w.s.OnlineWebSessionManager - [validateSessions,159] - Finished invalidation session. No sessions were stopped.
02:49:54.669 [schedule-pool-13] INFO  c.r.f.s.w.s.OnlineWebSessionManager - [validateSessions,100] - invalidation sessions...
02:49:54.674 [schedule-pool-13] INFO  c.r.f.s.w.s.OnlineWebSessionManager - [validateSessions,159] - Finished invalidation session. No sessions were stopped.
02:59:54.659 [schedule-pool-13] INFO  c.r.f.s.w.s.OnlineWebSessionManager - [validateSessions,100] - invalidation sessions...
02:59:54.665 [schedule-pool-13] INFO  c.r.f.s.w.s.OnlineWebSessionManager - [validateSessions,159] - Finished invalidation session. No sessions were stopped.
06:15:36.617 [schedule-pool-13] INFO  c.r.f.s.w.s.OnlineWebSessionManager - [validateSessions,100] - invalidation sessions...
06:15:36.808 [schedule-pool-13] INFO  c.r.f.s.w.s.OnlineWebSessionManager - [validateSessions,159] - Finished invalidation session. No sessions were stopped.
06:15:36.808 [schedule-pool-13] INFO  c.r.f.s.w.s.OnlineWebSessionManager - [validateSessions,100] - invalidation sessions...
06:15:36.810 [schedule-pool-13] INFO  c.r.f.s.w.s.OnlineWebSessionManager - [validateSessions,159] - Finished invalidation session. No sessions were stopped.
06:15:36.810 [schedule-pool-13] INFO  c.r.f.s.w.s.OnlineWebSessionManager - [validateSessions,100] - invalidation sessions...
06:15:36.813 [schedule-pool-13] INFO  c.r.f.s.w.s.OnlineWebSessionManager - [validateSessions,159] - Finished invalidation session. No sessions were stopped.
06:15:36.813 [schedule-pool-13] INFO  c.r.f.s.w.s.OnlineWebSessionManager - [validateSessions,100] - invalidation sessions...
06:15:36.814 [schedule-pool-13] INFO  c.r.f.s.w.s.OnlineWebSessionManager - [validateSessions,159] - Finished invalidation session. No sessions were stopped.
06:15:36.815 [schedule-pool-13] INFO  c.r.f.s.w.s.OnlineWebSessionManager - [validateSessions,100] - invalidation sessions...
06:15:36.816 [schedule-pool-13] INFO  c.r.f.s.w.s.OnlineWebSessionManager - [validateSessions,159] - Finished invalidation session. No sessions were stopped.
06:15:36.816 [schedule-pool-13] INFO  c.r.f.s.w.s.OnlineWebSessionManager - [validateSessions,100] - invalidation sessions...
06:15:36.817 [schedule-pool-13] INFO  c.r.f.s.w.s.OnlineWebSessionManager - [validateSessions,159] - Finished invalidation session. No sessions were stopped.
06:15:36.818 [schedule-pool-13] INFO  c.r.f.s.w.s.OnlineWebSessionManager - [validateSessions,100] - invalidation sessions...
06:15:36.819 [schedule-pool-13] INFO  c.r.f.s.w.s.OnlineWebSessionManager - [validateSessions,159] - Finished invalidation session. No sessions were stopped.
06:15:36.819 [schedule-pool-13] INFO  c.r.f.s.w.s.OnlineWebSessionManager - [validateSessions,100] - invalidation sessions...
06:15:36.821 [schedule-pool-13] INFO  c.r.f.s.w.s.OnlineWebSessionManager - [validateSessions,159] - Finished invalidation session. No sessions were stopped.
06:15:36.821 [schedule-pool-13] INFO  c.r.f.s.w.s.OnlineWebSessionManager - [validateSessions,100] - invalidation sessions...
06:15:36.822 [schedule-pool-13] INFO  c.r.f.s.w.s.OnlineWebSessionManager - [validateSessions,159] - Finished invalidation session. No sessions were stopped.
06:15:36.822 [schedule-pool-13] INFO  c.r.f.s.w.s.OnlineWebSessionManager - [validateSessions,100] - invalidation sessions...
06:15:36.824 [schedule-pool-13] INFO  c.r.f.s.w.s.OnlineWebSessionManager - [validateSessions,159] - Finished invalidation session. No sessions were stopped.
06:15:36.824 [schedule-pool-13] INFO  c.r.f.s.w.s.OnlineWebSessionManager - [validateSessions,100] - invalidation sessions...
06:15:36.825 [schedule-pool-13] INFO  c.r.f.s.w.s.OnlineWebSessionManager - [validateSessions,159] - Finished invalidation session. No sessions were stopped.
06:15:36.826 [schedule-pool-13] INFO  c.r.f.s.w.s.OnlineWebSessionManager - [validateSessions,100] - invalidation sessions...
06:15:36.827 [schedule-pool-13] INFO  c.r.f.s.w.s.OnlineWebSessionManager - [validateSessions,159] - Finished invalidation session. No sessions were stopped.
06:15:36.828 [schedule-pool-13] INFO  c.r.f.s.w.s.OnlineWebSessionManager - [validateSessions,100] - invalidation sessions...
06:15:36.829 [schedule-pool-13] INFO  c.r.f.s.w.s.OnlineWebSessionManager - [validateSessions,159] - Finished invalidation session. No sessions were stopped.
06:15:36.829 [schedule-pool-13] INFO  c.r.f.s.w.s.OnlineWebSessionManager - [validateSessions,100] - invalidation sessions...
06:15:36.831 [schedule-pool-13] INFO  c.r.f.s.w.s.OnlineWebSessionManager - [validateSessions,159] - Finished invalidation session. No sessions were stopped.
06:15:36.831 [schedule-pool-13] INFO  c.r.f.s.w.s.OnlineWebSessionManager - [validateSessions,100] - invalidation sessions...
06:15:36.832 [schedule-pool-13] INFO  c.r.f.s.w.s.OnlineWebSessionManager - [validateSessions,159] - Finished invalidation session. No sessions were stopped.
06:15:36.833 [schedule-pool-13] INFO  c.r.f.s.w.s.OnlineWebSessionManager - [validateSessions,100] - invalidation sessions...
06:15:36.834 [schedule-pool-13] INFO  c.r.f.s.w.s.OnlineWebSessionManager - [validateSessions,159] - Finished invalidation session. No sessions were stopped.
06:15:36.834 [schedule-pool-13] INFO  c.r.f.s.w.s.OnlineWebSessionManager - [validateSessions,100] - invalidation sessions...
06:15:36.836 [schedule-pool-13] INFO  c.r.f.s.w.s.OnlineWebSessionManager - [validateSessions,159] - Finished invalidation session. No sessions were stopped.
06:15:36.836 [schedule-pool-13] INFO  c.r.f.s.w.s.OnlineWebSessionManager - [validateSessions,100] - invalidation sessions...
06:15:36.837 [schedule-pool-13] INFO  c.r.f.s.w.s.OnlineWebSessionManager - [validateSessions,159] - Finished invalidation session. No sessions were stopped.
06:15:36.837 [schedule-pool-13] INFO  c.r.f.s.w.s.OnlineWebSessionManager - [validateSessions,100] - invalidation sessions...
06:15:36.839 [schedule-pool-13] INFO  c.r.f.s.w.s.OnlineWebSessionManager - [validateSessions,159] - Finished invalidation session. No sessions were stopped.
06:19:54.640 [schedule-pool-13] INFO  c.r.f.s.w.s.OnlineWebSessionManager - [validateSessions,100] - invalidation sessions...
06:19:54.648 [schedule-pool-13] INFO  c.r.f.s.w.s.OnlineWebSessionManager - [validateSessions,159] - Finished invalidation session. No sessions were stopped.
06:29:54.637 [schedule-pool-13] INFO  c.r.f.s.w.s.OnlineWebSessionManager - [validateSessions,100] - invalidation sessions...
06:29:54.643 [schedule-pool-13] INFO  c.r.f.s.w.s.OnlineWebSessionManager - [validateSessions,159] - Finished invalidation session. No sessions were stopped.
06:39:54.650 [schedule-pool-13] INFO  c.r.f.s.w.s.OnlineWebSessionManager - [validateSessions,100] - invalidation sessions...
06:39:54.655 [schedule-pool-13] INFO  c.r.f.s.w.s.OnlineWebSessionManager - [validateSessions,159] - Finished invalidation session. No sessions were stopped.
06:49:54.646 [schedule-pool-13] INFO  c.r.f.s.w.s.OnlineWebSessionManager - [validateSessions,100] - invalidation sessions...
06:49:54.651 [schedule-pool-13] INFO  c.r.f.s.w.s.OnlineWebSessionManager - [validateSessions,159] - Finished invalidation session. No sessions were stopped.
06:59:54.645 [schedule-pool-13] INFO  c.r.f.s.w.s.OnlineWebSessionManager - [validateSessions,100] - invalidation sessions...
06:59:54.650 [schedule-pool-13] INFO  c.r.f.s.w.s.OnlineWebSessionManager - [validateSessions,159] - Finished invalidation session. No sessions were stopped.
12:53:14.238 [schedule-pool-13] INFO  c.r.f.s.w.s.OnlineWebSessionManager - [validateSessions,100] - invalidation sessions...
12:53:14.437 [schedule-pool-13] INFO  c.r.f.s.w.s.OnlineWebSessionManager - [validateSessions,159] - Finished invalidation session. No sessions were stopped.
12:53:14.437 [schedule-pool-13] INFO  c.r.f.s.w.s.OnlineWebSessionManager - [validateSessions,100] - invalidation sessions...
12:53:14.439 [schedule-pool-13] INFO  c.r.f.s.w.s.OnlineWebSessionManager - [validateSessions,159] - Finished invalidation session. No sessions were stopped.
12:53:14.439 [schedule-pool-13] INFO  c.r.f.s.w.s.OnlineWebSessionManager - [validateSessions,100] - invalidation sessions...
12:53:14.440 [schedule-pool-13] INFO  c.r.f.s.w.s.OnlineWebSessionManager - [validateSessions,159] - Finished invalidation session. No sessions were stopped.
12:53:14.440 [schedule-pool-13] INFO  c.r.f.s.w.s.OnlineWebSessionManager - [validateSessions,100] - invalidation sessions...
12:53:14.442 [schedule-pool-13] INFO  c.r.f.s.w.s.OnlineWebSessionManager - [validateSessions,159] - Finished invalidation session. No sessions were stopped.
12:53:14.442 [schedule-pool-13] INFO  c.r.f.s.w.s.OnlineWebSessionManager - [validateSessions,100] - invalidation sessions...
12:53:14.443 [schedule-pool-13] INFO  c.r.f.s.w.s.OnlineWebSessionManager - [validateSessions,159] - Finished invalidation session. No sessions were stopped.
12:53:14.443 [schedule-pool-13] INFO  c.r.f.s.w.s.OnlineWebSessionManager - [validateSessions,100] - invalidation sessions...
12:53:14.445 [schedule-pool-13] INFO  c.r.f.s.w.s.OnlineWebSessionManager - [validateSessions,159] - Finished invalidation session. No sessions were stopped.
12:53:14.445 [schedule-pool-13] INFO  c.r.f.s.w.s.OnlineWebSessionManager - [validateSessions,100] - invalidation sessions...
12:53:14.446 [schedule-pool-13] INFO  c.r.f.s.w.s.OnlineWebSessionManager - [validateSessions,159] - Finished invalidation session. No sessions were stopped.
12:53:14.446 [schedule-pool-13] INFO  c.r.f.s.w.s.OnlineWebSessionManager - [validateSessions,100] - invalidation sessions...
12:53:14.448 [schedule-pool-13] INFO  c.r.f.s.w.s.OnlineWebSessionManager - [validateSessions,159] - Finished invalidation session. No sessions were stopped.
12:53:14.448 [schedule-pool-13] INFO  c.r.f.s.w.s.OnlineWebSessionManager - [validateSessions,100] - invalidation sessions...
12:53:14.449 [schedule-pool-13] INFO  c.r.f.s.w.s.OnlineWebSessionManager - [validateSessions,159] - Finished invalidation session. No sessions were stopped.
12:53:14.450 [schedule-pool-13] INFO  c.r.f.s.w.s.OnlineWebSessionManager - [validateSessions,100] - invalidation sessions...
12:53:14.451 [schedule-pool-13] INFO  c.r.f.s.w.s.OnlineWebSessionManager - [validateSessions,159] - Finished invalidation session. No sessions were stopped.
12:53:14.451 [schedule-pool-13] INFO  c.r.f.s.w.s.OnlineWebSessionManager - [validateSessions,100] - invalidation sessions...
12:53:14.453 [schedule-pool-13] INFO  c.r.f.s.w.s.OnlineWebSessionManager - [validateSessions,159] - Finished invalidation session. No sessions were stopped.
12:53:14.453 [schedule-pool-13] INFO  c.r.f.s.w.s.OnlineWebSessionManager - [validateSessions,100] - invalidation sessions...
12:53:14.454 [schedule-pool-13] INFO  c.r.f.s.w.s.OnlineWebSessionManager - [validateSessions,159] - Finished invalidation session. No sessions were stopped.
12:53:14.455 [schedule-pool-13] INFO  c.r.f.s.w.s.OnlineWebSessionManager - [validateSessions,100] - invalidation sessions...
12:53:14.456 [schedule-pool-13] INFO  c.r.f.s.w.s.OnlineWebSessionManager - [validateSessions,159] - Finished invalidation session. No sessions were stopped.
12:53:14.456 [schedule-pool-13] INFO  c.r.f.s.w.s.OnlineWebSessionManager - [validateSessions,100] - invalidation sessions...
12:53:14.458 [schedule-pool-13] INFO  c.r.f.s.w.s.OnlineWebSessionManager - [validateSessions,159] - Finished invalidation session. No sessions were stopped.
12:53:14.458 [schedule-pool-13] INFO  c.r.f.s.w.s.OnlineWebSessionManager - [validateSessions,100] - invalidation sessions...
12:53:14.460 [schedule-pool-13] INFO  c.r.f.s.w.s.OnlineWebSessionManager - [validateSessions,159] - Finished invalidation session. No sessions were stopped.
12:53:14.460 [schedule-pool-13] INFO  c.r.f.s.w.s.OnlineWebSessionManager - [validateSessions,100] - invalidation sessions...
12:53:14.474 [schedule-pool-13] INFO  c.r.f.s.w.s.OnlineWebSessionManager - [validateSessions,159] - Finished invalidation session. No sessions were stopped.
12:53:14.474 [schedule-pool-13] INFO  c.r.f.s.w.s.OnlineWebSessionManager - [validateSessions,100] - invalidation sessions...
12:53:14.476 [schedule-pool-13] INFO  c.r.f.s.w.s.OnlineWebSessionManager - [validateSessions,159] - Finished invalidation session. No sessions were stopped.
12:53:14.476 [schedule-pool-13] INFO  c.r.f.s.w.s.OnlineWebSessionManager - [validateSessions,100] - invalidation sessions...
12:53:14.477 [schedule-pool-13] INFO  c.r.f.s.w.s.OnlineWebSessionManager - [validateSessions,159] - Finished invalidation session. No sessions were stopped.
12:53:14.478 [schedule-pool-13] INFO  c.r.f.s.w.s.OnlineWebSessionManager - [validateSessions,100] - invalidation sessions...
12:53:14.479 [schedule-pool-13] INFO  c.r.f.s.w.s.OnlineWebSessionManager - [validateSessions,159] - Finished invalidation session. No sessions were stopped.
12:53:14.479 [schedule-pool-13] INFO  c.r.f.s.w.s.OnlineWebSessionManager - [validateSessions,100] - invalidation sessions...
12:53:14.480 [schedule-pool-13] INFO  c.r.f.s.w.s.OnlineWebSessionManager - [validateSessions,159] - Finished invalidation session. No sessions were stopped.
12:53:14.480 [schedule-pool-13] INFO  c.r.f.s.w.s.OnlineWebSessionManager - [validateSessions,100] - invalidation sessions...
12:53:14.482 [schedule-pool-13] INFO  c.r.f.s.w.s.OnlineWebSessionManager - [validateSessions,159] - Finished invalidation session. No sessions were stopped.
12:53:14.482 [schedule-pool-13] INFO  c.r.f.s.w.s.OnlineWebSessionManager - [validateSessions,100] - invalidation sessions...
12:53:14.483 [schedule-pool-13] INFO  c.r.f.s.w.s.OnlineWebSessionManager - [validateSessions,159] - Finished invalidation session. No sessions were stopped.
12:53:14.484 [schedule-pool-13] INFO  c.r.f.s.w.s.OnlineWebSessionManager - [validateSessions,100] - invalidation sessions...
12:53:14.485 [schedule-pool-13] INFO  c.r.f.s.w.s.OnlineWebSessionManager - [validateSessions,159] - Finished invalidation session. No sessions were stopped.
12:53:14.486 [schedule-pool-13] INFO  c.r.f.s.w.s.OnlineWebSessionManager - [validateSessions,100] - invalidation sessions...
12:53:14.487 [schedule-pool-13] INFO  c.r.f.s.w.s.OnlineWebSessionManager - [validateSessions,159] - Finished invalidation session. No sessions were stopped.
12:53:14.487 [schedule-pool-13] INFO  c.r.f.s.w.s.OnlineWebSessionManager - [validateSessions,100] - invalidation sessions...
12:53:14.489 [schedule-pool-13] INFO  c.r.f.s.w.s.OnlineWebSessionManager - [validateSessions,159] - Finished invalidation session. No sessions were stopped.
12:53:14.489 [schedule-pool-13] INFO  c.r.f.s.w.s.OnlineWebSessionManager - [validateSessions,100] - invalidation sessions...
12:53:14.490 [schedule-pool-13] INFO  c.r.f.s.w.s.OnlineWebSessionManager - [validateSessions,159] - Finished invalidation session. No sessions were stopped.
12:53:14.490 [schedule-pool-13] INFO  c.r.f.s.w.s.OnlineWebSessionManager - [validateSessions,100] - invalidation sessions...
12:53:14.492 [schedule-pool-13] INFO  c.r.f.s.w.s.OnlineWebSessionManager - [validateSessions,159] - Finished invalidation session. No sessions were stopped.
12:53:14.492 [schedule-pool-13] INFO  c.r.f.s.w.s.OnlineWebSessionManager - [validateSessions,100] - invalidation sessions...
12:53:14.493 [schedule-pool-13] INFO  c.r.f.s.w.s.OnlineWebSessionManager - [validateSessions,159] - Finished invalidation session. No sessions were stopped.
12:53:14.493 [schedule-pool-13] INFO  c.r.f.s.w.s.OnlineWebSessionManager - [validateSessions,100] - invalidation sessions...
12:53:14.495 [schedule-pool-13] INFO  c.r.f.s.w.s.OnlineWebSessionManager - [validateSessions,159] - Finished invalidation session. No sessions were stopped.
12:53:14.495 [schedule-pool-13] INFO  c.r.f.s.w.s.OnlineWebSessionManager - [validateSessions,100] - invalidation sessions...
12:53:14.496 [schedule-pool-13] INFO  c.r.f.s.w.s.OnlineWebSessionManager - [validateSessions,159] - Finished invalidation session. No sessions were stopped.
12:53:14.496 [schedule-pool-13] INFO  c.r.f.s.w.s.OnlineWebSessionManager - [validateSessions,100] - invalidation sessions...
12:53:14.498 [schedule-pool-13] INFO  c.r.f.s.w.s.OnlineWebSessionManager - [validateSessions,159] - Finished invalidation session. No sessions were stopped.
12:53:14.498 [schedule-pool-13] INFO  c.r.f.s.w.s.OnlineWebSessionManager - [validateSessions,100] - invalidation sessions...
12:53:14.499 [schedule-pool-13] INFO  c.r.f.s.w.s.OnlineWebSessionManager - [validateSessions,159] - Finished invalidation session. No sessions were stopped.
12:53:14.499 [schedule-pool-13] INFO  c.r.f.s.w.s.OnlineWebSessionManager - [validateSessions,100] - invalidation sessions...
12:53:14.500 [schedule-pool-13] INFO  c.r.f.s.w.s.OnlineWebSessionManager - [validateSessions,159] - Finished invalidation session. No sessions were stopped.
12:53:14.500 [schedule-pool-13] INFO  c.r.f.s.w.s.OnlineWebSessionManager - [validateSessions,100] - invalidation sessions...
12:53:14.501 [schedule-pool-13] INFO  c.r.f.s.w.s.OnlineWebSessionManager - [validateSessions,159] - Finished invalidation session. No sessions were stopped.
12:53:14.501 [schedule-pool-13] INFO  c.r.f.s.w.s.OnlineWebSessionManager - [validateSessions,100] - invalidation sessions...
12:53:14.504 [schedule-pool-13] INFO  c.r.f.s.w.s.OnlineWebSessionManager - [validateSessions,159] - Finished invalidation session. No sessions were stopped.
12:59:54.630 [schedule-pool-13] INFO  c.r.f.s.w.s.OnlineWebSessionManager - [validateSessions,100] - invalidation sessions...
12:59:54.637 [schedule-pool-13] INFO  c.r.f.s.w.s.OnlineWebSessionManager - [validateSessions,159] - Finished invalidation session. No sessions were stopped.
13:09:54.626 [schedule-pool-13] INFO  c.r.f.s.w.s.OnlineWebSessionManager - [validateSessions,100] - invalidation sessions...
13:09:54.632 [schedule-pool-13] INFO  c.r.f.s.w.s.OnlineWebSessionManager - [validateSessions,159] - Finished invalidation session. No sessions were stopped.
13:19:54.620 [schedule-pool-13] INFO  c.r.f.s.w.s.OnlineWebSessionManager - [validateSessions,100] - invalidation sessions...
13:19:54.626 [schedule-pool-13] INFO  c.r.f.s.w.s.OnlineWebSessionManager - [validateSessions,159] - Finished invalidation session. No sessions were stopped.
13:29:54.624 [schedule-pool-13] INFO  c.r.f.s.w.s.OnlineWebSessionManager - [validateSessions,100] - invalidation sessions...
13:29:54.631 [schedule-pool-13] INFO  c.r.f.s.w.s.OnlineWebSessionManager - [validateSessions,159] - Finished invalidation session. No sessions were stopped.
13:39:54.622 [schedule-pool-13] INFO  c.r.f.s.w.s.OnlineWebSessionManager - [validateSessions,100] - invalidation sessions...
13:39:54.630 [schedule-pool-13] INFO  c.r.f.s.w.s.OnlineWebSessionManager - [validateSessions,159] - Finished invalidation session. No sessions were stopped.
13:49:54.627 [schedule-pool-13] INFO  c.r.f.s.w.s.OnlineWebSessionManager - [validateSessions,100] - invalidation sessions...
13:49:54.633 [schedule-pool-13] INFO  c.r.f.s.w.s.OnlineWebSessionManager - [validateSessions,159] - Finished invalidation session. No sessions were stopped.
13:59:54.623 [schedule-pool-13] INFO  c.r.f.s.w.s.OnlineWebSessionManager - [validateSessions,100] - invalidation sessions...
13:59:54.629 [schedule-pool-13] INFO  c.r.f.s.w.s.OnlineWebSessionManager - [validateSessions,159] - Finished invalidation session. No sessions were stopped.
14:09:54.628 [schedule-pool-13] INFO  c.r.f.s.w.s.OnlineWebSessionManager - [validateSessions,100] - invalidation sessions...
14:09:54.634 [schedule-pool-13] INFO  c.r.f.s.w.s.OnlineWebSessionManager - [validateSessions,159] - Finished invalidation session. No sessions were stopped.
14:19:54.620 [schedule-pool-13] INFO  c.r.f.s.w.s.OnlineWebSessionManager - [validateSessions,100] - invalidation sessions...
14:19:54.626 [schedule-pool-13] INFO  c.r.f.s.w.s.OnlineWebSessionManager - [validateSessions,159] - Finished invalidation session. No sessions were stopped.
14:29:54.625 [schedule-pool-13] INFO  c.r.f.s.w.s.OnlineWebSessionManager - [validateSessions,100] - invalidation sessions...
14:29:54.630 [schedule-pool-13] INFO  c.r.f.s.w.s.OnlineWebSessionManager - [validateSessions,159] - Finished invalidation session. No sessions were stopped.
14:39:54.618 [schedule-pool-13] INFO  c.r.f.s.w.s.OnlineWebSessionManager - [validateSessions,100] - invalidation sessions...
14:39:54.625 [schedule-pool-13] INFO  c.r.f.s.w.s.OnlineWebSessionManager - [validateSessions,159] - Finished invalidation session. No sessions were stopped.
14:49:54.631 [schedule-pool-13] INFO  c.r.f.s.w.s.OnlineWebSessionManager - [validateSessions,100] - invalidation sessions...
14:49:54.636 [schedule-pool-13] INFO  c.r.f.s.w.s.OnlineWebSessionManager - [validateSessions,159] - Finished invalidation session. No sessions were stopped.
14:59:54.625 [schedule-pool-13] INFO  c.r.f.s.w.s.OnlineWebSessionManager - [validateSessions,100] - invalidation sessions...
14:59:54.631 [schedule-pool-13] INFO  c.r.f.s.w.s.OnlineWebSessionManager - [validateSessions,159] - Finished invalidation session. No sessions were stopped.
15:09:54.631 [schedule-pool-13] INFO  c.r.f.s.w.s.OnlineWebSessionManager - [validateSessions,100] - invalidation sessions...
15:09:54.636 [schedule-pool-13] INFO  c.r.f.s.w.s.OnlineWebSessionManager - [validateSessions,159] - Finished invalidation session. No sessions were stopped.
15:19:54.617 [schedule-pool-13] INFO  c.r.f.s.w.s.OnlineWebSessionManager - [validateSessions,100] - invalidation sessions...
15:19:54.623 [schedule-pool-13] INFO  c.r.f.s.w.s.OnlineWebSessionManager - [validateSessions,159] - Finished invalidation session. No sessions were stopped.
15:29:54.619 [schedule-pool-13] INFO  c.r.f.s.w.s.OnlineWebSessionManager - [validateSessions,100] - invalidation sessions...
15:29:54.625 [schedule-pool-13] INFO  c.r.f.s.w.s.OnlineWebSessionManager - [validateSessions,159] - Finished invalidation session. No sessions were stopped.
15:39:54.621 [schedule-pool-13] INFO  c.r.f.s.w.s.OnlineWebSessionManager - [validateSessions,100] - invalidation sessions...
15:39:54.627 [schedule-pool-13] INFO  c.r.f.s.w.s.OnlineWebSessionManager - [validateSessions,159] - Finished invalidation session. No sessions were stopped.
15:49:54.628 [schedule-pool-13] INFO  c.r.f.s.w.s.OnlineWebSessionManager - [validateSessions,100] - invalidation sessions...
15:49:54.633 [schedule-pool-13] INFO  c.r.f.s.w.s.OnlineWebSessionManager - [validateSessions,159] - Finished invalidation session. No sessions were stopped.
15:59:54.628 [schedule-pool-13] INFO  c.r.f.s.w.s.OnlineWebSessionManager - [validateSessions,100] - invalidation sessions...
15:59:54.633 [schedule-pool-13] INFO  c.r.f.s.w.s.OnlineWebSessionManager - [validateSessions,159] - Finished invalidation session. No sessions were stopped.
16:09:54.617 [schedule-pool-13] INFO  c.r.f.s.w.s.OnlineWebSessionManager - [validateSessions,100] - invalidation sessions...
16:09:54.623 [schedule-pool-13] INFO  c.r.f.s.w.s.OnlineWebSessionManager - [validateSessions,159] - Finished invalidation session. No sessions were stopped.
16:19:54.621 [schedule-pool-13] INFO  c.r.f.s.w.s.OnlineWebSessionManager - [validateSessions,100] - invalidation sessions...
16:19:54.627 [schedule-pool-13] INFO  c.r.f.s.w.s.OnlineWebSessionManager - [validateSessions,159] - Finished invalidation session. No sessions were stopped.
16:29:54.624 [schedule-pool-13] INFO  c.r.f.s.w.s.OnlineWebSessionManager - [validateSessions,100] - invalidation sessions...
16:29:54.631 [schedule-pool-13] INFO  c.r.f.s.w.s.OnlineWebSessionManager - [validateSessions,159] - Finished invalidation session. No sessions were stopped.
16:39:54.628 [schedule-pool-13] INFO  c.r.f.s.w.s.OnlineWebSessionManager - [validateSessions,100] - invalidation sessions...
16:39:54.633 [schedule-pool-13] INFO  c.r.f.s.w.s.OnlineWebSessionManager - [validateSessions,159] - Finished invalidation session. No sessions were stopped.
16:49:54.627 [schedule-pool-13] INFO  c.r.f.s.w.s.OnlineWebSessionManager - [validateSessions,100] - invalidation sessions...
16:49:54.632 [schedule-pool-13] INFO  c.r.f.s.w.s.OnlineWebSessionManager - [validateSessions,159] - Finished invalidation session. No sessions were stopped.
16:59:54.630 [schedule-pool-13] INFO  c.r.f.s.w.s.OnlineWebSessionManager - [validateSessions,100] - invalidation sessions...
16:59:54.634 [schedule-pool-13] INFO  c.r.f.s.w.s.OnlineWebSessionManager - [validateSessions,159] - Finished invalidation session. No sessions were stopped.
17:09:54.627 [schedule-pool-13] INFO  c.r.f.s.w.s.OnlineWebSessionManager - [validateSessions,100] - invalidation sessions...
17:09:54.632 [schedule-pool-13] INFO  c.r.f.s.w.s.OnlineWebSessionManager - [validateSessions,159] - Finished invalidation session. No sessions were stopped.
17:19:54.619 [schedule-pool-13] INFO  c.r.f.s.w.s.OnlineWebSessionManager - [validateSessions,100] - invalidation sessions...
17:19:54.625 [schedule-pool-13] INFO  c.r.f.s.w.s.OnlineWebSessionManager - [validateSessions,159] - Finished invalidation session. No sessions were stopped.
17:29:54.622 [schedule-pool-13] INFO  c.r.f.s.w.s.OnlineWebSessionManager - [validateSessions,100] - invalidation sessions...
17:29:54.628 [schedule-pool-13] INFO  c.r.f.s.w.s.OnlineWebSessionManager - [validateSessions,159] - Finished invalidation session. No sessions were stopped.
17:39:54.621 [schedule-pool-13] INFO  c.r.f.s.w.s.OnlineWebSessionManager - [validateSessions,100] - invalidation sessions...
17:39:54.627 [schedule-pool-13] INFO  c.r.f.s.w.s.OnlineWebSessionManager - [validateSessions,159] - Finished invalidation session. No sessions were stopped.
17:49:54.629 [schedule-pool-13] INFO  c.r.f.s.w.s.OnlineWebSessionManager - [validateSessions,100] - invalidation sessions...
17:49:54.634 [schedule-pool-13] INFO  c.r.f.s.w.s.OnlineWebSessionManager - [validateSessions,159] - Finished invalidation session. No sessions were stopped.
17:59:54.617 [schedule-pool-13] INFO  c.r.f.s.w.s.OnlineWebSessionManager - [validateSessions,100] - invalidation sessions...
17:59:54.624 [schedule-pool-13] INFO  c.r.f.s.w.s.OnlineWebSessionManager - [validateSessions,159] - Finished invalidation session. No sessions were stopped.
18:09:54.618 [schedule-pool-13] INFO  c.r.f.s.w.s.OnlineWebSessionManager - [validateSessions,100] - invalidation sessions...
18:09:54.625 [schedule-pool-13] INFO  c.r.f.s.w.s.OnlineWebSessionManager - [validateSessions,159] - Finished invalidation session. No sessions were stopped.
18:19:54.624 [schedule-pool-13] INFO  c.r.f.s.w.s.OnlineWebSessionManager - [validateSessions,100] - invalidation sessions...
18:19:54.630 [schedule-pool-13] INFO  c.r.f.s.w.s.OnlineWebSessionManager - [validateSessions,159] - Finished invalidation session. No sessions were stopped.
18:29:54.623 [schedule-pool-13] INFO  c.r.f.s.w.s.OnlineWebSessionManager - [validateSessions,100] - invalidation sessions...
18:29:54.630 [schedule-pool-13] INFO  c.r.f.s.w.s.OnlineWebSessionManager - [validateSessions,159] - Finished invalidation session. No sessions were stopped.
18:39:54.623 [schedule-pool-13] INFO  c.r.f.s.w.s.OnlineWebSessionManager - [validateSessions,100] - invalidation sessions...
18:39:54.629 [schedule-pool-13] INFO  c.r.f.s.w.s.OnlineWebSessionManager - [validateSessions,159] - Finished invalidation session. No sessions were stopped.
18:43:13.885 [restartedMain] INFO  c.r.RuoYiApplication - [logStarting,50] - Starting RuoYiApplication on DESKTOP-FFK6TV4 with PID 22980 (D:\RuoYi\RuoYi-ES-master\RuoYi\ruoyi-admin\target\classes started by Admin in D:\RuoYi\RuoYi-ES-master)
18:43:13.891 [restartedMain] INFO  c.r.RuoYiApplication - [logStartupProfileInfo,679] - The following profiles are active: druid
18:43:21.267 [restartedMain] INFO  o.a.s.c.e.EhCacheManager - [getCache,158] - Cache with name 'com.ruoyi.framework.shiro.realm.UserRealm.authorizationCache' does not yet exist.  Creating now.
18:43:21.267 [restartedMain] INFO  o.a.s.c.e.EhCacheManager - [getCache,165] - Added EhCache named [com.ruoyi.framework.shiro.realm.UserRealm.authorizationCache]
18:43:22.383 [restartedMain] INFO  o.a.s.c.e.EhCacheManager - [getCache,169] - Using existing EHCache named [loginRecordCache]
18:43:23.258 [restartedMain] INFO  c.a.d.p.DruidDataSource - [init,991] - {dataSource-1} inited
18:43:23.458 [restartedMain] INFO  o.a.s.c.e.EhCacheManager - [getCache,169] - Using existing EHCache named [sys-config]
18:43:23.462 [restartedMain] INFO  o.a.s.c.e.EhCacheManager - [getCache,169] - Using existing EHCache named [sys-config]
18:43:23.462 [restartedMain] INFO  o.a.s.c.e.EhCacheManager - [getCache,169] - Using existing EHCache named [sys-config]
18:43:23.463 [restartedMain] INFO  o.a.s.c.e.EhCacheManager - [getCache,169] - Using existing EHCache named [sys-config]
18:43:23.625 [restartedMain] INFO  o.a.s.c.e.EhCacheManager - [getCache,169] - Using existing EHCache named [sys-userCache]
18:43:23.625 [restartedMain] INFO  o.a.s.c.e.EhCacheManager - [getCache,169] - Using existing EHCache named [sys-userCache]
18:43:24.357 [restartedMain] INFO  o.a.c.h.Http11NioProtocol - [log,173] - Initializing ProtocolHandler ["http-nio-8088"]
18:43:24.366 [restartedMain] INFO  o.a.c.c.StandardService - [log,173] - Starting service [Tomcat]
18:43:24.367 [restartedMain] INFO  o.a.c.c.StandardEngine - [log,173] - Starting Servlet Engine: Apache Tomcat/9.0.13
18:43:24.373 [restartedMain] INFO  o.a.c.c.AprLifecycleListener - [log,173] - The APR based Apache Tomcat Native library which allows optimal performance in production environments was not found on the java.library.path: [D:\Java\jdk_8.0.1310.11_64\bin;C:\Windows\Sun\Java\bin;C:\Windows\system32;C:\Windows;E:\Oracle\WINDOWS.X64_193000_db_home\bin;D:\VMware\VMware Workstation\bin\;D:\java\jdk_8.0.1310.11_64\bin;C:\ProgramData\Oracle\Java\javapath;C:\Windows\system32;C:\Windows;C:\Windows\System32\Wbem;C:\Windows\System32\WindowsPowerShell\v1.0\;C:\Windows\System32\OpenSSH\;D:\git\Git\cmd;D:\mysql-8.0.29-winx64\mysql-8.0.29-winx64\bin;D:\mysql-8.0.29-winx64\mysql-8.0.29-winx64;D:\JetBrains\IntelliJ IDEA 2021.3.2\plugins\maven\lib\maven3\bin;D:\nvm\nvm;D:\Program Files\nodejs;D:\git\Git\bin;C:\Program Files (x86)\Windows Kits\8.1\Windows Performance Toolkit\;D:\nvm\nvm\v16.14.2\node_modules\yarn\bin;D:\nvm\nvm\v16.14.2\node_modules\npm\bin;D:\nvm\nvm\v16.14.2;D:\Program Files\rabbitmq\rabbitmq_server-3.7.14\sbin;D:\Users\Admin\AppData\Local\Programs\Python\Python310\Scripts\;D:\Users\Admin\AppData\Local\Programs\Python\Python310\;C:\Users\Admin\.windows-build-tools\python27\;C:\Users\Admin\.windows-build-tools\python27\;C:\Users\Admin\AppData\Local\Microsoft\WindowsApps;node_global;D:\Users\Admin\AppData\Local\Programs\Microsoft VS Code\bin;D:\nvm\nvm;D:\nvm\nvm;D:\Program Files\nodejs;.]
18:43:24.586 [restartedMain] INFO  o.a.c.c.C.[.[.[/] - [log,173] - Initializing Spring embedded WebApplicationContext
18:43:25.174 [restartedMain] INFO  o.h.j.i.u.LogHelper - [logPersistenceUnitInformation,31] - HHH000204: Processing PersistenceUnitInfo [
	name: default
	...]
18:43:25.337 [restartedMain] INFO  o.hibernate.Version - [logVersion,46] - HHH000412: Hibernate Core {5.3.7.Final}
18:43:25.341 [restartedMain] INFO  o.h.cfg.Environment - [<clinit>,213] - HHH000206: hibernate.properties not found
18:43:25.698 [restartedMain] INFO  o.h.a.common.Version - [<clinit>,49] - HCANN000001: Hibernate Commons Annotations {5.0.4.Final}
18:43:26.132 [restartedMain] INFO  o.h.dialect.Dialect - [<init>,157] - HHH000400: Using dialect: org.hibernate.dialect.MySQL5Dialect
18:43:27.486 [restartedMain] INFO  o.a.s.c.e.EhCacheManager - [getCache,169] - Using existing EHCache named [sys-dict]
18:43:27.490 [restartedMain] INFO  o.a.s.c.e.EhCacheManager - [getCache,169] - Using existing EHCache named [sys-dict]
18:43:27.492 [restartedMain] INFO  o.a.s.c.e.EhCacheManager - [getCache,169] - Using existing EHCache named [sys-dict]
18:43:27.495 [restartedMain] INFO  o.a.s.c.e.EhCacheManager - [getCache,169] - Using existing EHCache named [sys-dict]
18:43:27.497 [restartedMain] INFO  o.a.s.c.e.EhCacheManager - [getCache,169] - Using existing EHCache named [sys-dict]
18:43:27.498 [restartedMain] INFO  o.a.s.c.e.EhCacheManager - [getCache,169] - Using existing EHCache named [sys-dict]
18:43:27.501 [restartedMain] INFO  o.a.s.c.e.EhCacheManager - [getCache,169] - Using existing EHCache named [sys-dict]
18:43:27.504 [restartedMain] INFO  o.a.s.c.e.EhCacheManager - [getCache,169] - Using existing EHCache named [sys-dict]
18:43:27.507 [restartedMain] INFO  o.a.s.c.e.EhCacheManager - [getCache,169] - Using existing EHCache named [sys-dict]
18:43:27.509 [restartedMain] INFO  o.a.s.c.e.EhCacheManager - [getCache,169] - Using existing EHCache named [sys-dict]
18:43:28.471 [restartedMain] INFO  o.e.p.PluginsService - [logPluginInfo,190] - no modules loaded
18:43:28.472 [restartedMain] INFO  o.e.p.PluginsService - [logPluginInfo,193] - loaded plugin [org.elasticsearch.index.reindex.ReindexPlugin]
18:43:28.472 [restartedMain] INFO  o.e.p.PluginsService - [logPluginInfo,193] - loaded plugin [org.elasticsearch.join.ParentJoinPlugin]
18:43:28.472 [restartedMain] INFO  o.e.p.PluginsService - [logPluginInfo,193] - loaded plugin [org.elasticsearch.percolator.PercolatorPlugin]
18:43:28.472 [restartedMain] INFO  o.e.p.PluginsService - [logPluginInfo,193] - loaded plugin [org.elasticsearch.script.mustache.MustachePlugin]
18:43:28.472 [restartedMain] INFO  o.e.p.PluginsService - [logPluginInfo,193] - loaded plugin [org.elasticsearch.transport.Netty4Plugin]
18:44:02.742 [restartedMain] INFO  s.d.s.w.PropertySourcedRequestMappingHandlerMapping - [initHandlerMethods,69] - Mapped URL path [/v2/api-docs] onto method [public org.springframework.http.ResponseEntity<springfox.documentation.spring.web.json.Json> springfox.documentation.swagger2.web.Swagger2Controller.getDocumentation(java.lang.String,javax.servlet.http.HttpServletRequest)]
18:44:04.714 [restartedMain] INFO  s.d.s.w.p.DocumentationPluginsBootstrapper - [start,160] - Context refreshed
18:44:04.738 [restartedMain] INFO  s.d.s.w.p.DocumentationPluginsBootstrapper - [start,163] - Found 1 custom documentation plugin(s)
18:44:04.786 [restartedMain] INFO  s.d.s.w.s.ApiListingReferenceScanner - [scan,41] - Scanning for api listing references
18:44:05.143 [restartedMain] INFO  o.a.c.h.Http11NioProtocol - [log,173] - Starting ProtocolHandler ["http-nio-8088"]
18:44:05.144 [restartedMain] INFO  o.a.t.u.n.NioSelectorPool - [log,173] - Using a shared selector for servlet write/read
18:44:05.189 [restartedMain] INFO  c.r.RuoYiApplication - [logStarted,59] - Started RuoYiApplication in 52.271 seconds (JVM running for 55.62)
18:46:15.298 [http-nio-8088-exec-1] INFO  o.a.c.c.C.[.[.[/] - [log,173] - Initializing Spring DispatcherServlet 'dispatcherServlet'
18:46:15.382 [http-nio-8088-exec-1] INFO  o.a.s.s.m.AbstractValidatingSessionManager - [enableSessionValidation,233] - Enabling session validation scheduler...
18:46:15.384 [http-nio-8088-exec-1] INFO  o.a.s.c.e.EhCacheManager - [getCache,169] - Using existing EHCache named [shiro-activeSessionCache]
18:46:16.176 [http-nio-8088-exec-2] INFO  o.a.s.c.e.EhCacheManager - [getCache,169] - Using existing EHCache named [sys-config]
18:46:16.395 [schedule-pool-1] INFO  c.r.f.s.w.s.OnlineWebSessionManager - [validateSessions,100] - invalidation sessions...
18:46:16.400 [schedule-pool-1] INFO  c.r.f.s.w.s.OnlineWebSessionManager - [validateSessions,159] - Finished invalidation session. No sessions were stopped.
18:46:17.768 [schedule-pool-2] INFO  sys-user - [run,109] - [127.0.0.1]内网IP[admin][Success][登录成功]
18:46:18.437 [http-nio-8088-exec-4] INFO  o.a.s.c.e.EhCacheManager - [getCache,169] - Using existing EHCache named [sys-config]
18:46:18.437 [http-nio-8088-exec-4] INFO  o.a.s.c.e.EhCacheManager - [getCache,169] - Using existing EHCache named [sys-config]
18:46:47.935 [SimpleAsyncTaskExecutor-1] INFO  c.r.m.l.ReceiveMsgListener - [getdelayMsg,101] - MQ接收消息时间:2022-10-26 18:46:47,消息内容:{"loginTime":1666781177608,"loginIp":"1.204.219.129","loginUserId":1,"params":{},"loginOperation":"用户登录"}
18:46:47.935 [SimpleAsyncTaskExecutor-1] INFO  c.r.m.l.ReceiveMsgListener - [getdelayMsg,102] - ------->这里实现登录通知...
18:56:16.399 [schedule-pool-1] INFO  c.r.f.s.w.s.OnlineWebSessionManager - [validateSessions,100] - invalidation sessions...
18:56:16.406 [schedule-pool-1] INFO  c.r.f.s.w.s.OnlineWebSessionManager - [validateSessions,159] - Finished invalidation session. No sessions were stopped.
19:02:03.078 [restartedMain] INFO  c.r.RuoYiApplication - [logStarting,50] - Starting RuoYiApplication on DESKTOP-FFK6TV4 with PID 21224 (D:\RuoYi\RuoYi-ES-master\RuoYi\ruoyi-admin\target\classes started by Admin in D:\RuoYi\RuoYi-ES-master)
19:02:03.084 [restartedMain] INFO  c.r.RuoYiApplication - [logStartupProfileInfo,679] - The following profiles are active: druid
19:02:07.616 [restartedMain] INFO  o.a.s.c.e.EhCacheManager - [getCache,158] - Cache with name 'com.ruoyi.framework.shiro.realm.UserRealm.authorizationCache' does not yet exist.  Creating now.
19:02:07.617 [restartedMain] INFO  o.a.s.c.e.EhCacheManager - [getCache,165] - Added EhCache named [com.ruoyi.framework.shiro.realm.UserRealm.authorizationCache]
19:02:08.498 [restartedMain] INFO  o.a.s.c.e.EhCacheManager - [getCache,169] - Using existing EHCache named [loginRecordCache]
19:02:09.186 [restartedMain] INFO  c.a.d.p.DruidDataSource - [init,991] - {dataSource-1} inited
19:02:09.395 [restartedMain] INFO  o.a.s.c.e.EhCacheManager - [getCache,169] - Using existing EHCache named [sys-config]
19:02:09.398 [restartedMain] INFO  o.a.s.c.e.EhCacheManager - [getCache,169] - Using existing EHCache named [sys-config]
19:02:09.399 [restartedMain] INFO  o.a.s.c.e.EhCacheManager - [getCache,169] - Using existing EHCache named [sys-config]
19:02:09.400 [restartedMain] INFO  o.a.s.c.e.EhCacheManager - [getCache,169] - Using existing EHCache named [sys-config]
19:02:09.567 [restartedMain] INFO  o.a.s.c.e.EhCacheManager - [getCache,169] - Using existing EHCache named [sys-userCache]
19:02:09.568 [restartedMain] INFO  o.a.s.c.e.EhCacheManager - [getCache,169] - Using existing EHCache named [sys-userCache]
19:02:10.123 [restartedMain] INFO  o.a.c.h.Http11NioProtocol - [log,173] - Initializing ProtocolHandler ["http-nio-8088"]
19:02:10.132 [restartedMain] INFO  o.a.c.c.StandardService - [log,173] - Starting service [Tomcat]
19:02:10.132 [restartedMain] INFO  o.a.c.c.StandardEngine - [log,173] - Starting Servlet Engine: Apache Tomcat/9.0.13
19:02:10.138 [restartedMain] INFO  o.a.c.c.AprLifecycleListener - [log,173] - The APR based Apache Tomcat Native library which allows optimal performance in production environments was not found on the java.library.path: [D:\Java\jdk_8.0.1310.11_64\bin;C:\Windows\Sun\Java\bin;C:\Windows\system32;C:\Windows;E:\Oracle\WINDOWS.X64_193000_db_home\bin;D:\VMware\VMware Workstation\bin\;D:\java\jdk_8.0.1310.11_64\bin;C:\ProgramData\Oracle\Java\javapath;C:\Windows\system32;C:\Windows;C:\Windows\System32\Wbem;C:\Windows\System32\WindowsPowerShell\v1.0\;C:\Windows\System32\OpenSSH\;D:\git\Git\cmd;D:\mysql-8.0.29-winx64\mysql-8.0.29-winx64\bin;D:\mysql-8.0.29-winx64\mysql-8.0.29-winx64;D:\JetBrains\IntelliJ IDEA 2021.3.2\plugins\maven\lib\maven3\bin;D:\nvm\nvm;D:\Program Files\nodejs;D:\git\Git\bin;C:\Program Files (x86)\Windows Kits\8.1\Windows Performance Toolkit\;D:\nvm\nvm\v16.14.2\node_modules\yarn\bin;D:\nvm\nvm\v16.14.2\node_modules\npm\bin;D:\nvm\nvm\v16.14.2;D:\Program Files\rabbitmq\rabbitmq_server-3.7.14\sbin;D:\Users\Admin\AppData\Local\Programs\Python\Python310\Scripts\;D:\Users\Admin\AppData\Local\Programs\Python\Python310\;C:\Users\Admin\.windows-build-tools\python27\;C:\Users\Admin\.windows-build-tools\python27\;C:\Users\Admin\AppData\Local\Microsoft\WindowsApps;node_global;D:\Users\Admin\AppData\Local\Programs\Microsoft VS Code\bin;D:\nvm\nvm;D:\nvm\nvm;D:\Program Files\nodejs;.]
19:02:10.333 [restartedMain] INFO  o.a.c.c.C.[.[.[/] - [log,173] - Initializing Spring embedded WebApplicationContext
19:02:10.716 [restartedMain] INFO  o.h.j.i.u.LogHelper - [logPersistenceUnitInformation,31] - HHH000204: Processing PersistenceUnitInfo [
	name: default
	...]
19:02:10.808 [restartedMain] INFO  o.hibernate.Version - [logVersion,46] - HHH000412: Hibernate Core {5.3.7.Final}
19:02:10.812 [restartedMain] INFO  o.h.cfg.Environment - [<clinit>,213] - HHH000206: hibernate.properties not found
19:02:11.023 [restartedMain] INFO  o.h.a.common.Version - [<clinit>,49] - HCANN000001: Hibernate Commons Annotations {5.0.4.Final}
19:02:11.358 [restartedMain] INFO  o.h.dialect.Dialect - [<init>,157] - HHH000400: Using dialect: org.hibernate.dialect.MySQL5Dialect
19:02:12.721 [restartedMain] INFO  o.a.s.c.e.EhCacheManager - [getCache,169] - Using existing EHCache named [sys-dict]
19:02:12.725 [restartedMain] INFO  o.a.s.c.e.EhCacheManager - [getCache,169] - Using existing EHCache named [sys-dict]
19:02:12.727 [restartedMain] INFO  o.a.s.c.e.EhCacheManager - [getCache,169] - Using existing EHCache named [sys-dict]
19:02:12.730 [restartedMain] INFO  o.a.s.c.e.EhCacheManager - [getCache,169] - Using existing EHCache named [sys-dict]
19:02:12.733 [restartedMain] INFO  o.a.s.c.e.EhCacheManager - [getCache,169] - Using existing EHCache named [sys-dict]
19:02:12.735 [restartedMain] INFO  o.a.s.c.e.EhCacheManager - [getCache,169] - Using existing EHCache named [sys-dict]
19:02:12.737 [restartedMain] INFO  o.a.s.c.e.EhCacheManager - [getCache,169] - Using existing EHCache named [sys-dict]
19:02:12.741 [restartedMain] INFO  o.a.s.c.e.EhCacheManager - [getCache,169] - Using existing EHCache named [sys-dict]
19:02:12.745 [restartedMain] INFO  o.a.s.c.e.EhCacheManager - [getCache,169] - Using existing EHCache named [sys-dict]
19:02:12.748 [restartedMain] INFO  o.a.s.c.e.EhCacheManager - [getCache,169] - Using existing EHCache named [sys-dict]
19:02:13.477 [restartedMain] INFO  o.e.p.PluginsService - [logPluginInfo,190] - no modules loaded
19:02:13.478 [restartedMain] INFO  o.e.p.PluginsService - [logPluginInfo,193] - loaded plugin [org.elasticsearch.index.reindex.ReindexPlugin]
19:02:13.478 [restartedMain] INFO  o.e.p.PluginsService - [logPluginInfo,193] - loaded plugin [org.elasticsearch.join.ParentJoinPlugin]
19:02:13.478 [restartedMain] INFO  o.e.p.PluginsService - [logPluginInfo,193] - loaded plugin [org.elasticsearch.percolator.PercolatorPlugin]
19:02:13.479 [restartedMain] INFO  o.e.p.PluginsService - [logPluginInfo,193] - loaded plugin [org.elasticsearch.script.mustache.MustachePlugin]
19:02:13.479 [restartedMain] INFO  o.e.p.PluginsService - [logPluginInfo,193] - loaded plugin [org.elasticsearch.transport.Netty4Plugin]
19:02:46.505 [restartedMain] INFO  s.d.s.w.PropertySourcedRequestMappingHandlerMapping - [initHandlerMethods,69] - Mapped URL path [/v2/api-docs] onto method [public org.springframework.http.ResponseEntity<springfox.documentation.spring.web.json.Json> springfox.documentation.swagger2.web.Swagger2Controller.getDocumentation(java.lang.String,javax.servlet.http.HttpServletRequest)]
19:02:48.071 [restartedMain] INFO  s.d.s.w.p.DocumentationPluginsBootstrapper - [start,160] - Context refreshed
19:02:48.084 [restartedMain] INFO  s.d.s.w.p.DocumentationPluginsBootstrapper - [start,163] - Found 1 custom documentation plugin(s)
19:02:48.126 [restartedMain] INFO  s.d.s.w.s.ApiListingReferenceScanner - [scan,41] - Scanning for api listing references
19:02:48.415 [restartedMain] INFO  o.a.c.h.Http11NioProtocol - [log,173] - Starting ProtocolHandler ["http-nio-8088"]
19:02:48.416 [restartedMain] INFO  o.a.t.u.n.NioSelectorPool - [log,173] - Using a shared selector for servlet write/read
19:02:48.439 [restartedMain] INFO  c.r.RuoYiApplication - [logStarted,59] - Started RuoYiApplication in 46.078 seconds (JVM running for 48.031)
19:02:59.047 [http-nio-8088-exec-1] INFO  o.a.c.c.C.[.[.[/] - [log,173] - Initializing Spring DispatcherServlet 'dispatcherServlet'
19:02:59.077 [http-nio-8088-exec-1] INFO  o.a.s.s.m.AbstractValidatingSessionManager - [enableSessionValidation,233] - Enabling session validation scheduler...
19:02:59.080 [http-nio-8088-exec-1] INFO  o.a.s.c.e.EhCacheManager - [getCache,169] - Using existing EHCache named [shiro-activeSessionCache]
19:02:59.498 [http-nio-8088-exec-4] INFO  o.a.s.c.e.EhCacheManager - [getCache,169] - Using existing EHCache named [sys-config]
19:03:00.085 [schedule-pool-1] INFO  c.r.f.s.w.s.OnlineWebSessionManager - [validateSessions,100] - invalidation sessions...
19:03:00.090 [schedule-pool-1] INFO  c.r.f.s.w.s.OnlineWebSessionManager - [validateSessions,159] - Finished invalidation session. No sessions were stopped.
19:03:01.088 [schedule-pool-2] INFO  sys-user - [run,109] - [127.0.0.1]内网IP[admin][Success][登录成功]
19:03:01.582 [http-nio-8088-exec-8] INFO  o.a.s.c.e.EhCacheManager - [getCache,169] - Using existing EHCache named [sys-config]
19:03:01.582 [http-nio-8088-exec-8] INFO  o.a.s.c.e.EhCacheManager - [getCache,169] - Using existing EHCache named [sys-config]
19:03:30.953 [SimpleAsyncTaskExecutor-1] INFO  c.r.m.l.ReceiveMsgListener - [getdelayMsg,101] - MQ接收消息时间:2022-10-26 19:03:30,消息内容:{"loginTime":1666782180898,"loginIp":"1.204.219.129","loginUserId":1,"params":{},"loginOperation":"用户登录"}
19:03:30.953 [SimpleAsyncTaskExecutor-1] INFO  c.r.m.l.ReceiveMsgListener - [getdelayMsg,102] - ------->这里实现登录通知...
19:04:57.820 [restartedMain] INFO  c.r.RuoYiApplication - [logStarting,50] - Starting RuoYiApplication on DESKTOP-FFK6TV4 with PID 20108 (D:\RuoYi\RuoYi-ES-master\RuoYi\ruoyi-admin\target\classes started by Admin in D:\RuoYi\RuoYi-ES-master)
19:04:57.824 [restartedMain] INFO  c.r.RuoYiApplication - [logStartupProfileInfo,679] - The following profiles are active: druid
19:05:01.809 [restartedMain] INFO  o.a.s.c.e.EhCacheManager - [getCache,158] - Cache with name 'com.ruoyi.framework.shiro.realm.UserRealm.authorizationCache' does not yet exist.  Creating now.
19:05:01.810 [restartedMain] INFO  o.a.s.c.e.EhCacheManager - [getCache,165] - Added EhCache named [com.ruoyi.framework.shiro.realm.UserRealm.authorizationCache]
19:05:02.708 [restartedMain] INFO  o.a.s.c.e.EhCacheManager - [getCache,169] - Using existing EHCache named [loginRecordCache]
19:05:03.347 [restartedMain] INFO  c.a.d.p.DruidDataSource - [init,991] - {dataSource-1} inited
19:05:03.474 [restartedMain] INFO  o.a.s.c.e.EhCacheManager - [getCache,169] - Using existing EHCache named [sys-config]
19:05:03.477 [restartedMain] INFO  o.a.s.c.e.EhCacheManager - [getCache,169] - Using existing EHCache named [sys-config]
19:05:03.478 [restartedMain] INFO  o.a.s.c.e.EhCacheManager - [getCache,169] - Using existing EHCache named [sys-config]
19:05:03.479 [restartedMain] INFO  o.a.s.c.e.EhCacheManager - [getCache,169] - Using existing EHCache named [sys-config]
19:05:03.625 [restartedMain] INFO  o.a.s.c.e.EhCacheManager - [getCache,169] - Using existing EHCache named [sys-userCache]
19:05:03.626 [restartedMain] INFO  o.a.s.c.e.EhCacheManager - [getCache,169] - Using existing EHCache named [sys-userCache]
19:05:04.217 [restartedMain] INFO  o.a.c.h.Http11NioProtocol - [log,173] - Initializing ProtocolHandler ["http-nio-8088"]
19:05:04.226 [restartedMain] INFO  o.a.c.c.StandardService - [log,173] - Starting service [Tomcat]
19:05:04.226 [restartedMain] INFO  o.a.c.c.StandardEngine - [log,173] - Starting Servlet Engine: Apache Tomcat/9.0.13
19:05:04.233 [restartedMain] INFO  o.a.c.c.AprLifecycleListener - [log,173] - The APR based Apache Tomcat Native library which allows optimal performance in production environments was not found on the java.library.path: [D:\Java\jdk_8.0.1310.11_64\bin;C:\Windows\Sun\Java\bin;C:\Windows\system32;C:\Windows;E:\Oracle\WINDOWS.X64_193000_db_home\bin;D:\VMware\VMware Workstation\bin\;D:\java\jdk_8.0.1310.11_64\bin;C:\ProgramData\Oracle\Java\javapath;C:\Windows\system32;C:\Windows;C:\Windows\System32\Wbem;C:\Windows\System32\WindowsPowerShell\v1.0\;C:\Windows\System32\OpenSSH\;D:\git\Git\cmd;D:\mysql-8.0.29-winx64\mysql-8.0.29-winx64\bin;D:\mysql-8.0.29-winx64\mysql-8.0.29-winx64;D:\JetBrains\IntelliJ IDEA 2021.3.2\plugins\maven\lib\maven3\bin;D:\nvm\nvm;D:\Program Files\nodejs;D:\git\Git\bin;C:\Program Files (x86)\Windows Kits\8.1\Windows Performance Toolkit\;D:\nvm\nvm\v16.14.2\node_modules\yarn\bin;D:\nvm\nvm\v16.14.2\node_modules\npm\bin;D:\nvm\nvm\v16.14.2;D:\Program Files\rabbitmq\rabbitmq_server-3.7.14\sbin;D:\Users\Admin\AppData\Local\Programs\Python\Python310\Scripts\;D:\Users\Admin\AppData\Local\Programs\Python\Python310\;C:\Users\Admin\.windows-build-tools\python27\;C:\Users\Admin\.windows-build-tools\python27\;C:\Users\Admin\AppData\Local\Microsoft\WindowsApps;node_global;D:\Users\Admin\AppData\Local\Programs\Microsoft VS Code\bin;D:\nvm\nvm;D:\nvm\nvm;D:\Program Files\nodejs;.]
19:05:04.460 [restartedMain] INFO  o.a.c.c.C.[.[.[/] - [log,173] - Initializing Spring embedded WebApplicationContext
19:05:04.886 [restartedMain] INFO  o.h.j.i.u.LogHelper - [logPersistenceUnitInformation,31] - HHH000204: Processing PersistenceUnitInfo [
	name: default
	...]
19:05:05.002 [restartedMain] INFO  o.hibernate.Version - [logVersion,46] - HHH000412: Hibernate Core {5.3.7.Final}
19:05:05.007 [restartedMain] INFO  o.h.cfg.Environment - [<clinit>,213] - HHH000206: hibernate.properties not found
19:05:05.214 [restartedMain] INFO  o.h.a.common.Version - [<clinit>,49] - HCANN000001: Hibernate Commons Annotations {5.0.4.Final}
19:05:05.531 [restartedMain] INFO  o.h.dialect.Dialect - [<init>,157] - HHH000400: Using dialect: org.hibernate.dialect.MySQL5Dialect
19:05:06.842 [restartedMain] INFO  o.a.s.c.e.EhCacheManager - [getCache,169] - Using existing EHCache named [sys-dict]
19:05:06.845 [restartedMain] INFO  o.a.s.c.e.EhCacheManager - [getCache,169] - Using existing EHCache named [sys-dict]
19:05:06.847 [restartedMain] INFO  o.a.s.c.e.EhCacheManager - [getCache,169] - Using existing EHCache named [sys-dict]
19:05:06.850 [restartedMain] INFO  o.a.s.c.e.EhCacheManager - [getCache,169] - Using existing EHCache named [sys-dict]
19:05:06.852 [restartedMain] INFO  o.a.s.c.e.EhCacheManager - [getCache,169] - Using existing EHCache named [sys-dict]
19:05:06.855 [restartedMain] INFO  o.a.s.c.e.EhCacheManager - [getCache,169] - Using existing EHCache named [sys-dict]
19:05:06.857 [restartedMain] INFO  o.a.s.c.e.EhCacheManager - [getCache,169] - Using existing EHCache named [sys-dict]
19:05:06.861 [restartedMain] INFO  o.a.s.c.e.EhCacheManager - [getCache,169] - Using existing EHCache named [sys-dict]
19:05:06.864 [restartedMain] INFO  o.a.s.c.e.EhCacheManager - [getCache,169] - Using existing EHCache named [sys-dict]
19:05:06.867 [restartedMain] INFO  o.a.s.c.e.EhCacheManager - [getCache,169] - Using existing EHCache named [sys-dict]
19:05:07.591 [restartedMain] INFO  o.e.p.PluginsService - [logPluginInfo,190] - no modules loaded
19:05:07.591 [restartedMain] INFO  o.e.p.PluginsService - [logPluginInfo,193] - loaded plugin [org.elasticsearch.index.reindex.ReindexPlugin]
19:05:07.592 [restartedMain] INFO  o.e.p.PluginsService - [logPluginInfo,193] - loaded plugin [org.elasticsearch.join.ParentJoinPlugin]
19:05:07.592 [restartedMain] INFO  o.e.p.PluginsService - [logPluginInfo,193] - loaded plugin [org.elasticsearch.percolator.PercolatorPlugin]
19:05:07.592 [restartedMain] INFO  o.e.p.PluginsService - [logPluginInfo,193] - loaded plugin [org.elasticsearch.script.mustache.MustachePlugin]
19:05:07.592 [restartedMain] INFO  o.e.p.PluginsService - [logPluginInfo,193] - loaded plugin [org.elasticsearch.transport.Netty4Plugin]
19:05:40.619 [restartedMain] INFO  s.d.s.w.PropertySourcedRequestMappingHandlerMapping - [initHandlerMethods,69] - Mapped URL path [/v2/api-docs] onto method [public org.springframework.http.ResponseEntity<springfox.documentation.spring.web.json.Json> springfox.documentation.swagger2.web.Swagger2Controller.getDocumentation(java.lang.String,javax.servlet.http.HttpServletRequest)]
19:05:42.137 [restartedMain] INFO  s.d.s.w.p.DocumentationPluginsBootstrapper - [start,160] - Context refreshed
19:05:42.150 [restartedMain] INFO  s.d.s.w.p.DocumentationPluginsBootstrapper - [start,163] - Found 1 custom documentation plugin(s)
19:05:42.192 [restartedMain] INFO  s.d.s.w.s.ApiListingReferenceScanner - [scan,41] - Scanning for api listing references
19:05:42.482 [restartedMain] INFO  o.a.c.h.Http11NioProtocol - [log,173] - Starting ProtocolHandler ["http-nio-8088"]
19:05:42.483 [restartedMain] INFO  o.a.t.u.n.NioSelectorPool - [log,173] - Using a shared selector for servlet write/read
19:05:42.507 [restartedMain] INFO  c.r.RuoYiApplication - [logStarted,59] - Started RuoYiApplication in 45.258 seconds (JVM running for 47.01)
19:05:51.175 [http-nio-8088-exec-1] INFO  o.a.c.c.C.[.[.[/] - [log,173] - Initializing Spring DispatcherServlet 'dispatcherServlet'
19:05:51.206 [http-nio-8088-exec-1] INFO  o.a.s.s.m.AbstractValidatingSessionManager - [enableSessionValidation,233] - Enabling session validation scheduler...
19:05:51.209 [http-nio-8088-exec-1] INFO  o.a.s.c.e.EhCacheManager - [getCache,169] - Using existing EHCache named [shiro-activeSessionCache]
19:05:51.708 [http-nio-8088-exec-2] INFO  o.a.s.c.e.EhCacheManager - [getCache,169] - Using existing EHCache named [sys-config]
19:05:52.214 [schedule-pool-1] INFO  c.r.f.s.w.s.OnlineWebSessionManager - [validateSessions,100] - invalidation sessions...
19:05:52.218 [schedule-pool-1] INFO  c.r.f.s.w.s.OnlineWebSessionManager - [validateSessions,159] - Finished invalidation session. No sessions were stopped.
19:05:53.081 [schedule-pool-2] INFO  sys-user - [run,109] - [127.0.0.1]内网IP[admin][Success][登录成功]
19:05:53.376 [http-nio-8088-exec-4] INFO  o.a.s.c.e.EhCacheManager - [getCache,169] - Using existing EHCache named [sys-config]
19:05:53.376 [http-nio-8088-exec-4] INFO  o.a.s.c.e.EhCacheManager - [getCache,169] - Using existing EHCache named [sys-config]
19:06:23.038 [SimpleAsyncTaskExecutor-1] INFO  c.r.m.l.ReceiveMsgListener - [getdelayMsg,101] - MQ接收消息时间:2022-10-26 19:06:23,消息内容:{"loginTime":1666782352988,"loginIp":"1.204.219.129","loginUserId":1,"params":{},"loginOperation":"用户登录"}
19:06:23.038 [SimpleAsyncTaskExecutor-1] INFO  c.r.m.l.ReceiveMsgListener - [getdelayMsg,102] - ------->这里实现登录通知...
19:16:10.104 [restartedMain] INFO  c.r.RuoYiApplication - [logStarting,50] - Starting RuoYiApplication on DESKTOP-FFK6TV4 with PID 15404 (D:\RuoYi\RuoYi-ES-master\RuoYi\ruoyi-admin\target\classes started by Admin in D:\RuoYi\RuoYi-ES-master)
19:16:10.109 [restartedMain] INFO  c.r.RuoYiApplication - [logStartupProfileInfo,679] - The following profiles are active: druid
19:16:14.447 [restartedMain] INFO  o.a.s.c.e.EhCacheManager - [getCache,158] - Cache with name 'com.ruoyi.framework.shiro.realm.UserRealm.authorizationCache' does not yet exist.  Creating now.
19:16:14.448 [restartedMain] INFO  o.a.s.c.e.EhCacheManager - [getCache,165] - Added EhCache named [com.ruoyi.framework.shiro.realm.UserRealm.authorizationCache]
19:16:15.406 [restartedMain] INFO  o.a.s.c.e.EhCacheManager - [getCache,169] - Using existing EHCache named [loginRecordCache]
19:16:16.123 [restartedMain] INFO  c.a.d.p.DruidDataSource - [init,991] - {dataSource-1} inited
19:16:16.237 [restartedMain] INFO  o.a.s.c.e.EhCacheManager - [getCache,169] - Using existing EHCache named [sys-config]
19:16:16.240 [restartedMain] INFO  o.a.s.c.e.EhCacheManager - [getCache,169] - Using existing EHCache named [sys-config]
19:16:16.241 [restartedMain] INFO  o.a.s.c.e.EhCacheManager - [getCache,169] - Using existing EHCache named [sys-config]
19:16:16.242 [restartedMain] INFO  o.a.s.c.e.EhCacheManager - [getCache,169] - Using existing EHCache named [sys-config]
19:16:16.410 [restartedMain] INFO  o.a.s.c.e.EhCacheManager - [getCache,169] - Using existing EHCache named [sys-userCache]
19:16:16.410 [restartedMain] INFO  o.a.s.c.e.EhCacheManager - [getCache,169] - Using existing EHCache named [sys-userCache]
19:16:17.043 [restartedMain] INFO  o.a.c.h.Http11NioProtocol - [log,173] - Initializing ProtocolHandler ["http-nio-8088"]
19:16:17.053 [restartedMain] INFO  o.a.c.c.StandardService - [log,173] - Starting service [Tomcat]
19:16:17.053 [restartedMain] INFO  o.a.c.c.StandardEngine - [log,173] - Starting Servlet Engine: Apache Tomcat/9.0.13
19:16:17.060 [restartedMain] INFO  o.a.c.c.AprLifecycleListener - [log,173] - The APR based Apache Tomcat Native library which allows optimal performance in production environments was not found on the java.library.path: [D:\Java\jdk_8.0.1310.11_64\bin;C:\Windows\Sun\Java\bin;C:\Windows\system32;C:\Windows;E:\Oracle\WINDOWS.X64_193000_db_home\bin;D:\VMware\VMware Workstation\bin\;D:\java\jdk_8.0.1310.11_64\bin;C:\ProgramData\Oracle\Java\javapath;C:\Windows\system32;C:\Windows;C:\Windows\System32\Wbem;C:\Windows\System32\WindowsPowerShell\v1.0\;C:\Windows\System32\OpenSSH\;D:\git\Git\cmd;D:\mysql-8.0.29-winx64\mysql-8.0.29-winx64\bin;D:\mysql-8.0.29-winx64\mysql-8.0.29-winx64;D:\JetBrains\IntelliJ IDEA 2021.3.2\plugins\maven\lib\maven3\bin;D:\nvm\nvm;D:\Program Files\nodejs;D:\git\Git\bin;C:\Program Files (x86)\Windows Kits\8.1\Windows Performance Toolkit\;D:\nvm\nvm\v16.14.2\node_modules\yarn\bin;D:\nvm\nvm\v16.14.2\node_modules\npm\bin;D:\nvm\nvm\v16.14.2;D:\Program Files\rabbitmq\rabbitmq_server-3.7.14\sbin;D:\Users\Admin\AppData\Local\Programs\Python\Python310\Scripts\;D:\Users\Admin\AppData\Local\Programs\Python\Python310\;C:\Users\Admin\.windows-build-tools\python27\;C:\Users\Admin\.windows-build-tools\python27\;C:\Users\Admin\AppData\Local\Microsoft\WindowsApps;node_global;D:\Users\Admin\AppData\Local\Programs\Microsoft VS Code\bin;D:\nvm\nvm;D:\nvm\nvm;D:\Program Files\nodejs;.]
19:16:17.307 [restartedMain] INFO  o.a.c.c.C.[.[.[/] - [log,173] - Initializing Spring embedded WebApplicationContext
19:16:17.751 [restartedMain] INFO  o.h.j.i.u.LogHelper - [logPersistenceUnitInformation,31] - HHH000204: Processing PersistenceUnitInfo [
	name: default
	...]
19:16:17.887 [restartedMain] INFO  o.hibernate.Version - [logVersion,46] - HHH000412: Hibernate Core {5.3.7.Final}
19:16:17.892 [restartedMain] INFO  o.h.cfg.Environment - [<clinit>,213] - HHH000206: hibernate.properties not found
19:16:18.128 [restartedMain] INFO  o.h.a.common.Version - [<clinit>,49] - HCANN000001: Hibernate Commons Annotations {5.0.4.Final}
19:16:18.487 [restartedMain] INFO  o.h.dialect.Dialect - [<init>,157] - HHH000400: Using dialect: org.hibernate.dialect.MySQL5Dialect
19:16:19.816 [restartedMain] INFO  o.a.s.c.e.EhCacheManager - [getCache,169] - Using existing EHCache named [sys-dict]
19:16:19.819 [restartedMain] INFO  o.a.s.c.e.EhCacheManager - [getCache,169] - Using existing EHCache named [sys-dict]
19:16:19.822 [restartedMain] INFO  o.a.s.c.e.EhCacheManager - [getCache,169] - Using existing EHCache named [sys-dict]
19:16:19.825 [restartedMain] INFO  o.a.s.c.e.EhCacheManager - [getCache,169] - Using existing EHCache named [sys-dict]
19:16:19.827 [restartedMain] INFO  o.a.s.c.e.EhCacheManager - [getCache,169] - Using existing EHCache named [sys-dict]
19:16:19.830 [restartedMain] INFO  o.a.s.c.e.EhCacheManager - [getCache,169] - Using existing EHCache named [sys-dict]
19:16:19.833 [restartedMain] INFO  o.a.s.c.e.EhCacheManager - [getCache,169] - Using existing EHCache named [sys-dict]
19:16:19.837 [restartedMain] INFO  o.a.s.c.e.EhCacheManager - [getCache,169] - Using existing EHCache named [sys-dict]
19:16:19.841 [restartedMain] INFO  o.a.s.c.e.EhCacheManager - [getCache,169] - Using existing EHCache named [sys-dict]
19:16:19.844 [restartedMain] INFO  o.a.s.c.e.EhCacheManager - [getCache,169] - Using existing EHCache named [sys-dict]
19:16:20.750 [restartedMain] INFO  o.e.p.PluginsService - [logPluginInfo,190] - no modules loaded
19:16:20.751 [restartedMain] INFO  o.e.p.PluginsService - [logPluginInfo,193] - loaded plugin [org.elasticsearch.index.reindex.ReindexPlugin]
19:16:20.751 [restartedMain] INFO  o.e.p.PluginsService - [logPluginInfo,193] - loaded plugin [org.elasticsearch.join.ParentJoinPlugin]
19:16:20.751 [restartedMain] INFO  o.e.p.PluginsService - [logPluginInfo,193] - loaded plugin [org.elasticsearch.percolator.PercolatorPlugin]
19:16:20.752 [restartedMain] INFO  o.e.p.PluginsService - [logPluginInfo,193] - loaded plugin [org.elasticsearch.script.mustache.MustachePlugin]
19:16:20.752 [restartedMain] INFO  o.e.p.PluginsService - [logPluginInfo,193] - loaded plugin [org.elasticsearch.transport.Netty4Plugin]
19:16:54.121 [restartedMain] INFO  s.d.s.w.PropertySourcedRequestMappingHandlerMapping - [initHandlerMethods,69] - Mapped URL path [/v2/api-docs] onto method [public org.springframework.http.ResponseEntity<springfox.documentation.spring.web.json.Json> springfox.documentation.swagger2.web.Swagger2Controller.getDocumentation(java.lang.String,javax.servlet.http.HttpServletRequest)]
19:16:55.820 [restartedMain] INFO  s.d.s.w.p.DocumentationPluginsBootstrapper - [start,160] - Context refreshed
19:16:55.835 [restartedMain] INFO  s.d.s.w.p.DocumentationPluginsBootstrapper - [start,163] - Found 1 custom documentation plugin(s)
19:16:55.879 [restartedMain] INFO  s.d.s.w.s.ApiListingReferenceScanner - [scan,41] - Scanning for api listing references
19:16:56.200 [restartedMain] INFO  o.a.c.h.Http11NioProtocol - [log,173] - Starting ProtocolHandler ["http-nio-8088"]
19:16:56.201 [restartedMain] INFO  o.a.t.u.n.NioSelectorPool - [log,173] - Using a shared selector for servlet write/read
19:16:56.226 [restartedMain] INFO  c.r.RuoYiApplication - [logStarted,59] - Started RuoYiApplication in 46.809 seconds (JVM running for 48.941)
22:12:40.111 [restartedMain] INFO  c.r.RuoYiApplication - [logStarting,50] - Starting RuoYiApplication on DESKTOP-FFK6TV4 with PID 17660 (D:\RuoYi\RuoYi-ES-master\RuoYi\ruoyi-admin\target\classes started by Admin in D:\RuoYi\RuoYi-ES-master)
22:12:40.116 [restartedMain] INFO  c.r.RuoYiApplication - [logStartupProfileInfo,679] - The following profiles are active: druid
22:12:44.238 [restartedMain] INFO  o.a.s.c.e.EhCacheManager - [getCache,158] - Cache with name 'com.ruoyi.framework.shiro.realm.UserRealm.authorizationCache' does not yet exist.  Creating now.
22:12:44.238 [restartedMain] INFO  o.a.s.c.e.EhCacheManager - [getCache,165] - Added EhCache named [com.ruoyi.framework.shiro.realm.UserRealm.authorizationCache]
22:12:45.134 [restartedMain] INFO  o.a.s.c.e.EhCacheManager - [getCache,169] - Using existing EHCache named [loginRecordCache]
22:12:45.852 [restartedMain] INFO  c.a.d.p.DruidDataSource - [init,991] - {dataSource-1} inited
22:12:45.988 [restartedMain] INFO  o.a.s.c.e.EhCacheManager - [getCache,169] - Using existing EHCache named [sys-config]
22:12:45.992 [restartedMain] INFO  o.a.s.c.e.EhCacheManager - [getCache,169] - Using existing EHCache named [sys-config]
22:12:45.993 [restartedMain] INFO  o.a.s.c.e.EhCacheManager - [getCache,169] - Using existing EHCache named [sys-config]
22:12:45.993 [restartedMain] INFO  o.a.s.c.e.EhCacheManager - [getCache,169] - Using existing EHCache named [sys-config]
22:12:46.127 [restartedMain] INFO  o.a.s.c.e.EhCacheManager - [getCache,169] - Using existing EHCache named [sys-userCache]
22:12:46.128 [restartedMain] INFO  o.a.s.c.e.EhCacheManager - [getCache,169] - Using existing EHCache named [sys-userCache]
22:12:46.686 [restartedMain] INFO  o.a.c.h.Http11NioProtocol - [log,173] - Initializing ProtocolHandler ["http-nio-8088"]
22:12:46.695 [restartedMain] INFO  o.a.c.c.StandardService - [log,173] - Starting service [Tomcat]
22:12:46.695 [restartedMain] INFO  o.a.c.c.StandardEngine - [log,173] - Starting Servlet Engine: Apache Tomcat/9.0.13
22:12:46.701 [restartedMain] INFO  o.a.c.c.AprLifecycleListener - [log,173] - The APR based Apache Tomcat Native library which allows optimal performance in production environments was not found on the java.library.path: [D:\Java\jdk_8.0.1310.11_64\bin;C:\Windows\Sun\Java\bin;C:\Windows\system32;C:\Windows;E:\Oracle\WINDOWS.X64_193000_db_home\bin;D:\VMware\VMware Workstation\bin\;D:\java\jdk_8.0.1310.11_64\bin;C:\ProgramData\Oracle\Java\javapath;C:\Windows\system32;C:\Windows;C:\Windows\System32\Wbem;C:\Windows\System32\WindowsPowerShell\v1.0\;C:\Windows\System32\OpenSSH\;D:\git\Git\cmd;D:\mysql-8.0.29-winx64\mysql-8.0.29-winx64\bin;D:\mysql-8.0.29-winx64\mysql-8.0.29-winx64;D:\JetBrains\IntelliJ IDEA 2021.3.2\plugins\maven\lib\maven3\bin;D:\nvm\nvm;D:\Program Files\nodejs;D:\git\Git\bin;C:\Program Files (x86)\Windows Kits\8.1\Windows Performance Toolkit\;D:\nvm\nvm\v16.14.2\node_modules\yarn\bin;D:\nvm\nvm\v16.14.2\node_modules\npm\bin;D:\nvm\nvm\v16.14.2;D:\Program Files\rabbitmq\rabbitmq_server-3.7.14\sbin;D:\Users\Admin\AppData\Local\Programs\Python\Python310\Scripts\;D:\Users\Admin\AppData\Local\Programs\Python\Python310\;C:\Users\Admin\.windows-build-tools\python27\;C:\Users\Admin\.windows-build-tools\python27\;C:\Users\Admin\AppData\Local\Microsoft\WindowsApps;node_global;D:\Users\Admin\AppData\Local\Programs\Microsoft VS Code\bin;D:\nvm\nvm;D:\nvm\nvm;D:\Program Files\nodejs;.]
22:12:46.912 [restartedMain] INFO  o.a.c.c.C.[.[.[/] - [log,173] - Initializing Spring embedded WebApplicationContext
22:12:47.322 [restartedMain] INFO  o.h.j.i.u.LogHelper - [logPersistenceUnitInformation,31] - HHH000204: Processing PersistenceUnitInfo [
	name: default
	...]
22:12:47.439 [restartedMain] INFO  o.hibernate.Version - [logVersion,46] - HHH000412: Hibernate Core {5.3.7.Final}
22:12:47.443 [restartedMain] INFO  o.h.cfg.Environment - [<clinit>,213] - HHH000206: hibernate.properties not found
22:12:47.661 [restartedMain] INFO  o.h.a.common.Version - [<clinit>,49] - HCANN000001: Hibernate Commons Annotations {5.0.4.Final}
22:12:47.992 [restartedMain] INFO  o.h.dialect.Dialect - [<init>,157] - HHH000400: Using dialect: org.hibernate.dialect.MySQL5Dialect
22:12:49.327 [restartedMain] INFO  o.a.s.c.e.EhCacheManager - [getCache,169] - Using existing EHCache named [sys-dict]
22:12:49.330 [restartedMain] INFO  o.a.s.c.e.EhCacheManager - [getCache,169] - Using existing EHCache named [sys-dict]
22:12:49.332 [restartedMain] INFO  o.a.s.c.e.EhCacheManager - [getCache,169] - Using existing EHCache named [sys-dict]
22:12:49.335 [restartedMain] INFO  o.a.s.c.e.EhCacheManager - [getCache,169] - Using existing EHCache named [sys-dict]
22:12:49.337 [restartedMain] INFO  o.a.s.c.e.EhCacheManager - [getCache,169] - Using existing EHCache named [sys-dict]
22:12:49.339 [restartedMain] INFO  o.a.s.c.e.EhCacheManager - [getCache,169] - Using existing EHCache named [sys-dict]
22:12:49.341 [restartedMain] INFO  o.a.s.c.e.EhCacheManager - [getCache,169] - Using existing EHCache named [sys-dict]
22:12:49.345 [restartedMain] INFO  o.a.s.c.e.EhCacheManager - [getCache,169] - Using existing EHCache named [sys-dict]
22:12:49.349 [restartedMain] INFO  o.a.s.c.e.EhCacheManager - [getCache,169] - Using existing EHCache named [sys-dict]
22:12:49.351 [restartedMain] INFO  o.a.s.c.e.EhCacheManager - [getCache,169] - Using existing EHCache named [sys-dict]
22:12:50.115 [restartedMain] INFO  o.e.p.PluginsService - [logPluginInfo,190] - no modules loaded
22:12:50.116 [restartedMain] INFO  o.e.p.PluginsService - [logPluginInfo,193] - loaded plugin [org.elasticsearch.index.reindex.ReindexPlugin]
22:12:50.116 [restartedMain] INFO  o.e.p.PluginsService - [logPluginInfo,193] - loaded plugin [org.elasticsearch.join.ParentJoinPlugin]
22:12:50.116 [restartedMain] INFO  o.e.p.PluginsService - [logPluginInfo,193] - loaded plugin [org.elasticsearch.percolator.PercolatorPlugin]
22:12:50.116 [restartedMain] INFO  o.e.p.PluginsService - [logPluginInfo,193] - loaded plugin [org.elasticsearch.script.mustache.MustachePlugin]
22:12:50.116 [restartedMain] INFO  o.e.p.PluginsService - [logPluginInfo,193] - loaded plugin [org.elasticsearch.transport.Netty4Plugin]
22:13:23.159 [restartedMain] INFO  s.d.s.w.PropertySourcedRequestMappingHandlerMapping - [initHandlerMethods,69] - Mapped URL path [/v2/api-docs] onto method [public org.springframework.http.ResponseEntity<springfox.documentation.spring.web.json.Json> springfox.documentation.swagger2.web.Swagger2Controller.getDocumentation(java.lang.String,javax.servlet.http.HttpServletRequest)]
22:13:24.686 [restartedMain] INFO  s.d.s.w.p.DocumentationPluginsBootstrapper - [start,160] - Context refreshed
22:13:24.699 [restartedMain] INFO  s.d.s.w.p.DocumentationPluginsBootstrapper - [start,163] - Found 1 custom documentation plugin(s)
22:13:24.741 [restartedMain] INFO  s.d.s.w.s.ApiListingReferenceScanner - [scan,41] - Scanning for api listing references
22:13:25.035 [restartedMain] INFO  o.a.c.h.Http11NioProtocol - [log,173] - Starting ProtocolHandler ["http-nio-8088"]
22:13:25.036 [restartedMain] INFO  o.a.t.u.n.NioSelectorPool - [log,173] - Using a shared selector for servlet write/read
22:13:25.058 [restartedMain] INFO  c.r.RuoYiApplication - [logStarted,59] - Started RuoYiApplication in 45.551 seconds (JVM running for 47.285)
22:13:33.430 [http-nio-8088-exec-1] INFO  o.a.c.c.C.[.[.[/] - [log,173] - Initializing Spring DispatcherServlet 'dispatcherServlet'
22:13:33.465 [http-nio-8088-exec-1] INFO  o.a.s.s.m.AbstractValidatingSessionManager - [enableSessionValidation,233] - Enabling session validation scheduler...
22:13:33.468 [http-nio-8088-exec-1] INFO  o.a.s.c.e.EhCacheManager - [getCache,169] - Using existing EHCache named [shiro-activeSessionCache]
22:13:34.059 [http-nio-8088-exec-4] INFO  o.a.s.c.e.EhCacheManager - [getCache,169] - Using existing EHCache named [sys-config]
22:13:34.477 [schedule-pool-1] INFO  c.r.f.s.w.s.OnlineWebSessionManager - [validateSessions,100] - invalidation sessions...
22:13:34.482 [schedule-pool-1] INFO  c.r.f.s.w.s.OnlineWebSessionManager - [validateSessions,159] - Finished invalidation session. No sessions were stopped.
22:13:35.220 [schedule-pool-2] INFO  sys-user - [run,109] - [127.0.0.1]内网IP[admin][Success][登录成功]
22:13:35.620 [http-nio-8088-exec-2] INFO  o.a.s.c.e.EhCacheManager - [getCache,169] - Using existing EHCache named [sys-config]
22:13:35.620 [http-nio-8088-exec-2] INFO  o.a.s.c.e.EhCacheManager - [getCache,169] - Using existing EHCache named [sys-config]
22:14:05.168 [SimpleAsyncTaskExecutor-1] INFO  c.r.m.l.ReceiveMsgListener - [getdelayMsg,101] - MQ接收消息时间:2022-10-26 22:14:05,消息内容:{"loginTime":1666793615096,"loginIp":"1.204.219.129","loginUserId":1,"params":{},"loginOperation":"用户登录"}
22:14:05.168 [SimpleAsyncTaskExecutor-1] INFO  c.r.m.l.ReceiveMsgListener - [getdelayMsg,102] - ------->这里实现登录通知...
22:22:26.162 [restartedMain] INFO  c.r.RuoYiApplication - [logStarting,50] - Starting RuoYiApplication on DESKTOP-FFK6TV4 with PID 8200 (D:\RuoYi\RuoYi-ES-master\RuoYi\ruoyi-admin\target\classes started by Admin in D:\RuoYi\RuoYi-ES-master)
22:22:26.167 [restartedMain] INFO  c.r.RuoYiApplication - [logStartupProfileInfo,679] - The following profiles are active: druid
22:22:30.192 [restartedMain] INFO  o.a.s.c.e.EhCacheManager - [getCache,158] - Cache with name 'com.ruoyi.framework.shiro.realm.UserRealm.authorizationCache' does not yet exist.  Creating now.
22:22:30.193 [restartedMain] INFO  o.a.s.c.e.EhCacheManager - [getCache,165] - Added EhCache named [com.ruoyi.framework.shiro.realm.UserRealm.authorizationCache]
22:22:31.174 [restartedMain] INFO  o.a.s.c.e.EhCacheManager - [getCache,169] - Using existing EHCache named [loginRecordCache]
22:22:31.837 [restartedMain] INFO  c.a.d.p.DruidDataSource - [init,991] - {dataSource-1} inited
22:22:31.939 [restartedMain] INFO  o.a.s.c.e.EhCacheManager - [getCache,169] - Using existing EHCache named [sys-config]
22:22:31.943 [restartedMain] INFO  o.a.s.c.e.EhCacheManager - [getCache,169] - Using existing EHCache named [sys-config]
22:22:31.943 [restartedMain] INFO  o.a.s.c.e.EhCacheManager - [getCache,169] - Using existing EHCache named [sys-config]
22:22:31.944 [restartedMain] INFO  o.a.s.c.e.EhCacheManager - [getCache,169] - Using existing EHCache named [sys-config]
22:22:32.083 [restartedMain] INFO  o.a.s.c.e.EhCacheManager - [getCache,169] - Using existing EHCache named [sys-userCache]
22:22:32.083 [restartedMain] INFO  o.a.s.c.e.EhCacheManager - [getCache,169] - Using existing EHCache named [sys-userCache]
22:22:32.638 [restartedMain] INFO  o.a.c.h.Http11NioProtocol - [log,173] - Initializing ProtocolHandler ["http-nio-8088"]
22:22:32.647 [restartedMain] INFO  o.a.c.c.StandardService - [log,173] - Starting service [Tomcat]
22:22:32.647 [restartedMain] INFO  o.a.c.c.StandardEngine - [log,173] - Starting Servlet Engine: Apache Tomcat/9.0.13
22:22:32.653 [restartedMain] INFO  o.a.c.c.AprLifecycleListener - [log,173] - The APR based Apache Tomcat Native library which allows optimal performance in production environments was not found on the java.library.path: [D:\Java\jdk_8.0.1310.11_64\bin;C:\Windows\Sun\Java\bin;C:\Windows\system32;C:\Windows;E:\Oracle\WINDOWS.X64_193000_db_home\bin;D:\VMware\VMware Workstation\bin\;D:\java\jdk_8.0.1310.11_64\bin;C:\ProgramData\Oracle\Java\javapath;C:\Windows\system32;C:\Windows;C:\Windows\System32\Wbem;C:\Windows\System32\WindowsPowerShell\v1.0\;C:\Windows\System32\OpenSSH\;D:\git\Git\cmd;D:\mysql-8.0.29-winx64\mysql-8.0.29-winx64\bin;D:\mysql-8.0.29-winx64\mysql-8.0.29-winx64;D:\JetBrains\IntelliJ IDEA 2021.3.2\plugins\maven\lib\maven3\bin;D:\nvm\nvm;D:\Program Files\nodejs;D:\git\Git\bin;C:\Program Files (x86)\Windows Kits\8.1\Windows Performance Toolkit\;D:\nvm\nvm\v16.14.2\node_modules\yarn\bin;D:\nvm\nvm\v16.14.2\node_modules\npm\bin;D:\nvm\nvm\v16.14.2;D:\Program Files\rabbitmq\rabbitmq_server-3.7.14\sbin;D:\Users\Admin\AppData\Local\Programs\Python\Python310\Scripts\;D:\Users\Admin\AppData\Local\Programs\Python\Python310\;C:\Users\Admin\.windows-build-tools\python27\;C:\Users\Admin\.windows-build-tools\python27\;C:\Users\Admin\AppData\Local\Microsoft\WindowsApps;node_global;D:\Users\Admin\AppData\Local\Programs\Microsoft VS Code\bin;D:\nvm\nvm;D:\nvm\nvm;D:\Program Files\nodejs;.]
22:22:32.869 [restartedMain] INFO  o.a.c.c.C.[.[.[/] - [log,173] - Initializing Spring embedded WebApplicationContext
22:22:33.270 [restartedMain] INFO  o.h.j.i.u.LogHelper - [logPersistenceUnitInformation,31] - HHH000204: Processing PersistenceUnitInfo [
	name: default
	...]
22:22:33.384 [restartedMain] INFO  o.hibernate.Version - [logVersion,46] - HHH000412: Hibernate Core {5.3.7.Final}
22:22:33.388 [restartedMain] INFO  o.h.cfg.Environment - [<clinit>,213] - HHH000206: hibernate.properties not found
22:22:33.597 [restartedMain] INFO  o.h.a.common.Version - [<clinit>,49] - HCANN000001: Hibernate Commons Annotations {5.0.4.Final}
22:22:33.921 [restartedMain] INFO  o.h.dialect.Dialect - [<init>,157] - HHH000400: Using dialect: org.hibernate.dialect.MySQL5Dialect
22:22:35.150 [restartedMain] INFO  o.a.s.c.e.EhCacheManager - [getCache,169] - Using existing EHCache named [sys-dict]
22:22:35.153 [restartedMain] INFO  o.a.s.c.e.EhCacheManager - [getCache,169] - Using existing EHCache named [sys-dict]
22:22:35.156 [restartedMain] INFO  o.a.s.c.e.EhCacheManager - [getCache,169] - Using existing EHCache named [sys-dict]
22:22:35.158 [restartedMain] INFO  o.a.s.c.e.EhCacheManager - [getCache,169] - Using existing EHCache named [sys-dict]
22:22:35.161 [restartedMain] INFO  o.a.s.c.e.EhCacheManager - [getCache,169] - Using existing EHCache named [sys-dict]
22:22:35.163 [restartedMain] INFO  o.a.s.c.e.EhCacheManager - [getCache,169] - Using existing EHCache named [sys-dict]
22:22:35.165 [restartedMain] INFO  o.a.s.c.e.EhCacheManager - [getCache,169] - Using existing EHCache named [sys-dict]
22:22:35.169 [restartedMain] INFO  o.a.s.c.e.EhCacheManager - [getCache,169] - Using existing EHCache named [sys-dict]
22:22:35.172 [restartedMain] INFO  o.a.s.c.e.EhCacheManager - [getCache,169] - Using existing EHCache named [sys-dict]
22:22:35.175 [restartedMain] INFO  o.a.s.c.e.EhCacheManager - [getCache,169] - Using existing EHCache named [sys-dict]
22:22:35.916 [restartedMain] INFO  o.e.p.PluginsService - [logPluginInfo,190] - no modules loaded
22:22:35.917 [restartedMain] INFO  o.e.p.PluginsService - [logPluginInfo,193] - loaded plugin [org.elasticsearch.index.reindex.ReindexPlugin]
22:22:35.917 [restartedMain] INFO  o.e.p.PluginsService - [logPluginInfo,193] - loaded plugin [org.elasticsearch.join.ParentJoinPlugin]
22:22:35.917 [restartedMain] INFO  o.e.p.PluginsService - [logPluginInfo,193] - loaded plugin [org.elasticsearch.percolator.PercolatorPlugin]
22:22:35.918 [restartedMain] INFO  o.e.p.PluginsService - [logPluginInfo,193] - loaded plugin [org.elasticsearch.script.mustache.MustachePlugin]
22:22:35.918 [restartedMain] INFO  o.e.p.PluginsService - [logPluginInfo,193] - loaded plugin [org.elasticsearch.transport.Netty4Plugin]
22:23:09.088 [restartedMain] INFO  s.d.s.w.PropertySourcedRequestMappingHandlerMapping - [initHandlerMethods,69] - Mapped URL path [/v2/api-docs] onto method [public org.springframework.http.ResponseEntity<springfox.documentation.spring.web.json.Json> springfox.documentation.swagger2.web.Swagger2Controller.getDocumentation(java.lang.String,javax.servlet.http.HttpServletRequest)]
22:23:10.665 [restartedMain] INFO  s.d.s.w.p.DocumentationPluginsBootstrapper - [start,160] - Context refreshed
22:23:10.680 [restartedMain] INFO  s.d.s.w.p.DocumentationPluginsBootstrapper - [start,163] - Found 1 custom documentation plugin(s)
22:23:10.726 [restartedMain] INFO  s.d.s.w.s.ApiListingReferenceScanner - [scan,41] - Scanning for api listing references
22:23:11.132 [restartedMain] INFO  o.a.c.h.Http11NioProtocol - [log,173] - Starting ProtocolHandler ["http-nio-8088"]
22:23:11.133 [restartedMain] INFO  o.a.t.u.n.NioSelectorPool - [log,173] - Using a shared selector for servlet write/read
22:23:11.165 [restartedMain] INFO  c.r.RuoYiApplication - [logStarted,59] - Started RuoYiApplication in 45.624 seconds (JVM running for 47.632)
22:24:08.198 [http-nio-8088-exec-1] INFO  o.a.c.c.C.[.[.[/] - [log,173] - Initializing Spring DispatcherServlet 'dispatcherServlet'
22:24:08.238 [http-nio-8088-exec-1] INFO  o.a.s.s.m.AbstractValidatingSessionManager - [enableSessionValidation,233] - Enabling session validation scheduler...
22:24:08.241 [http-nio-8088-exec-1] INFO  o.a.s.c.e.EhCacheManager - [getCache,169] - Using existing EHCache named [shiro-activeSessionCache]
22:24:08.693 [http-nio-8088-exec-3] INFO  o.a.s.c.e.EhCacheManager - [getCache,169] - Using existing EHCache named [sys-config]
22:24:09.242 [schedule-pool-1] INFO  c.r.f.s.w.s.OnlineWebSessionManager - [validateSessions,100] - invalidation sessions...
22:24:09.247 [schedule-pool-1] INFO  c.r.f.s.w.s.OnlineWebSessionManager - [validateSessions,159] - Finished invalidation session. No sessions were stopped.
22:24:10.069 [schedule-pool-2] INFO  sys-user - [run,109] - [127.0.0.1]内网IP[admin][Success][登录成功]
22:24:10.363 [http-nio-8088-exec-4] INFO  o.a.s.c.e.EhCacheManager - [getCache,169] - Using existing EHCache named [sys-config]
22:24:10.364 [http-nio-8088-exec-4] INFO  o.a.s.c.e.EhCacheManager - [getCache,169] - Using existing EHCache named [sys-config]
22:24:40.018 [SimpleAsyncTaskExecutor-1] INFO  c.r.m.l.ReceiveMsgListener - [getdelayMsg,101] - MQ接收消息时间:2022-10-26 22:24:40,消息内容:{"loginTime":1666794249963,"loginIp":"1.204.219.129","loginUserId":1,"params":{},"loginOperation":"用户登录"}
22:24:40.018 [SimpleAsyncTaskExecutor-1] INFO  c.r.m.l.ReceiveMsgListener - [getdelayMsg,102] - ------->这里实现登录通知...
22:24:57.070 [restartedMain] INFO  c.r.RuoYiApplication - [logStarting,50] - Starting RuoYiApplication on DESKTOP-FFK6TV4 with PID 1436 (D:\RuoYi\RuoYi-ES-master\RuoYi\ruoyi-admin\target\classes started by Admin in D:\RuoYi\RuoYi-ES-master)
22:24:57.072 [restartedMain] INFO  c.r.RuoYiApplication - [logStartupProfileInfo,679] - The following profiles are active: druid
22:25:01.145 [restartedMain] INFO  o.a.s.c.e.EhCacheManager - [getCache,158] - Cache with name 'com.ruoyi.framework.shiro.realm.UserRealm.authorizationCache' does not yet exist.  Creating now.
22:25:01.145 [restartedMain] INFO  o.a.s.c.e.EhCacheManager - [getCache,165] - Added EhCache named [com.ruoyi.framework.shiro.realm.UserRealm.authorizationCache]
22:25:02.039 [restartedMain] INFO  o.a.s.c.e.EhCacheManager - [getCache,169] - Using existing EHCache named [loginRecordCache]
22:25:02.661 [restartedMain] INFO  c.a.d.p.DruidDataSource - [init,991] - {dataSource-1} inited
22:25:02.854 [restartedMain] INFO  o.a.s.c.e.EhCacheManager - [getCache,169] - Using existing EHCache named [sys-config]
22:25:02.858 [restartedMain] INFO  o.a.s.c.e.EhCacheManager - [getCache,169] - Using existing EHCache named [sys-config]
22:25:02.858 [restartedMain] INFO  o.a.s.c.e.EhCacheManager - [getCache,169] - Using existing EHCache named [sys-config]
22:25:02.859 [restartedMain] INFO  o.a.s.c.e.EhCacheManager - [getCache,169] - Using existing EHCache named [sys-config]
22:25:02.999 [restartedMain] INFO  o.a.s.c.e.EhCacheManager - [getCache,169] - Using existing EHCache named [sys-userCache]
22:25:02.999 [restartedMain] INFO  o.a.s.c.e.EhCacheManager - [getCache,169] - Using existing EHCache named [sys-userCache]
22:25:03.541 [restartedMain] INFO  o.a.c.h.Http11NioProtocol - [log,173] - Initializing ProtocolHandler ["http-nio-8088"]
22:25:03.553 [restartedMain] INFO  o.a.c.c.StandardService - [log,173] - Starting service [Tomcat]
22:25:03.553 [restartedMain] INFO  o.a.c.c.StandardEngine - [log,173] - Starting Servlet Engine: Apache Tomcat/9.0.13
22:25:03.559 [restartedMain] INFO  o.a.c.c.AprLifecycleListener - [log,173] - The APR based Apache Tomcat Native library which allows optimal performance in production environments was not found on the java.library.path: [D:\Java\jdk_8.0.1310.11_64\bin;C:\Windows\Sun\Java\bin;C:\Windows\system32;C:\Windows;E:\Oracle\WINDOWS.X64_193000_db_home\bin;D:\VMware\VMware Workstation\bin\;D:\java\jdk_8.0.1310.11_64\bin;C:\ProgramData\Oracle\Java\javapath;C:\Windows\system32;C:\Windows;C:\Windows\System32\Wbem;C:\Windows\System32\WindowsPowerShell\v1.0\;C:\Windows\System32\OpenSSH\;D:\git\Git\cmd;D:\mysql-8.0.29-winx64\mysql-8.0.29-winx64\bin;D:\mysql-8.0.29-winx64\mysql-8.0.29-winx64;D:\JetBrains\IntelliJ IDEA 2021.3.2\plugins\maven\lib\maven3\bin;D:\nvm\nvm;D:\Program Files\nodejs;D:\git\Git\bin;C:\Program Files (x86)\Windows Kits\8.1\Windows Performance Toolkit\;D:\nvm\nvm\v16.14.2\node_modules\yarn\bin;D:\nvm\nvm\v16.14.2\node_modules\npm\bin;D:\nvm\nvm\v16.14.2;D:\Program Files\rabbitmq\rabbitmq_server-3.7.14\sbin;D:\Users\Admin\AppData\Local\Programs\Python\Python310\Scripts\;D:\Users\Admin\AppData\Local\Programs\Python\Python310\;C:\Users\Admin\.windows-build-tools\python27\;C:\Users\Admin\.windows-build-tools\python27\;C:\Users\Admin\AppData\Local\Microsoft\WindowsApps;node_global;D:\Users\Admin\AppData\Local\Programs\Microsoft VS Code\bin;D:\nvm\nvm;D:\nvm\nvm;D:\Program Files\nodejs;.]
22:25:03.784 [restartedMain] INFO  o.a.c.c.C.[.[.[/] - [log,173] - Initializing Spring embedded WebApplicationContext
22:25:04.217 [restartedMain] INFO  o.h.j.i.u.LogHelper - [logPersistenceUnitInformation,31] - HHH000204: Processing PersistenceUnitInfo [
	name: default
	...]
22:25:04.309 [restartedMain] INFO  o.hibernate.Version - [logVersion,46] - HHH000412: Hibernate Core {5.3.7.Final}
22:25:04.313 [restartedMain] INFO  o.h.cfg.Environment - [<clinit>,213] - HHH000206: hibernate.properties not found
22:25:04.520 [restartedMain] INFO  o.h.a.common.Version - [<clinit>,49] - HCANN000001: Hibernate Commons Annotations {5.0.4.Final}
22:25:04.845 [restartedMain] INFO  o.h.dialect.Dialect - [<init>,157] - HHH000400: Using dialect: org.hibernate.dialect.MySQL5Dialect
22:25:06.119 [restartedMain] INFO  o.a.s.c.e.EhCacheManager - [getCache,169] - Using existing EHCache named [sys-dict]
22:25:06.122 [restartedMain] INFO  o.a.s.c.e.EhCacheManager - [getCache,169] - Using existing EHCache named [sys-dict]
22:25:06.124 [restartedMain] INFO  o.a.s.c.e.EhCacheManager - [getCache,169] - Using existing EHCache named [sys-dict]
22:25:06.127 [restartedMain] INFO  o.a.s.c.e.EhCacheManager - [getCache,169] - Using existing EHCache named [sys-dict]
22:25:06.129 [restartedMain] INFO  o.a.s.c.e.EhCacheManager - [getCache,169] - Using existing EHCache named [sys-dict]
22:25:06.132 [restartedMain] INFO  o.a.s.c.e.EhCacheManager - [getCache,169] - Using existing EHCache named [sys-dict]
22:25:06.135 [restartedMain] INFO  o.a.s.c.e.EhCacheManager - [getCache,169] - Using existing EHCache named [sys-dict]
22:25:06.139 [restartedMain] INFO  o.a.s.c.e.EhCacheManager - [getCache,169] - Using existing EHCache named [sys-dict]
22:25:06.142 [restartedMain] INFO  o.a.s.c.e.EhCacheManager - [getCache,169] - Using existing EHCache named [sys-dict]
22:25:06.145 [restartedMain] INFO  o.a.s.c.e.EhCacheManager - [getCache,169] - Using existing EHCache named [sys-dict]
22:25:06.888 [restartedMain] INFO  o.e.p.PluginsService - [logPluginInfo,190] - no modules loaded
22:25:06.889 [restartedMain] INFO  o.e.p.PluginsService - [logPluginInfo,193] - loaded plugin [org.elasticsearch.index.reindex.ReindexPlugin]
22:25:06.890 [restartedMain] INFO  o.e.p.PluginsService - [logPluginInfo,193] - loaded plugin [org.elasticsearch.join.ParentJoinPlugin]
22:25:06.890 [restartedMain] INFO  o.e.p.PluginsService - [logPluginInfo,193] - loaded plugin [org.elasticsearch.percolator.PercolatorPlugin]
22:25:06.890 [restartedMain] INFO  o.e.p.PluginsService - [logPluginInfo,193] - loaded plugin [org.elasticsearch.script.mustache.MustachePlugin]
22:25:06.890 [restartedMain] INFO  o.e.p.PluginsService - [logPluginInfo,193] - loaded plugin [org.elasticsearch.transport.Netty4Plugin]
22:25:39.902 [restartedMain] INFO  s.d.s.w.PropertySourcedRequestMappingHandlerMapping - [initHandlerMethods,69] - Mapped URL path [/v2/api-docs] onto method [public org.springframework.http.ResponseEntity<springfox.documentation.spring.web.json.Json> springfox.documentation.swagger2.web.Swagger2Controller.getDocumentation(java.lang.String,javax.servlet.http.HttpServletRequest)]
22:25:41.392 [restartedMain] INFO  s.d.s.w.p.DocumentationPluginsBootstrapper - [start,160] - Context refreshed
22:25:41.406 [restartedMain] INFO  s.d.s.w.p.DocumentationPluginsBootstrapper - [start,163] - Found 1 custom documentation plugin(s)
22:25:41.451 [restartedMain] INFO  s.d.s.w.s.ApiListingReferenceScanner - [scan,41] - Scanning for api listing references
22:25:41.740 [restartedMain] INFO  o.a.c.h.Http11NioProtocol - [log,173] - Starting ProtocolHandler ["http-nio-8088"]
22:25:41.741 [restartedMain] INFO  o.a.t.u.n.NioSelectorPool - [log,173] - Using a shared selector for servlet write/read
22:25:41.763 [restartedMain] INFO  c.r.RuoYiApplication - [logStarted,59] - Started RuoYiApplication in 45.278 seconds (JVM running for 47.277)
22:26:15.631 [http-nio-8088-exec-1] INFO  o.a.c.c.C.[.[.[/] - [log,173] - Initializing Spring DispatcherServlet 'dispatcherServlet'
22:26:15.665 [http-nio-8088-exec-1] INFO  o.a.s.s.m.AbstractValidatingSessionManager - [enableSessionValidation,233] - Enabling session validation scheduler...
22:26:15.668 [http-nio-8088-exec-1] INFO  o.a.s.c.e.EhCacheManager - [getCache,169] - Using existing EHCache named [shiro-activeSessionCache]
22:26:16.103 [http-nio-8088-exec-3] INFO  o.a.s.c.e.EhCacheManager - [getCache,169] - Using existing EHCache named [sys-config]
22:26:16.678 [schedule-pool-1] INFO  c.r.f.s.w.s.OnlineWebSessionManager - [validateSessions,100] - invalidation sessions...
22:26:16.683 [schedule-pool-1] INFO  c.r.f.s.w.s.OnlineWebSessionManager - [validateSessions,159] - Finished invalidation session. No sessions were stopped.
22:26:17.396 [schedule-pool-2] INFO  sys-user - [run,109] - [127.0.0.1]内网IP[admin][Success][登录成功]
22:26:17.874 [http-nio-8088-exec-6] INFO  o.a.s.c.e.EhCacheManager - [getCache,169] - Using existing EHCache named [sys-config]
22:26:17.874 [http-nio-8088-exec-6] INFO  o.a.s.c.e.EhCacheManager - [getCache,169] - Using existing EHCache named [sys-config]
22:26:47.359 [SimpleAsyncTaskExecutor-1] INFO  c.r.m.l.ReceiveMsgListener - [getdelayMsg,101] - MQ接收消息时间:2022-10-26 22:26:47,消息内容:{"loginTime":1666794377295,"loginIp":"1.204.219.129","loginUserId":1,"params":{},"loginOperation":"用户登录"}
22:26:47.359 [SimpleAsyncTaskExecutor-1] INFO  c.r.m.l.ReceiveMsgListener - [getdelayMsg,102] - ------->这里实现登录通知...
22:36:16.675 [schedule-pool-1] INFO  c.r.f.s.w.s.OnlineWebSessionManager - [validateSessions,100] - invalidation sessions...
22:36:16.682 [schedule-pool-1] INFO  c.r.f.s.w.s.OnlineWebSessionManager - [validateSessions,159] - Finished invalidation session. No sessions were stopped.
22:46:16.671 [schedule-pool-2] INFO  c.r.f.s.w.s.OnlineWebSessionManager - [validateSessions,100] - invalidation sessions...
22:46:16.678 [schedule-pool-2] INFO  c.r.f.s.w.s.OnlineWebSessionManager - [validateSessions,159] - Finished invalidation session. No sessions were stopped.
22:56:16.682 [schedule-pool-4] INFO  c.r.f.s.w.s.OnlineWebSessionManager - [validateSessions,100] - invalidation sessions...
22:56:16.687 [schedule-pool-4] INFO  c.r.f.s.w.s.OnlineWebSessionManager - [validateSessions,159] - Finished invalidation session. No sessions were stopped.
23:06:16.672 [schedule-pool-3] INFO  c.r.f.s.w.s.OnlineWebSessionManager - [validateSessions,100] - invalidation sessions...
23:06:16.845 [schedule-pool-3] INFO  c.r.f.s.w.s.OnlineWebSessionManager - [validateSessions,159] - Finished invalidation session. [1] sessions were stopped.
23:16:16.670 [schedule-pool-1] INFO  c.r.f.s.w.s.OnlineWebSessionManager - [validateSessions,100] - invalidation sessions...
23:16:16.676 [schedule-pool-1] INFO  c.r.f.s.w.s.OnlineWebSessionManager - [validateSessions,159] - Finished invalidation session. No sessions were stopped.
23:26:16.680 [schedule-pool-5] INFO  c.r.f.s.w.s.OnlineWebSessionManager - [validateSessions,100] - invalidation sessions...
23:26:16.686 [schedule-pool-5] INFO  c.r.f.s.w.s.OnlineWebSessionManager - [validateSessions,159] - Finished invalidation session. No sessions were stopped.
23:36:16.680 [schedule-pool-2] INFO  c.r.f.s.w.s.OnlineWebSessionManager - [validateSessions,100] - invalidation sessions...
23:36:16.686 [schedule-pool-2] INFO  c.r.f.s.w.s.OnlineWebSessionManager - [validateSessions,159] - Finished invalidation session. No sessions were stopped.
23:46:16.669 [schedule-pool-6] INFO  c.r.f.s.w.s.OnlineWebSessionManager - [validateSessions,100] - invalidation sessions...
23:46:16.675 [schedule-pool-6] INFO  c.r.f.s.w.s.OnlineWebSessionManager - [validateSessions,159] - Finished invalidation session. No sessions were stopped.
23:56:16.681 [schedule-pool-4] INFO  c.r.f.s.w.s.OnlineWebSessionManager - [validateSessions,100] - invalidation sessions...
23:56:16.687 [schedule-pool-4] INFO  c.r.f.s.w.s.OnlineWebSessionManager - [validateSessions,159] - Finished invalidation session. No sessions were stopped.
